	Command being timed: "cellranger count --id=sample_L35463 --transcriptome=/projects/bgmp/shared/2021_projects/Yu/cellranger_build/Mus_musculus.GRCm39.dna.ens104 --fastqs=/projects/bgmp/shared/2021_projects/Yu/BGMP_2021/combined_files_output --sample=L35463 --localcores=16"
	User time (seconds): 8220.91
	System time (seconds): 169.63
	Percent of CPU this job got: 672%
	Elapsed (wall clock) time (h:mm:ss or m:ss): 20:47.70
	Average shared text size (kbytes): 0
	Average unshared data size (kbytes): 0
	Average stack size (kbytes): 0
	Average total size (kbytes): 0
	Maximum resident set size (kbytes): 13110336
	Average resident set size (kbytes): 0
	Major (requiring I/O) page faults: 0
	Minor (reclaiming a frame) page faults: 12440343
	Voluntary context switches: 7354963
	Involuntary context switches: 3769522
	Swaps: 0
	File system inputs: 1120
	File system outputs: 456
	Socket messages sent: 0
	Socket messages received: 0
	Signals delivered: 0
	Page size (bytes): 4096
	Exit status: 0
pigz: skipping: sample_L35463/SC_RNA_COUNTER_CS/SC_MULTI_CORE/MULTI_GEM_WELL_PROCESSOR/COUNT_GEM_WELL_PROCESSOR/_BASIC_SC_RNA_COUNTER/WRITE_POS_BAM/fork0/files is a symbolic link
pigz: skipping: sample_L35463/SC_RNA_COUNTER_CS/SC_MULTI_CORE/MULTI_GEM_WELL_PROCESSOR/COUNT_GEM_WELL_PROCESSOR/_BASIC_SC_RNA_COUNTER/WRITE_POS_BAM/fork0/chnk3 is a symbolic link
pigz: skipping: sample_L35463/SC_RNA_COUNTER_CS/SC_MULTI_CORE/MULTI_GEM_WELL_PROCESSOR/COUNT_GEM_WELL_PROCESSOR/_BASIC_SC_RNA_COUNTER/WRITE_POS_BAM/fork0/join is a symbolic link
pigz: skipping: sample_L35463/SC_RNA_COUNTER_CS/SC_MULTI_CORE/MULTI_GEM_WELL_PROCESSOR/COUNT_GEM_WELL_PROCESSOR/_BASIC_SC_RNA_COUNTER/WRITE_POS_BAM/fork0/chnk0 is a symbolic link
pigz: skipping: sample_L35463/SC_RNA_COUNTER_CS/SC_MULTI_CORE/MULTI_GEM_WELL_PROCESSOR/COUNT_GEM_WELL_PROCESSOR/_BASIC_SC_RNA_COUNTER/WRITE_POS_BAM/fork0/chnk2 is a symbolic link
pigz: skipping: sample_L35463/SC_RNA_COUNTER_CS/SC_MULTI_CORE/MULTI_GEM_WELL_PROCESSOR/COUNT_GEM_WELL_PROCESSOR/_BASIC_SC_RNA_COUNTER/WRITE_POS_BAM/fork0/join-u624f6e3397/files/pos_sorted_non_multiplexed.bam is a symbolic link
pigz: skipping: sample_L35463/SC_RNA_COUNTER_CS/SC_MULTI_CORE/MULTI_GEM_WELL_PROCESSOR/COUNT_GEM_WELL_PROCESSOR/_BASIC_SC_RNA_COUNTER/WRITE_POS_BAM/fork0/join-u624f6e3397/files/pos_sorted_non_multiplexed.bam.bai is a symbolic link
pigz: skipping: sample_L35463/SC_RNA_COUNTER_CS/SC_MULTI_CORE/MULTI_GEM_WELL_PROCESSOR/COUNT_GEM_WELL_PROCESSOR/_BASIC_SC_RNA_COUNTER/WRITE_POS_BAM/fork0/split is a symbolic link
pigz: skipping: sample_L35463/SC_RNA_COUNTER_CS/SC_MULTI_CORE/MULTI_GEM_WELL_PROCESSOR/COUNT_GEM_WELL_PROCESSOR/_BASIC_SC_RNA_COUNTER/WRITE_POS_BAM/fork0/chnk1 is a symbolic link
pigz: skipping: sample_L35463/SC_RNA_COUNTER_CS/SC_MULTI_CORE/MULTI_GEM_WELL_PROCESSOR/COUNT_GEM_WELL_PROCESSOR/_BASIC_SC_RNA_COUNTER/DISABLE_BAMS/fork0/files is a symbolic link
pigz: skipping: sample_L35463/SC_RNA_COUNTER_CS/SC_MULTI_CORE/MULTI_GEM_WELL_PROCESSOR/COUNT_GEM_WELL_PROCESSOR/_BASIC_SC_RNA_COUNTER/DISABLE_BAMS/fork0/chnk0 is a symbolic link
pigz: skipping: sample_L35463/SC_RNA_COUNTER_CS/SC_MULTI_CORE/MULTI_GEM_WELL_PROCESSOR/COUNT_GEM_WELL_PROCESSOR/_BASIC_SC_RNA_COUNTER/_MATRIX_COMPUTER/_SLFE_PARTIAL_FIRST_PASS/INITIAL_ALIGN_AND_COUNT/fork0/files is a symbolic link
pigz: skipping: sample_L35463/SC_RNA_COUNTER_CS/SC_MULTI_CORE/MULTI_GEM_WELL_PROCESSOR/COUNT_GEM_WELL_PROCESSOR/_BASIC_SC_RNA_COUNTER/_MATRIX_COMPUTER/_SLFE_PARTIAL_FIRST_PASS/INITIAL_ALIGN_AND_COUNT/fork0/join is a symbolic link
pigz: skipping: sample_L35463/SC_RNA_COUNTER_CS/SC_MULTI_CORE/MULTI_GEM_WELL_PROCESSOR/COUNT_GEM_WELL_PROCESSOR/_BASIC_SC_RNA_COUNTER/_MATRIX_COMPUTER/_SLFE_PARTIAL_FIRST_PASS/INITIAL_ALIGN_AND_COUNT/fork0/split is a symbolic link
pigz: skipping: sample_L35463/SC_RNA_COUNTER_CS/SC_MULTI_CORE/MULTI_GEM_WELL_PROCESSOR/COUNT_GEM_WELL_PROCESSOR/_BASIC_SC_RNA_COUNTER/_MATRIX_COMPUTER/ALIGN_AND_COUNT/fork0/files is a symbolic link
pigz: skipping: sample_L35463/SC_RNA_COUNTER_CS/SC_MULTI_CORE/MULTI_GEM_WELL_PROCESSOR/COUNT_GEM_WELL_PROCESSOR/_BASIC_SC_RNA_COUNTER/_MATRIX_COMPUTER/ALIGN_AND_COUNT/fork0/chnk3 is a symbolic link
pigz: skipping: sample_L35463/SC_RNA_COUNTER_CS/SC_MULTI_CORE/MULTI_GEM_WELL_PROCESSOR/COUNT_GEM_WELL_PROCESSOR/_BASIC_SC_RNA_COUNTER/_MATRIX_COMPUTER/ALIGN_AND_COUNT/fork0/join is a symbolic link
pigz: skipping: sample_L35463/SC_RNA_COUNTER_CS/SC_MULTI_CORE/MULTI_GEM_WELL_PROCESSOR/COUNT_GEM_WELL_PROCESSOR/_BASIC_SC_RNA_COUNTER/_MATRIX_COMPUTER/ALIGN_AND_COUNT/fork0/chnk0 is a symbolic link
pigz: skipping: sample_L35463/SC_RNA_COUNTER_CS/SC_MULTI_CORE/MULTI_GEM_WELL_PROCESSOR/COUNT_GEM_WELL_PROCESSOR/_BASIC_SC_RNA_COUNTER/_MATRIX_COMPUTER/ALIGN_AND_COUNT/fork0/chnk2 is a symbolic link
pigz: skipping: sample_L35463/SC_RNA_COUNTER_CS/SC_MULTI_CORE/MULTI_GEM_WELL_PROCESSOR/COUNT_GEM_WELL_PROCESSOR/_BASIC_SC_RNA_COUNTER/_MATRIX_COMPUTER/ALIGN_AND_COUNT/fork0/split is a symbolic link
pigz: skipping: sample_L35463/SC_RNA_COUNTER_CS/SC_MULTI_CORE/MULTI_GEM_WELL_PROCESSOR/COUNT_GEM_WELL_PROCESSOR/_BASIC_SC_RNA_COUNTER/_MATRIX_COMPUTER/ALIGN_AND_COUNT/fork0/chnk1 is a symbolic link
pigz: skipping: sample_L35463/SC_RNA_COUNTER_CS/SC_MULTI_CORE/MULTI_GEM_WELL_PROCESSOR/COUNT_GEM_WELL_PROCESSOR/_BASIC_SC_RNA_COUNTER/_MATRIX_COMPUTER/WRITE_MATRIX_MARKET/fork0/files is a symbolic link
pigz: skipping: sample_L35463/SC_RNA_COUNTER_CS/SC_MULTI_CORE/MULTI_GEM_WELL_PROCESSOR/COUNT_GEM_WELL_PROCESSOR/_BASIC_SC_RNA_COUNTER/_MATRIX_COMPUTER/WRITE_MATRIX_MARKET/fork0/chnk0 is a symbolic link
pigz: skipping: sample_L35463/SC_RNA_COUNTER_CS/SC_MULTI_CORE/MULTI_GEM_WELL_PROCESSOR/COUNT_GEM_WELL_PROCESSOR/_BASIC_SC_RNA_COUNTER/_MATRIX_COMPUTER/WRITE_MATRIX_MARKET/fork0/chnk0-u624f6e3397/files/raw_feature_bc_matrix is a symbolic link
pigz: skipping: sample_L35463/SC_RNA_COUNTER_CS/SC_MULTI_CORE/MULTI_GEM_WELL_PROCESSOR/COUNT_GEM_WELL_PROCESSOR/_BASIC_SC_RNA_COUNTER/_MATRIX_COMPUTER/WRITE_BARCODE_INDEX/fork0/files is a symbolic link
pigz: skipping: sample_L35463/SC_RNA_COUNTER_CS/SC_MULTI_CORE/MULTI_GEM_WELL_PROCESSOR/COUNT_GEM_WELL_PROCESSOR/_BASIC_SC_RNA_COUNTER/_MATRIX_COMPUTER/WRITE_BARCODE_INDEX/fork0/chnk0 is a symbolic link
pigz: skipping: sample_L35463/SC_RNA_COUNTER_CS/SC_MULTI_CORE/MULTI_GEM_WELL_PROCESSOR/COUNT_GEM_WELL_PROCESSOR/_BASIC_SC_RNA_COUNTER/_MATRIX_COMPUTER/BARCODE_CORRECTION/fork0/files is a symbolic link
pigz: skipping: sample_L35463/SC_RNA_COUNTER_CS/SC_MULTI_CORE/MULTI_GEM_WELL_PROCESSOR/COUNT_GEM_WELL_PROCESSOR/_BASIC_SC_RNA_COUNTER/_MATRIX_COMPUTER/BARCODE_CORRECTION/fork0/chnk3 is a symbolic link
pigz: skipping: sample_L35463/SC_RNA_COUNTER_CS/SC_MULTI_CORE/MULTI_GEM_WELL_PROCESSOR/COUNT_GEM_WELL_PROCESSOR/_BASIC_SC_RNA_COUNTER/_MATRIX_COMPUTER/BARCODE_CORRECTION/fork0/chnk5 is a symbolic link
pigz: skipping: sample_L35463/SC_RNA_COUNTER_CS/SC_MULTI_CORE/MULTI_GEM_WELL_PROCESSOR/COUNT_GEM_WELL_PROCESSOR/_BASIC_SC_RNA_COUNTER/_MATRIX_COMPUTER/BARCODE_CORRECTION/fork0/join is a symbolic link
pigz: skipping: sample_L35463/SC_RNA_COUNTER_CS/SC_MULTI_CORE/MULTI_GEM_WELL_PROCESSOR/COUNT_GEM_WELL_PROCESSOR/_BASIC_SC_RNA_COUNTER/_MATRIX_COMPUTER/BARCODE_CORRECTION/fork0/chnk0 is a symbolic link
pigz: skipping: sample_L35463/SC_RNA_COUNTER_CS/SC_MULTI_CORE/MULTI_GEM_WELL_PROCESSOR/COUNT_GEM_WELL_PROCESSOR/_BASIC_SC_RNA_COUNTER/_MATRIX_COMPUTER/BARCODE_CORRECTION/fork0/chnk2 is a symbolic link
pigz: skipping: sample_L35463/SC_RNA_COUNTER_CS/SC_MULTI_CORE/MULTI_GEM_WELL_PROCESSOR/COUNT_GEM_WELL_PROCESSOR/_BASIC_SC_RNA_COUNTER/_MATRIX_COMPUTER/BARCODE_CORRECTION/fork0/chnk4 is a symbolic link
pigz: skipping: sample_L35463/SC_RNA_COUNTER_CS/SC_MULTI_CORE/MULTI_GEM_WELL_PROCESSOR/COUNT_GEM_WELL_PROCESSOR/_BASIC_SC_RNA_COUNTER/_MATRIX_COMPUTER/BARCODE_CORRECTION/fork0/split is a symbolic link
pigz: skipping: sample_L35463/SC_RNA_COUNTER_CS/SC_MULTI_CORE/MULTI_GEM_WELL_PROCESSOR/COUNT_GEM_WELL_PROCESSOR/_BASIC_SC_RNA_COUNTER/_MATRIX_COMPUTER/BARCODE_CORRECTION/fork0/chnk1 is a symbolic link
pigz: skipping: sample_L35463/SC_RNA_COUNTER_CS/SC_MULTI_CORE/MULTI_GEM_WELL_PROCESSOR/COUNT_GEM_WELL_PROCESSOR/_BASIC_SC_RNA_COUNTER/_MATRIX_COMPUTER/MAKE_SHARD/fork0/files is a symbolic link
pigz: skipping: sample_L35463/SC_RNA_COUNTER_CS/SC_MULTI_CORE/MULTI_GEM_WELL_PROCESSOR/COUNT_GEM_WELL_PROCESSOR/_BASIC_SC_RNA_COUNTER/_MATRIX_COMPUTER/MAKE_SHARD/fork0/join is a symbolic link
pigz: skipping: sample_L35463/SC_RNA_COUNTER_CS/SC_MULTI_CORE/MULTI_GEM_WELL_PROCESSOR/COUNT_GEM_WELL_PROCESSOR/_BASIC_SC_RNA_COUNTER/_MATRIX_COMPUTER/MAKE_SHARD/fork0/chnk0 is a symbolic link
pigz: skipping: sample_L35463/SC_RNA_COUNTER_CS/SC_MULTI_CORE/MULTI_GEM_WELL_PROCESSOR/COUNT_GEM_WELL_PROCESSOR/_BASIC_SC_RNA_COUNTER/_MATRIX_COMPUTER/MAKE_SHARD/fork0/split is a symbolic link
pigz: skipping: sample_L35463/SC_RNA_COUNTER_CS/SC_MULTI_CORE/MULTI_GEM_WELL_PROCESSOR/COUNT_GEM_WELL_PROCESSOR/_BASIC_SC_RNA_COUNTER/_MATRIX_COMPUTER/SET_ALIGNER_SUBSAMPLE_RATE/fork0/files is a symbolic link
pigz: skipping: sample_L35463/SC_RNA_COUNTER_CS/SC_MULTI_CORE/MULTI_GEM_WELL_PROCESSOR/COUNT_GEM_WELL_PROCESSOR/_BASIC_SC_RNA_COUNTER/_MATRIX_COMPUTER/SET_ALIGNER_SUBSAMPLE_RATE/fork0/chnk0 is a symbolic link
pigz: skipping: sample_L35463/SC_RNA_COUNTER_CS/SC_MULTI_CORE/MULTI_GEM_WELL_PROCESSOR/COUNT_GEM_WELL_PROCESSOR/_BASIC_SC_RNA_COUNTER/_MATRIX_COMPUTER/MERGE_METRICS/fork0/files is a symbolic link
pigz: skipping: sample_L35463/SC_RNA_COUNTER_CS/SC_MULTI_CORE/MULTI_GEM_WELL_PROCESSOR/COUNT_GEM_WELL_PROCESSOR/_BASIC_SC_RNA_COUNTER/_MATRIX_COMPUTER/MERGE_METRICS/fork0/chnk0 is a symbolic link
pigz: skipping: sample_L35463/SC_RNA_COUNTER_CS/SC_MULTI_CORE/MULTI_GEM_WELL_PROCESSOR/COUNT_GEM_WELL_PROCESSOR/_BASIC_SC_RNA_COUNTER/_MATRIX_COMPUTER/WRITE_BARCODE_SUMMARY/fork0/files is a symbolic link
pigz: skipping: sample_L35463/SC_RNA_COUNTER_CS/SC_MULTI_CORE/MULTI_GEM_WELL_PROCESSOR/COUNT_GEM_WELL_PROCESSOR/_BASIC_SC_RNA_COUNTER/_MATRIX_COMPUTER/WRITE_BARCODE_SUMMARY/fork0/chnk0 is a symbolic link
pigz: skipping: sample_L35463/SC_RNA_COUNTER_CS/SC_MULTI_CORE/MULTI_GEM_WELL_PROCESSOR/COUNT_GEM_WELL_PROCESSOR/_BASIC_SC_RNA_COUNTER/_MATRIX_COMPUTER/WRITE_H5_MATRIX/fork0/files is a symbolic link
pigz: skipping: sample_L35463/SC_RNA_COUNTER_CS/SC_MULTI_CORE/MULTI_GEM_WELL_PROCESSOR/COUNT_GEM_WELL_PROCESSOR/_BASIC_SC_RNA_COUNTER/_MATRIX_COMPUTER/WRITE_H5_MATRIX/fork0/chnk0 is a symbolic link
pigz: skipping: sample_L35463/SC_RNA_COUNTER_CS/SC_MULTI_CORE/MULTI_GEM_WELL_PROCESSOR/COUNT_GEM_WELL_PROCESSOR/_BASIC_SC_RNA_COUNTER/_MATRIX_COMPUTER/WRITE_H5_MATRIX/fork0/chnk0-u624f6e3397/files/raw_feature_bc_matrix.h5 is a symbolic link
pigz: skipping: sample_L35463/SC_RNA_COUNTER_CS/SC_MULTI_CORE/MULTI_GEM_WELL_PROCESSOR/COUNT_GEM_WELL_PROCESSOR/_BASIC_SC_RNA_COUNTER/_MATRIX_COMPUTER/COLLATE_METRICS/fork0/files is a symbolic link
pigz: skipping: sample_L35463/SC_RNA_COUNTER_CS/SC_MULTI_CORE/MULTI_GEM_WELL_PROCESSOR/COUNT_GEM_WELL_PROCESSOR/_BASIC_SC_RNA_COUNTER/_MATRIX_COMPUTER/COLLATE_METRICS/fork0/join is a symbolic link
pigz: skipping: sample_L35463/SC_RNA_COUNTER_CS/SC_MULTI_CORE/MULTI_GEM_WELL_PROCESSOR/COUNT_GEM_WELL_PROCESSOR/_BASIC_SC_RNA_COUNTER/_MATRIX_COMPUTER/COLLATE_METRICS/fork0/chnk0 is a symbolic link
pigz: skipping: sample_L35463/SC_RNA_COUNTER_CS/SC_MULTI_CORE/MULTI_GEM_WELL_PROCESSOR/COUNT_GEM_WELL_PROCESSOR/_BASIC_SC_RNA_COUNTER/_MATRIX_COMPUTER/COLLATE_METRICS/fork0/split is a symbolic link
pigz: skipping: sample_L35463/SC_RNA_COUNTER_CS/SC_MULTI_CORE/MULTI_GEM_WELL_PROCESSOR/COUNT_GEM_WELL_PROCESSOR/_BASIC_SC_RNA_COUNTER/MERGE_METRICS/fork0/files is a symbolic link
pigz: skipping: sample_L35463/SC_RNA_COUNTER_CS/SC_MULTI_CORE/MULTI_GEM_WELL_PROCESSOR/COUNT_GEM_WELL_PROCESSOR/_BASIC_SC_RNA_COUNTER/MERGE_METRICS/fork0/chnk0 is a symbolic link
pigz: skipping: sample_L35463/SC_RNA_COUNTER_CS/SC_MULTI_CORE/MULTI_GEM_WELL_PROCESSOR/COUNT_GEM_WELL_PROCESSOR/_BASIC_SC_RNA_COUNTER/MULTI_WRITE_PER_SAMPLE_BAM/fork0/files is a symbolic link
pigz: skipping: sample_L35463/SC_RNA_COUNTER_CS/SC_MULTI_CORE/MULTI_GEM_WELL_PROCESSOR/COUNT_GEM_WELL_PROCESSOR/_BASIC_SC_RNA_COUNTER/MULTI_WRITE_PER_SAMPLE_BAM/fork0/join is a symbolic link
pigz: skipping: sample_L35463/SC_RNA_COUNTER_CS/SC_MULTI_CORE/MULTI_GEM_WELL_PROCESSOR/COUNT_GEM_WELL_PROCESSOR/_BASIC_SC_RNA_COUNTER/MULTI_WRITE_PER_SAMPLE_BAM/fork0/split is a symbolic link
pigz: skipping: sample_L35463/SC_RNA_COUNTER_CS/SC_MULTI_CORE/MULTI_GEM_WELL_PROCESSOR/COUNT_GEM_WELL_PROCESSOR/_BASIC_SC_RNA_COUNTER/MULTI_COLLATE_PER_SAMPLE_METRICS/fork0/files is a symbolic link
pigz: skipping: sample_L35463/SC_RNA_COUNTER_CS/SC_MULTI_CORE/MULTI_GEM_WELL_PROCESSOR/COUNT_GEM_WELL_PROCESSOR/_BASIC_SC_RNA_COUNTER/MULTI_COLLATE_PER_SAMPLE_METRICS/fork0/join is a symbolic link
pigz: skipping: sample_L35463/SC_RNA_COUNTER_CS/SC_MULTI_CORE/MULTI_GEM_WELL_PROCESSOR/COUNT_GEM_WELL_PROCESSOR/_BASIC_SC_RNA_COUNTER/MULTI_COLLATE_PER_SAMPLE_METRICS/fork0/split is a symbolic link
pigz: skipping: sample_L35463/SC_RNA_COUNTER_CS/SC_MULTI_CORE/MULTI_GEM_WELL_PROCESSOR/COUNT_GEM_WELL_PROCESSOR/_BASIC_SC_RNA_COUNTER/FILTER_BARCODES/fork0/files is a symbolic link
pigz: skipping: sample_L35463/SC_RNA_COUNTER_CS/SC_MULTI_CORE/MULTI_GEM_WELL_PROCESSOR/COUNT_GEM_WELL_PROCESSOR/_BASIC_SC_RNA_COUNTER/FILTER_BARCODES/fork0/join is a symbolic link
pigz: skipping: sample_L35463/SC_RNA_COUNTER_CS/SC_MULTI_CORE/MULTI_GEM_WELL_PROCESSOR/COUNT_GEM_WELL_PROCESSOR/_BASIC_SC_RNA_COUNTER/FILTER_BARCODES/fork0/join-u624f6e339e/files/filtered_matrices_mex is a symbolic link
pigz: skipping: sample_L35463/SC_RNA_COUNTER_CS/SC_MULTI_CORE/MULTI_GEM_WELL_PROCESSOR/COUNT_GEM_WELL_PROCESSOR/_BASIC_SC_RNA_COUNTER/FILTER_BARCODES/fork0/join-u624f6e339e/files/filtered_matrices_h5.h5 is a symbolic link
pigz: skipping: sample_L35463/SC_RNA_COUNTER_CS/SC_MULTI_CORE/MULTI_GEM_WELL_PROCESSOR/COUNT_GEM_WELL_PROCESSOR/_BASIC_SC_RNA_COUNTER/FILTER_BARCODES/fork0/split is a symbolic link
pigz: skipping: sample_L35463/SC_RNA_COUNTER_CS/SC_MULTI_CORE/MULTI_GEM_WELL_PROCESSOR/COUNT_GEM_WELL_PROCESSOR/_BASIC_SC_RNA_COUNTER/_CELLS_REPORTER/SUBSAMPLE_READS/fork0/files is a symbolic link
pigz: skipping: sample_L35463/SC_RNA_COUNTER_CS/SC_MULTI_CORE/MULTI_GEM_WELL_PROCESSOR/COUNT_GEM_WELL_PROCESSOR/_BASIC_SC_RNA_COUNTER/_CELLS_REPORTER/SUBSAMPLE_READS/fork0/join is a symbolic link
pigz: skipping: sample_L35463/SC_RNA_COUNTER_CS/SC_MULTI_CORE/MULTI_GEM_WELL_PROCESSOR/COUNT_GEM_WELL_PROCESSOR/_BASIC_SC_RNA_COUNTER/_CELLS_REPORTER/SUBSAMPLE_READS/fork0/chnk0 is a symbolic link
pigz: skipping: sample_L35463/SC_RNA_COUNTER_CS/SC_MULTI_CORE/MULTI_GEM_WELL_PROCESSOR/COUNT_GEM_WELL_PROCESSOR/_BASIC_SC_RNA_COUNTER/_CELLS_REPORTER/SUBSAMPLE_READS/fork0/split is a symbolic link
pigz: skipping: sample_L35463/SC_RNA_COUNTER_CS/SC_MULTI_CORE/MULTI_GEM_WELL_PROCESSOR/COUNT_GEM_WELL_PROCESSOR/_BASIC_SC_RNA_COUNTER/_CELLS_REPORTER/SUBSAMPLE_READS/fork0/chnk1 is a symbolic link
pigz: skipping: sample_L35463/SC_RNA_COUNTER_CS/SC_MULTI_CORE/MULTI_GEM_WELL_PROCESSOR/COUNT_GEM_WELL_PROCESSOR/_BASIC_SC_RNA_COUNTER/_CELLS_REPORTER/WRITE_MOLECULE_INFO/fork0/files is a symbolic link
pigz: skipping: sample_L35463/SC_RNA_COUNTER_CS/SC_MULTI_CORE/MULTI_GEM_WELL_PROCESSOR/COUNT_GEM_WELL_PROCESSOR/_BASIC_SC_RNA_COUNTER/_CELLS_REPORTER/WRITE_MOLECULE_INFO/fork0/chnk0-u624f6e33e6/files/molecule_info_non_multiplexed.h5 is a symbolic link
pigz: skipping: sample_L35463/SC_RNA_COUNTER_CS/SC_MULTI_CORE/MULTI_GEM_WELL_PROCESSOR/COUNT_GEM_WELL_PROCESSOR/_BASIC_SC_RNA_COUNTER/_CELLS_REPORTER/WRITE_MOLECULE_INFO/fork0/chnk0 is a symbolic link
pigz: skipping: sample_L35463/SC_RNA_COUNTER_CS/SC_MULTI_CORE/MULTI_GEM_WELL_PROCESSOR/COUNT_GEM_WELL_PROCESSOR/_BASIC_SC_RNA_COUNTER/_CELLS_REPORTER/SUMMARIZE_BASIC_REPORTS/fork0/files is a symbolic link
pigz: skipping: sample_L35463/SC_RNA_COUNTER_CS/SC_MULTI_CORE/MULTI_GEM_WELL_PROCESSOR/COUNT_GEM_WELL_PROCESSOR/_BASIC_SC_RNA_COUNTER/_CELLS_REPORTER/SUMMARIZE_BASIC_REPORTS/fork0/join is a symbolic link
pigz: skipping: sample_L35463/SC_RNA_COUNTER_CS/SC_MULTI_CORE/MULTI_GEM_WELL_PROCESSOR/COUNT_GEM_WELL_PROCESSOR/_BASIC_SC_RNA_COUNTER/_CELLS_REPORTER/SUMMARIZE_BASIC_REPORTS/fork0/split is a symbolic link
pigz: skipping: sample_L35463/SC_RNA_COUNTER_CS/SC_MULTI_CORE/MULTI_GEM_WELL_PROCESSOR/COUNT_GEM_WELL_PROCESSOR/_BASIC_SC_RNA_COUNTER/MULTI_WRITE_PER_SAMPLE_MATRICES/fork0/files is a symbolic link
pigz: skipping: sample_L35463/SC_RNA_COUNTER_CS/SC_MULTI_CORE/MULTI_GEM_WELL_PROCESSOR/COUNT_GEM_WELL_PROCESSOR/_BASIC_SC_RNA_COUNTER/MULTI_WRITE_PER_SAMPLE_MATRICES/fork0/join is a symbolic link
pigz: skipping: sample_L35463/SC_RNA_COUNTER_CS/SC_MULTI_CORE/MULTI_GEM_WELL_PROCESSOR/COUNT_GEM_WELL_PROCESSOR/_BASIC_SC_RNA_COUNTER/MULTI_WRITE_PER_SAMPLE_MATRICES/fork0/split is a symbolic link
pigz: skipping: sample_L35463/SC_RNA_COUNTER_CS/SC_MULTI_CORE/MULTI_GEM_WELL_PROCESSOR/COUNT_GEM_WELL_PROCESSOR/_BASIC_SC_RNA_COUNTER/_ASSIGN_TAGS/CALL_TAGS_JIBES/fork0/files is a symbolic link
pigz: skipping: sample_L35463/SC_RNA_COUNTER_CS/SC_MULTI_CORE/MULTI_GEM_WELL_PROCESSOR/COUNT_GEM_WELL_PROCESSOR/_BASIC_SC_RNA_COUNTER/_ASSIGN_TAGS/CALL_TAGS_JIBES/fork0/join is a symbolic link
pigz: skipping: sample_L35463/SC_RNA_COUNTER_CS/SC_MULTI_CORE/MULTI_GEM_WELL_PROCESSOR/COUNT_GEM_WELL_PROCESSOR/_BASIC_SC_RNA_COUNTER/_ASSIGN_TAGS/CALL_TAGS_JIBES/fork0/split is a symbolic link
pigz: skipping: sample_L35463/SC_RNA_COUNTER_CS/SC_MULTI_CORE/MULTI_GEM_WELL_PROCESSOR/COUNT_GEM_WELL_PROCESSOR/_BASIC_SC_RNA_COUNTER/_ASSIGN_TAGS/INFER_GEM_WELL_THROUGHPUT/fork0/files is a symbolic link
pigz: skipping: sample_L35463/SC_RNA_COUNTER_CS/SC_MULTI_CORE/MULTI_GEM_WELL_PROCESSOR/COUNT_GEM_WELL_PROCESSOR/_BASIC_SC_RNA_COUNTER/_ASSIGN_TAGS/INFER_GEM_WELL_THROUGHPUT/fork0/join is a symbolic link
pigz: skipping: sample_L35463/SC_RNA_COUNTER_CS/SC_MULTI_CORE/MULTI_GEM_WELL_PROCESSOR/COUNT_GEM_WELL_PROCESSOR/_BASIC_SC_RNA_COUNTER/_ASSIGN_TAGS/INFER_GEM_WELL_THROUGHPUT/fork0/split is a symbolic link
pigz: skipping: sample_L35463/SC_RNA_COUNTER_CS/SC_MULTI_CORE/MULTI_GEM_WELL_PROCESSOR/COUNT_GEM_WELL_PROCESSOR/_BASIC_SC_RNA_COUNTER/_ASSIGN_TAGS/COMPUTE_EXTRA_MULTIPLEXING_METRICS/fork0/files is a symbolic link
pigz: skipping: sample_L35463/SC_RNA_COUNTER_CS/SC_MULTI_CORE/MULTI_GEM_WELL_PROCESSOR/COUNT_GEM_WELL_PROCESSOR/_BASIC_SC_RNA_COUNTER/_ASSIGN_TAGS/COMPUTE_EXTRA_MULTIPLEXING_METRICS/fork0/join is a symbolic link
pigz: skipping: sample_L35463/SC_RNA_COUNTER_CS/SC_MULTI_CORE/MULTI_GEM_WELL_PROCESSOR/COUNT_GEM_WELL_PROCESSOR/_BASIC_SC_RNA_COUNTER/_ASSIGN_TAGS/COMPUTE_EXTRA_MULTIPLEXING_METRICS/fork0/split is a symbolic link
pigz: skipping: sample_L35463/SC_RNA_COUNTER_CS/SC_MULTI_CORE/MULTI_GEM_WELL_PROCESSOR/COUNT_GEM_WELL_PROCESSOR/_BASIC_SC_RNA_COUNTER/_ASSIGN_TAGS/MERGE_METRICS/fork0/files is a symbolic link
pigz: skipping: sample_L35463/SC_RNA_COUNTER_CS/SC_MULTI_CORE/MULTI_GEM_WELL_PROCESSOR/COUNT_GEM_WELL_PROCESSOR/_BASIC_SC_RNA_COUNTER/_ASSIGN_TAGS/MERGE_METRICS/fork0/chnk0 is a symbolic link
pigz: skipping: sample_L35463/SC_RNA_COUNTER_CS/SC_MULTI_CORE/MULTI_GEM_WELL_PROCESSOR/COUNT_GEM_WELL_PROCESSOR/_BASIC_SC_RNA_COUNTER/_ASSIGN_TAGS/DETERMINE_SAMPLE_ASSIGNMENTS/fork0/files is a symbolic link
pigz: skipping: sample_L35463/SC_RNA_COUNTER_CS/SC_MULTI_CORE/MULTI_GEM_WELL_PROCESSOR/COUNT_GEM_WELL_PROCESSOR/_BASIC_SC_RNA_COUNTER/_ASSIGN_TAGS/DETERMINE_SAMPLE_ASSIGNMENTS/fork0/chnk0 is a symbolic link
pigz: skipping: sample_L35463/SC_RNA_COUNTER_CS/SC_MULTI_CORE/MULTI_GEM_WELL_PROCESSOR/COUNT_GEM_WELL_PROCESSOR/_BASIC_SC_RNA_COUNTER/_ASSIGN_TAGS/CALL_TAGS_MARGINAL/fork0/files is a symbolic link
pigz: skipping: sample_L35463/SC_RNA_COUNTER_CS/SC_MULTI_CORE/MULTI_GEM_WELL_PROCESSOR/COUNT_GEM_WELL_PROCESSOR/_BASIC_SC_RNA_COUNTER/_ASSIGN_TAGS/CALL_TAGS_MARGINAL/fork0/join is a symbolic link
pigz: skipping: sample_L35463/SC_RNA_COUNTER_CS/SC_MULTI_CORE/MULTI_GEM_WELL_PROCESSOR/COUNT_GEM_WELL_PROCESSOR/_BASIC_SC_RNA_COUNTER/_ASSIGN_TAGS/CALL_TAGS_MARGINAL/fork0/split is a symbolic link
pigz: skipping: sample_L35463/SC_RNA_COUNTER_CS/SC_MULTI_CORE/MULTI_GEM_WELL_PROCESSOR/COUNT_GEM_WELL_PROCESSOR/PARSE_TARGET_FEATURES/fork0/files is a symbolic link
pigz: skipping: sample_L35463/SC_RNA_COUNTER_CS/SC_MULTI_CORE/MULTI_GEM_WELL_PROCESSOR/COUNT_GEM_WELL_PROCESSOR/PARSE_TARGET_FEATURES/fork0/chnk0 is a symbolic link
pigz: skipping: sample_L35463/SC_RNA_COUNTER_CS/SC_MULTI_CORE/MULTI_GEM_WELL_PROCESSOR/COUNT_GEM_WELL_PROCESSOR/MULTI_SETUP_CHUNKS/fork0/files is a symbolic link
pigz: skipping: sample_L35463/SC_RNA_COUNTER_CS/SC_MULTI_CORE/MULTI_GEM_WELL_PROCESSOR/COUNT_GEM_WELL_PROCESSOR/MULTI_SETUP_CHUNKS/fork0/chnk0 is a symbolic link
pigz: skipping: sample_L35463/SC_RNA_COUNTER_CS/SC_MULTI_CORE/MULTI_GEM_WELL_PROCESSOR/VDJ_T_GEM_WELL_PROCESSOR/SC_VDJ_CONTIG_ASSEMBLER/ASSEMBLE_VDJ/fork0/files is a symbolic link
pigz: skipping: sample_L35463/SC_RNA_COUNTER_CS/SC_MULTI_CORE/MULTI_GEM_WELL_PROCESSOR/VDJ_T_GEM_WELL_PROCESSOR/SC_VDJ_CONTIG_ASSEMBLER/ASSEMBLE_VDJ/fork0/join is a symbolic link
pigz: skipping: sample_L35463/SC_RNA_COUNTER_CS/SC_MULTI_CORE/MULTI_GEM_WELL_PROCESSOR/VDJ_T_GEM_WELL_PROCESSOR/SC_VDJ_CONTIG_ASSEMBLER/ASSEMBLE_VDJ/fork0/split is a symbolic link
pigz: skipping: sample_L35463/SC_RNA_COUNTER_CS/SC_MULTI_CORE/MULTI_GEM_WELL_PROCESSOR/VDJ_T_GEM_WELL_PROCESSOR/SC_VDJ_CONTIG_ASSEMBLER/BARCODE_CORRECTION/fork0/files is a symbolic link
pigz: skipping: sample_L35463/SC_RNA_COUNTER_CS/SC_MULTI_CORE/MULTI_GEM_WELL_PROCESSOR/VDJ_T_GEM_WELL_PROCESSOR/SC_VDJ_CONTIG_ASSEMBLER/BARCODE_CORRECTION/fork0/join is a symbolic link
pigz: skipping: sample_L35463/SC_RNA_COUNTER_CS/SC_MULTI_CORE/MULTI_GEM_WELL_PROCESSOR/VDJ_T_GEM_WELL_PROCESSOR/SC_VDJ_CONTIG_ASSEMBLER/BARCODE_CORRECTION/fork0/split is a symbolic link
pigz: skipping: sample_L35463/SC_RNA_COUNTER_CS/SC_MULTI_CORE/MULTI_GEM_WELL_PROCESSOR/VDJ_T_GEM_WELL_PROCESSOR/SC_VDJ_CONTIG_ASSEMBLER/MAKE_SHARD/fork0/files is a symbolic link
pigz: skipping: sample_L35463/SC_RNA_COUNTER_CS/SC_MULTI_CORE/MULTI_GEM_WELL_PROCESSOR/VDJ_T_GEM_WELL_PROCESSOR/SC_VDJ_CONTIG_ASSEMBLER/MAKE_SHARD/fork0/join is a symbolic link
pigz: skipping: sample_L35463/SC_RNA_COUNTER_CS/SC_MULTI_CORE/MULTI_GEM_WELL_PROCESSOR/VDJ_T_GEM_WELL_PROCESSOR/SC_VDJ_CONTIG_ASSEMBLER/MAKE_SHARD/fork0/split is a symbolic link
pigz: skipping: sample_L35463/SC_RNA_COUNTER_CS/SC_MULTI_CORE/MULTI_GEM_WELL_PROCESSOR/VDJ_T_GEM_WELL_PROCESSOR/SC_VDJ_CONTIG_ASSEMBLER/RUST_BRIDGE/fork0/files is a symbolic link
pigz: skipping: sample_L35463/SC_RNA_COUNTER_CS/SC_MULTI_CORE/MULTI_GEM_WELL_PROCESSOR/VDJ_T_GEM_WELL_PROCESSOR/SC_VDJ_CONTIG_ASSEMBLER/RUST_BRIDGE/fork0/join is a symbolic link
pigz: skipping: sample_L35463/SC_RNA_COUNTER_CS/SC_MULTI_CORE/MULTI_GEM_WELL_PROCESSOR/VDJ_T_GEM_WELL_PROCESSOR/SC_VDJ_CONTIG_ASSEMBLER/RUST_BRIDGE/fork0/split is a symbolic link
pigz: skipping: sample_L35463/SC_RNA_COUNTER_CS/SC_MULTI_CORE/MULTI_GEM_WELL_PROCESSOR/VDJ_B_GEM_WELL_PROCESSOR/SC_VDJ_CONTIG_ASSEMBLER/ASSEMBLE_VDJ/fork0/files is a symbolic link
pigz: skipping: sample_L35463/SC_RNA_COUNTER_CS/SC_MULTI_CORE/MULTI_GEM_WELL_PROCESSOR/VDJ_B_GEM_WELL_PROCESSOR/SC_VDJ_CONTIG_ASSEMBLER/ASSEMBLE_VDJ/fork0/join is a symbolic link
pigz: skipping: sample_L35463/SC_RNA_COUNTER_CS/SC_MULTI_CORE/MULTI_GEM_WELL_PROCESSOR/VDJ_B_GEM_WELL_PROCESSOR/SC_VDJ_CONTIG_ASSEMBLER/ASSEMBLE_VDJ/fork0/split is a symbolic link
pigz: skipping: sample_L35463/SC_RNA_COUNTER_CS/SC_MULTI_CORE/MULTI_GEM_WELL_PROCESSOR/VDJ_B_GEM_WELL_PROCESSOR/SC_VDJ_CONTIG_ASSEMBLER/BARCODE_CORRECTION/fork0/files is a symbolic link
pigz: skipping: sample_L35463/SC_RNA_COUNTER_CS/SC_MULTI_CORE/MULTI_GEM_WELL_PROCESSOR/VDJ_B_GEM_WELL_PROCESSOR/SC_VDJ_CONTIG_ASSEMBLER/BARCODE_CORRECTION/fork0/join is a symbolic link
pigz: skipping: sample_L35463/SC_RNA_COUNTER_CS/SC_MULTI_CORE/MULTI_GEM_WELL_PROCESSOR/VDJ_B_GEM_WELL_PROCESSOR/SC_VDJ_CONTIG_ASSEMBLER/BARCODE_CORRECTION/fork0/split is a symbolic link
pigz: skipping: sample_L35463/SC_RNA_COUNTER_CS/SC_MULTI_CORE/MULTI_GEM_WELL_PROCESSOR/VDJ_B_GEM_WELL_PROCESSOR/SC_VDJ_CONTIG_ASSEMBLER/MAKE_SHARD/fork0/files is a symbolic link
pigz: skipping: sample_L35463/SC_RNA_COUNTER_CS/SC_MULTI_CORE/MULTI_GEM_WELL_PROCESSOR/VDJ_B_GEM_WELL_PROCESSOR/SC_VDJ_CONTIG_ASSEMBLER/MAKE_SHARD/fork0/join is a symbolic link
pigz: skipping: sample_L35463/SC_RNA_COUNTER_CS/SC_MULTI_CORE/MULTI_GEM_WELL_PROCESSOR/VDJ_B_GEM_WELL_PROCESSOR/SC_VDJ_CONTIG_ASSEMBLER/MAKE_SHARD/fork0/split is a symbolic link
pigz: skipping: sample_L35463/SC_RNA_COUNTER_CS/SC_MULTI_CORE/MULTI_GEM_WELL_PROCESSOR/VDJ_B_GEM_WELL_PROCESSOR/SC_VDJ_CONTIG_ASSEMBLER/RUST_BRIDGE/fork0/files is a symbolic link
pigz: skipping: sample_L35463/SC_RNA_COUNTER_CS/SC_MULTI_CORE/MULTI_GEM_WELL_PROCESSOR/VDJ_B_GEM_WELL_PROCESSOR/SC_VDJ_CONTIG_ASSEMBLER/RUST_BRIDGE/fork0/join is a symbolic link
pigz: skipping: sample_L35463/SC_RNA_COUNTER_CS/SC_MULTI_CORE/MULTI_GEM_WELL_PROCESSOR/VDJ_B_GEM_WELL_PROCESSOR/SC_VDJ_CONTIG_ASSEMBLER/RUST_BRIDGE/fork0/split is a symbolic link
pigz: skipping: sample_L35463/SC_RNA_COUNTER_CS/SC_MULTI_CORE/DISABLE_FEATURE_STAGES/fork0/files is a symbolic link
pigz: skipping: sample_L35463/SC_RNA_COUNTER_CS/SC_MULTI_CORE/DISABLE_FEATURE_STAGES/fork0/chnk0 is a symbolic link
pigz: skipping: sample_L35463/SC_RNA_COUNTER_CS/SC_MULTI_CORE/MULTI_REPORTER/VDJ_T_REPORTER/REPORT_CONTIGS/fork0/files is a symbolic link
pigz: skipping: sample_L35463/SC_RNA_COUNTER_CS/SC_MULTI_CORE/MULTI_REPORTER/VDJ_T_REPORTER/REPORT_CONTIGS/fork0/join is a symbolic link
pigz: skipping: sample_L35463/SC_RNA_COUNTER_CS/SC_MULTI_CORE/MULTI_REPORTER/VDJ_T_REPORTER/REPORT_CONTIGS/fork0/split is a symbolic link
pigz: skipping: sample_L35463/SC_RNA_COUNTER_CS/SC_MULTI_CORE/MULTI_REPORTER/VDJ_T_REPORTER/SUMMARIZE_VDJ_REPORTS/fork0/files is a symbolic link
pigz: skipping: sample_L35463/SC_RNA_COUNTER_CS/SC_MULTI_CORE/MULTI_REPORTER/VDJ_T_REPORTER/SUMMARIZE_VDJ_REPORTS/fork0/join is a symbolic link
pigz: skipping: sample_L35463/SC_RNA_COUNTER_CS/SC_MULTI_CORE/MULTI_REPORTER/VDJ_T_REPORTER/SUMMARIZE_VDJ_REPORTS/fork0/split is a symbolic link
pigz: skipping: sample_L35463/SC_RNA_COUNTER_CS/SC_MULTI_CORE/MULTI_REPORTER/CHOOSE_CLOUPE/fork0/files is a symbolic link
pigz: skipping: sample_L35463/SC_RNA_COUNTER_CS/SC_MULTI_CORE/MULTI_REPORTER/CHOOSE_CLOUPE/fork0/chnk0 is a symbolic link
pigz: skipping: sample_L35463/SC_RNA_COUNTER_CS/SC_MULTI_CORE/MULTI_REPORTER/CHOOSE_CLOUPE/fork0/chnk0-u624f6e34a1/files/cloupe.cloupe is a symbolic link
pigz: skipping: sample_L35463/SC_RNA_COUNTER_CS/SC_MULTI_CORE/MULTI_REPORTER/VDJ_B_REPORTER/REPORT_CONTIGS/fork0/files is a symbolic link
pigz: skipping: sample_L35463/SC_RNA_COUNTER_CS/SC_MULTI_CORE/MULTI_REPORTER/VDJ_B_REPORTER/REPORT_CONTIGS/fork0/join is a symbolic link
pigz: skipping: sample_L35463/SC_RNA_COUNTER_CS/SC_MULTI_CORE/MULTI_REPORTER/VDJ_B_REPORTER/REPORT_CONTIGS/fork0/split is a symbolic link
pigz: skipping: sample_L35463/SC_RNA_COUNTER_CS/SC_MULTI_CORE/MULTI_REPORTER/VDJ_B_REPORTER/SUMMARIZE_VDJ_REPORTS/fork0/files is a symbolic link
pigz: skipping: sample_L35463/SC_RNA_COUNTER_CS/SC_MULTI_CORE/MULTI_REPORTER/VDJ_B_REPORTER/SUMMARIZE_VDJ_REPORTS/fork0/join is a symbolic link
pigz: skipping: sample_L35463/SC_RNA_COUNTER_CS/SC_MULTI_CORE/MULTI_REPORTER/VDJ_B_REPORTER/SUMMARIZE_VDJ_REPORTS/fork0/split is a symbolic link
pigz: skipping: sample_L35463/SC_RNA_COUNTER_CS/SC_MULTI_CORE/MULTI_REPORTER/CLOUPE_PREPROCESS/fork0/files is a symbolic link
pigz: skipping: sample_L35463/SC_RNA_COUNTER_CS/SC_MULTI_CORE/MULTI_REPORTER/CLOUPE_PREPROCESS/fork0/join is a symbolic link
pigz: skipping: sample_L35463/SC_RNA_COUNTER_CS/SC_MULTI_CORE/MULTI_REPORTER/CLOUPE_PREPROCESS/fork0/chnk0 is a symbolic link
pigz: skipping: sample_L35463/SC_RNA_COUNTER_CS/SC_MULTI_CORE/MULTI_REPORTER/CLOUPE_PREPROCESS/fork0/split is a symbolic link
pigz: skipping: sample_L35463/SC_RNA_COUNTER_CS/SC_MULTI_CORE/MULTI_REPORTER/SUMMARIZE_REPORTS/fork0/files is a symbolic link
pigz: skipping: sample_L35463/SC_RNA_COUNTER_CS/SC_MULTI_CORE/MULTI_REPORTER/SUMMARIZE_REPORTS/fork0/chnk0 is a symbolic link
pigz: skipping: sample_L35463/SC_RNA_COUNTER_CS/SC_MULTI_CORE/MULTI_REPORTER/SUMMARIZE_REPORTS/fork0/chnk0-u624f6e348f/files/web_summary.html is a symbolic link
pigz: skipping: sample_L35463/SC_RNA_COUNTER_CS/SC_MULTI_CORE/MULTI_REPORTER/SUMMARIZE_REPORTS/fork0/chnk0-u624f6e348f/files/metrics_summary_csv.csv is a symbolic link
pigz: skipping: sample_L35463/SC_RNA_COUNTER_CS/SC_MULTI_CORE/COUNT_ANALYZER/_CRISPR_ANALYZER/_PERTURBATIONS_BY_TARGET/fork0/files is a symbolic link
pigz: skipping: sample_L35463/SC_RNA_COUNTER_CS/SC_MULTI_CORE/COUNT_ANALYZER/_CRISPR_ANALYZER/_PERTURBATIONS_BY_TARGET/fork0/join is a symbolic link
pigz: skipping: sample_L35463/SC_RNA_COUNTER_CS/SC_MULTI_CORE/COUNT_ANALYZER/_CRISPR_ANALYZER/_PERTURBATIONS_BY_TARGET/fork0/split is a symbolic link
pigz: skipping: sample_L35463/SC_RNA_COUNTER_CS/SC_MULTI_CORE/COUNT_ANALYZER/_CRISPR_ANALYZER/_PERTURBATIONS_BY_FEATURE/fork0/files is a symbolic link
pigz: skipping: sample_L35463/SC_RNA_COUNTER_CS/SC_MULTI_CORE/COUNT_ANALYZER/_CRISPR_ANALYZER/_PERTURBATIONS_BY_FEATURE/fork0/join is a symbolic link
pigz: skipping: sample_L35463/SC_RNA_COUNTER_CS/SC_MULTI_CORE/COUNT_ANALYZER/_CRISPR_ANALYZER/_PERTURBATIONS_BY_FEATURE/fork0/split is a symbolic link
pigz: skipping: sample_L35463/SC_RNA_COUNTER_CS/SC_MULTI_CORE/COUNT_ANALYZER/_TARGETED_ANALYZER/SUBSAMPLE_OFF_TARGET_READS/fork0/files is a symbolic link
pigz: skipping: sample_L35463/SC_RNA_COUNTER_CS/SC_MULTI_CORE/COUNT_ANALYZER/_TARGETED_ANALYZER/SUBSAMPLE_OFF_TARGET_READS/fork0/join is a symbolic link
pigz: skipping: sample_L35463/SC_RNA_COUNTER_CS/SC_MULTI_CORE/COUNT_ANALYZER/_TARGETED_ANALYZER/SUBSAMPLE_OFF_TARGET_READS/fork0/split is a symbolic link
pigz: skipping: sample_L35463/SC_RNA_COUNTER_CS/SC_MULTI_CORE/COUNT_ANALYZER/_TARGETED_ANALYZER/SUBSAMPLE_ON_TARGET_READS/fork0/files is a symbolic link
pigz: skipping: sample_L35463/SC_RNA_COUNTER_CS/SC_MULTI_CORE/COUNT_ANALYZER/_TARGETED_ANALYZER/SUBSAMPLE_ON_TARGET_READS/fork0/join is a symbolic link
pigz: skipping: sample_L35463/SC_RNA_COUNTER_CS/SC_MULTI_CORE/COUNT_ANALYZER/_TARGETED_ANALYZER/SUBSAMPLE_ON_TARGET_READS/fork0/split is a symbolic link
pigz: skipping: sample_L35463/SC_RNA_COUNTER_CS/SC_MULTI_CORE/COUNT_ANALYZER/_TARGETED_ANALYZER/CALCULATE_TARGETED_METRICS/fork0/files is a symbolic link
pigz: skipping: sample_L35463/SC_RNA_COUNTER_CS/SC_MULTI_CORE/COUNT_ANALYZER/_TARGETED_ANALYZER/CALCULATE_TARGETED_METRICS/fork0/join is a symbolic link
pigz: skipping: sample_L35463/SC_RNA_COUNTER_CS/SC_MULTI_CORE/COUNT_ANALYZER/_TARGETED_ANALYZER/CALCULATE_TARGETED_METRICS/fork0/split is a symbolic link
pigz: skipping: sample_L35463/SC_RNA_COUNTER_CS/SC_MULTI_CORE/COUNT_ANALYZER/SC_RNA_ANALYZER/RUN_DIFFERENTIAL_EXPRESSION/fork0/files is a symbolic link
pigz: skipping: sample_L35463/SC_RNA_COUNTER_CS/SC_MULTI_CORE/COUNT_ANALYZER/SC_RNA_ANALYZER/RUN_DIFFERENTIAL_EXPRESSION/fork0/chnk3 is a symbolic link
pigz: skipping: sample_L35463/SC_RNA_COUNTER_CS/SC_MULTI_CORE/COUNT_ANALYZER/SC_RNA_ANALYZER/RUN_DIFFERENTIAL_EXPRESSION/fork0/chnk5 is a symbolic link
pigz: skipping: sample_L35463/SC_RNA_COUNTER_CS/SC_MULTI_CORE/COUNT_ANALYZER/SC_RNA_ANALYZER/RUN_DIFFERENTIAL_EXPRESSION/fork0/join is a symbolic link
pigz: skipping: sample_L35463/SC_RNA_COUNTER_CS/SC_MULTI_CORE/COUNT_ANALYZER/SC_RNA_ANALYZER/RUN_DIFFERENTIAL_EXPRESSION/fork0/chnk0 is a symbolic link
pigz: skipping: sample_L35463/SC_RNA_COUNTER_CS/SC_MULTI_CORE/COUNT_ANALYZER/SC_RNA_ANALYZER/RUN_DIFFERENTIAL_EXPRESSION/fork0/chnk2 is a symbolic link
pigz: skipping: sample_L35463/SC_RNA_COUNTER_CS/SC_MULTI_CORE/COUNT_ANALYZER/SC_RNA_ANALYZER/RUN_DIFFERENTIAL_EXPRESSION/fork0/chnk7 is a symbolic link
pigz: skipping: sample_L35463/SC_RNA_COUNTER_CS/SC_MULTI_CORE/COUNT_ANALYZER/SC_RNA_ANALYZER/RUN_DIFFERENTIAL_EXPRESSION/fork0/chnk4 is a symbolic link
pigz: skipping: sample_L35463/SC_RNA_COUNTER_CS/SC_MULTI_CORE/COUNT_ANALYZER/SC_RNA_ANALYZER/RUN_DIFFERENTIAL_EXPRESSION/fork0/chnk6 is a symbolic link
pigz: skipping: sample_L35463/SC_RNA_COUNTER_CS/SC_MULTI_CORE/COUNT_ANALYZER/SC_RNA_ANALYZER/RUN_DIFFERENTIAL_EXPRESSION/fork0/chnk8 is a symbolic link
pigz: skipping: sample_L35463/SC_RNA_COUNTER_CS/SC_MULTI_CORE/COUNT_ANALYZER/SC_RNA_ANALYZER/RUN_DIFFERENTIAL_EXPRESSION/fork0/split is a symbolic link
pigz: skipping: sample_L35463/SC_RNA_COUNTER_CS/SC_MULTI_CORE/COUNT_ANALYZER/SC_RNA_ANALYZER/RUN_DIFFERENTIAL_EXPRESSION/fork0/chnk1 is a symbolic link
pigz: skipping: sample_L35463/SC_RNA_COUNTER_CS/SC_MULTI_CORE/COUNT_ANALYZER/SC_RNA_ANALYZER/RUN_UMAP/fork0/files is a symbolic link
pigz: skipping: sample_L35463/SC_RNA_COUNTER_CS/SC_MULTI_CORE/COUNT_ANALYZER/SC_RNA_ANALYZER/RUN_UMAP/fork0/join is a symbolic link
pigz: skipping: sample_L35463/SC_RNA_COUNTER_CS/SC_MULTI_CORE/COUNT_ANALYZER/SC_RNA_ANALYZER/RUN_UMAP/fork0/chnk0 is a symbolic link
pigz: skipping: sample_L35463/SC_RNA_COUNTER_CS/SC_MULTI_CORE/COUNT_ANALYZER/SC_RNA_ANALYZER/RUN_UMAP/fork0/split is a symbolic link
pigz: skipping: sample_L35463/SC_RNA_COUNTER_CS/SC_MULTI_CORE/COUNT_ANALYZER/SC_RNA_ANALYZER/RUN_KMEANS/fork0/files is a symbolic link
pigz: skipping: sample_L35463/SC_RNA_COUNTER_CS/SC_MULTI_CORE/COUNT_ANALYZER/SC_RNA_ANALYZER/RUN_KMEANS/fork0/chnk3 is a symbolic link
pigz: skipping: sample_L35463/SC_RNA_COUNTER_CS/SC_MULTI_CORE/COUNT_ANALYZER/SC_RNA_ANALYZER/RUN_KMEANS/fork0/chnk5 is a symbolic link
pigz: skipping: sample_L35463/SC_RNA_COUNTER_CS/SC_MULTI_CORE/COUNT_ANALYZER/SC_RNA_ANALYZER/RUN_KMEANS/fork0/join is a symbolic link
pigz: skipping: sample_L35463/SC_RNA_COUNTER_CS/SC_MULTI_CORE/COUNT_ANALYZER/SC_RNA_ANALYZER/RUN_KMEANS/fork0/chnk0 is a symbolic link
pigz: skipping: sample_L35463/SC_RNA_COUNTER_CS/SC_MULTI_CORE/COUNT_ANALYZER/SC_RNA_ANALYZER/RUN_KMEANS/fork0/chnk2 is a symbolic link
pigz: skipping: sample_L35463/SC_RNA_COUNTER_CS/SC_MULTI_CORE/COUNT_ANALYZER/SC_RNA_ANALYZER/RUN_KMEANS/fork0/chnk7 is a symbolic link
pigz: skipping: sample_L35463/SC_RNA_COUNTER_CS/SC_MULTI_CORE/COUNT_ANALYZER/SC_RNA_ANALYZER/RUN_KMEANS/fork0/chnk4 is a symbolic link
pigz: skipping: sample_L35463/SC_RNA_COUNTER_CS/SC_MULTI_CORE/COUNT_ANALYZER/SC_RNA_ANALYZER/RUN_KMEANS/fork0/chnk6 is a symbolic link
pigz: skipping: sample_L35463/SC_RNA_COUNTER_CS/SC_MULTI_CORE/COUNT_ANALYZER/SC_RNA_ANALYZER/RUN_KMEANS/fork0/chnk8 is a symbolic link
pigz: skipping: sample_L35463/SC_RNA_COUNTER_CS/SC_MULTI_CORE/COUNT_ANALYZER/SC_RNA_ANALYZER/RUN_KMEANS/fork0/split is a symbolic link
pigz: skipping: sample_L35463/SC_RNA_COUNTER_CS/SC_MULTI_CORE/COUNT_ANALYZER/SC_RNA_ANALYZER/RUN_KMEANS/fork0/chnk1 is a symbolic link
pigz: skipping: sample_L35463/SC_RNA_COUNTER_CS/SC_MULTI_CORE/COUNT_ANALYZER/SC_RNA_ANALYZER/RUN_PCA/fork0/files is a symbolic link
pigz: skipping: sample_L35463/SC_RNA_COUNTER_CS/SC_MULTI_CORE/COUNT_ANALYZER/SC_RNA_ANALYZER/RUN_PCA/fork0/join is a symbolic link
pigz: skipping: sample_L35463/SC_RNA_COUNTER_CS/SC_MULTI_CORE/COUNT_ANALYZER/SC_RNA_ANALYZER/RUN_PCA/fork0/split is a symbolic link
pigz: skipping: sample_L35463/SC_RNA_COUNTER_CS/SC_MULTI_CORE/COUNT_ANALYZER/SC_RNA_ANALYZER/RUN_MULTIGENOME_ANALYSIS/fork0/files is a symbolic link
pigz: skipping: sample_L35463/SC_RNA_COUNTER_CS/SC_MULTI_CORE/COUNT_ANALYZER/SC_RNA_ANALYZER/RUN_MULTIGENOME_ANALYSIS/fork0/join is a symbolic link
pigz: skipping: sample_L35463/SC_RNA_COUNTER_CS/SC_MULTI_CORE/COUNT_ANALYZER/SC_RNA_ANALYZER/RUN_MULTIGENOME_ANALYSIS/fork0/split is a symbolic link
pigz: skipping: sample_L35463/SC_RNA_COUNTER_CS/SC_MULTI_CORE/COUNT_ANALYZER/SC_RNA_ANALYZER/CHOOSE_DIMENSION_REDUCTION_OUTPUT/fork0/files is a symbolic link
pigz: skipping: sample_L35463/SC_RNA_COUNTER_CS/SC_MULTI_CORE/COUNT_ANALYZER/SC_RNA_ANALYZER/CHOOSE_DIMENSION_REDUCTION_OUTPUT/fork0/chnk0 is a symbolic link
pigz: skipping: sample_L35463/SC_RNA_COUNTER_CS/SC_MULTI_CORE/COUNT_ANALYZER/SC_RNA_ANALYZER/CORRECT_CHEMISTRY_BATCH/fork0/files is a symbolic link
pigz: skipping: sample_L35463/SC_RNA_COUNTER_CS/SC_MULTI_CORE/COUNT_ANALYZER/SC_RNA_ANALYZER/CORRECT_CHEMISTRY_BATCH/fork0/join is a symbolic link
pigz: skipping: sample_L35463/SC_RNA_COUNTER_CS/SC_MULTI_CORE/COUNT_ANALYZER/SC_RNA_ANALYZER/CORRECT_CHEMISTRY_BATCH/fork0/split is a symbolic link
pigz: skipping: sample_L35463/SC_RNA_COUNTER_CS/SC_MULTI_CORE/COUNT_ANALYZER/SC_RNA_ANALYZER/RUN_GRAPH_CLUSTERING/fork0/files is a symbolic link
pigz: skipping: sample_L35463/SC_RNA_COUNTER_CS/SC_MULTI_CORE/COUNT_ANALYZER/SC_RNA_ANALYZER/RUN_GRAPH_CLUSTERING/fork0/join is a symbolic link
pigz: skipping: sample_L35463/SC_RNA_COUNTER_CS/SC_MULTI_CORE/COUNT_ANALYZER/SC_RNA_ANALYZER/RUN_GRAPH_CLUSTERING/fork0/split is a symbolic link
pigz: skipping: sample_L35463/SC_RNA_COUNTER_CS/SC_MULTI_CORE/COUNT_ANALYZER/SC_RNA_ANALYZER/RUN_TSNE/fork0/files is a symbolic link
pigz: skipping: sample_L35463/SC_RNA_COUNTER_CS/SC_MULTI_CORE/COUNT_ANALYZER/SC_RNA_ANALYZER/RUN_TSNE/fork0/join is a symbolic link
pigz: skipping: sample_L35463/SC_RNA_COUNTER_CS/SC_MULTI_CORE/COUNT_ANALYZER/SC_RNA_ANALYZER/RUN_TSNE/fork0/chnk0 is a symbolic link
pigz: skipping: sample_L35463/SC_RNA_COUNTER_CS/SC_MULTI_CORE/COUNT_ANALYZER/SC_RNA_ANALYZER/RUN_TSNE/fork0/split is a symbolic link
pigz: skipping: sample_L35463/SC_RNA_COUNTER_CS/SC_MULTI_CORE/COUNT_ANALYZER/SC_RNA_ANALYZER/SUMMARIZE_ANALYSIS/fork0/files is a symbolic link
pigz: skipping: sample_L35463/SC_RNA_COUNTER_CS/SC_MULTI_CORE/COUNT_ANALYZER/SC_RNA_ANALYZER/SUMMARIZE_ANALYSIS/fork0/join is a symbolic link
pigz: skipping: sample_L35463/SC_RNA_COUNTER_CS/SC_MULTI_CORE/COUNT_ANALYZER/SC_RNA_ANALYZER/SUMMARIZE_ANALYSIS/fork0/chnk0 is a symbolic link
pigz: skipping: sample_L35463/SC_RNA_COUNTER_CS/SC_MULTI_CORE/COUNT_ANALYZER/SC_RNA_ANALYZER/SUMMARIZE_ANALYSIS/fork0/join-u624f6e3432/files/analysis_csv is a symbolic link
pigz: skipping: sample_L35463/SC_RNA_COUNTER_CS/SC_MULTI_CORE/COUNT_ANALYZER/SC_RNA_ANALYZER/SUMMARIZE_ANALYSIS/fork0/split is a symbolic link
pigz: skipping: sample_L35463/SC_RNA_COUNTER_CS/SC_MULTI_CORE/COUNT_ANALYZER/SC_RNA_ANALYZER/RUN_FBPCA/fork0/files is a symbolic link
pigz: skipping: sample_L35463/SC_RNA_COUNTER_CS/SC_MULTI_CORE/COUNT_ANALYZER/SC_RNA_ANALYZER/RUN_FBPCA/fork0/join is a symbolic link
pigz: skipping: sample_L35463/SC_RNA_COUNTER_CS/SC_MULTI_CORE/COUNT_ANALYZER/SC_RNA_ANALYZER/RUN_FBPCA/fork0/split is a symbolic link
pigz: skipping: sample_L35463/SC_RNA_COUNTER_CS/SC_MULTI_CORE/COUNT_ANALYZER/SC_RNA_ANALYZER/PREPROCESS_MATRIX/fork0/files is a symbolic link
pigz: skipping: sample_L35463/SC_RNA_COUNTER_CS/SC_MULTI_CORE/COUNT_ANALYZER/SC_RNA_ANALYZER/PREPROCESS_MATRIX/fork0/join is a symbolic link
pigz: skipping: sample_L35463/SC_RNA_COUNTER_CS/SC_MULTI_CORE/COUNT_ANALYZER/SC_RNA_ANALYZER/PREPROCESS_MATRIX/fork0/split is a symbolic link
pigz: skipping: sample_L35463/SC_RNA_COUNTER_CS/SC_MULTI_CORE/COUNT_ANALYZER/SC_RNA_ANALYZER/ANALYZER_PREFLIGHT/fork0/files is a symbolic link
pigz: skipping: sample_L35463/SC_RNA_COUNTER_CS/SC_MULTI_CORE/COUNT_ANALYZER/SC_RNA_ANALYZER/ANALYZER_PREFLIGHT/fork0/chnk0 is a symbolic link
pigz: skipping: sample_L35463/SC_RNA_COUNTER_CS/SC_MULTI_CORE/COUNT_ANALYZER/SC_RNA_ANALYZER/COMBINE_CLUSTERING/fork0/files is a symbolic link
pigz: skipping: sample_L35463/SC_RNA_COUNTER_CS/SC_MULTI_CORE/COUNT_ANALYZER/SC_RNA_ANALYZER/COMBINE_CLUSTERING/fork0/chnk0 is a symbolic link
pigz: skipping: sample_L35463/SC_RNA_COUNTER_CS/SC_MULTI_CORE/STRUCTIFY_PER_SAMPLE_OUTS/fork0/files is a symbolic link
pigz: skipping: sample_L35463/SC_RNA_COUNTER_CS/SC_MULTI_CORE/STRUCTIFY_PER_SAMPLE_OUTS/fork0/chnk0 is a symbolic link
pigz: skipping: sample_L35463/SC_RNA_COUNTER_CS/SC_MULTI_CORE/MULTI_CHEMISTRY_DETECTOR/COMBINE_GEM_WELL_CHEMISTRIES/fork0/files is a symbolic link
pigz: skipping: sample_L35463/SC_RNA_COUNTER_CS/SC_MULTI_CORE/MULTI_CHEMISTRY_DETECTOR/COMBINE_GEM_WELL_CHEMISTRIES/fork0/chnk0 is a symbolic link
pigz: skipping: sample_L35463/SC_RNA_COUNTER_CS/SC_MULTI_CORE/MULTI_CHEMISTRY_DETECTOR/_GEM_WELL_CHEMISTRY_DETECTOR/DETECT_COUNT_CHEMISTRY/fork0/files is a symbolic link
pigz: skipping: sample_L35463/SC_RNA_COUNTER_CS/SC_MULTI_CORE/MULTI_CHEMISTRY_DETECTOR/_GEM_WELL_CHEMISTRY_DETECTOR/DETECT_COUNT_CHEMISTRY/fork0/chnk0 is a symbolic link
pigz: skipping: sample_L35463/SC_RNA_COUNTER_CS/SC_MULTI_CORE/MULTI_CHEMISTRY_DETECTOR/_GEM_WELL_CHEMISTRY_DETECTOR/CHECK_BARCODES_COMPATIBILITY/fork0/files is a symbolic link
pigz: skipping: sample_L35463/SC_RNA_COUNTER_CS/SC_MULTI_CORE/MULTI_CHEMISTRY_DETECTOR/_GEM_WELL_CHEMISTRY_DETECTOR/CHECK_BARCODES_COMPATIBILITY/fork0/chnk0 is a symbolic link
pigz: skipping: sample_L35463/SC_RNA_COUNTER_CS/SC_MULTI_CORE/MAKE_FULL_CONFIG/_MAKE_VDJ_CONFIG/fork0/files is a symbolic link
pigz: skipping: sample_L35463/SC_RNA_COUNTER_CS/SC_MULTI_CORE/MAKE_FULL_CONFIG/_MAKE_VDJ_CONFIG/fork0/chnk0 is a symbolic link
pigz: skipping: sample_L35463/SC_RNA_COUNTER_CS/WRITE_GENE_INDEX/fork0/files is a symbolic link
pigz: skipping: sample_L35463/SC_RNA_COUNTER_CS/WRITE_GENE_INDEX/fork0/chnk0 is a symbolic link
pigz: skipping: sample_L35463/SC_RNA_COUNTER_CS/CELLRANGER_PREFLIGHT/fork0/files is a symbolic link
pigz: skipping: sample_L35463/SC_RNA_COUNTER_CS/CELLRANGER_PREFLIGHT/fork0/chnk0 is a symbolic link
pigz: skipping: sample_L35463/SC_RNA_COUNTER_CS/CELLRANGER_PREFLIGHT_LOCAL/fork0/files is a symbolic link
pigz: skipping: sample_L35463/SC_RNA_COUNTER_CS/CELLRANGER_PREFLIGHT_LOCAL/fork0/chnk0 is a symbolic link
pigz: skipping: sample_L35463/SC_RNA_COUNTER_CS/FULL_COUNT_INPUTS/WRITE_GENE_INDEX/fork0/files is a symbolic link
pigz: skipping: sample_L35463/SC_RNA_COUNTER_CS/FULL_COUNT_INPUTS/WRITE_GENE_INDEX/fork0/chnk0 is a symbolic link
pigz: skipping: sample_L35463/outs/raw_feature_bc_matrix/features.tsv.gz ends with .gz
pigz: skipping: sample_L35463/outs/raw_feature_bc_matrix/barcodes.tsv.gz ends with .gz
pigz: skipping: sample_L35463/outs/raw_feature_bc_matrix/matrix.mtx.gz ends with .gz
pigz: skipping: sample_L35463/outs/filtered_feature_bc_matrix/features.tsv.gz ends with .gz
pigz: skipping: sample_L35463/outs/filtered_feature_bc_matrix/barcodes.tsv.gz ends with .gz
pigz: skipping: sample_L35463/outs/filtered_feature_bc_matrix/matrix.mtx.gz ends with .gz
