Martian Runtime - v4.0.6
Serving UI at http://n226:46193?auth=YzCDRc0eWjjDLr-gtKng-B-wnruhBJOLE0mPgyZbUkI

Running preflight checks (please wait)...
Checking sample info...
Checking FASTQ folder...
Checking reference...
Checking reference_path (/gpfs/projects/bgmp/shared/2021_projects/Yu/cellranger_build/Mus_musculus.GRCm39.dna.ens104) on n226...
Checking optional arguments...
mrc: v4.0.6

mrp: v4.0.6

Anaconda: Python 3.8.2

numpy: 1.19.2

scipy: 1.6.2

pysam: 0.16.0.1

h5py: 3.2.1

pandas: 1.2.4

STAR: 2.7.2a

samtools: samtools 1.10
Using htslib 1.10.2
Copyright (C) 2019 Genome Research Ltd.

2021-10-18 19:39:16 [runtime] (ready)           ID.sample_L35463.SC_RNA_COUNTER_CS.SC_MULTI_CORE.MULTI_CHEMISTRY_DETECTOR._GEM_WELL_CHEMISTRY_DETECTOR.DETECT_COUNT_CHEMISTRY
2021-10-18 19:39:16 [runtime] (run:local)       ID.sample_L35463.SC_RNA_COUNTER_CS.SC_MULTI_CORE.MULTI_CHEMISTRY_DETECTOR._GEM_WELL_CHEMISTRY_DETECTOR.DETECT_COUNT_CHEMISTRY.fork0.chnk0.main
2021-10-18 19:39:16 [runtime] (ready)           ID.sample_L35463.SC_RNA_COUNTER_CS.WRITE_GENE_INDEX
2021-10-18 19:39:16 [runtime] (run:local)       ID.sample_L35463.SC_RNA_COUNTER_CS.WRITE_GENE_INDEX.fork0.chnk0.main
2021-10-18 19:39:16 [runtime] (ready)           ID.sample_L35463.SC_RNA_COUNTER_CS.FULL_COUNT_INPUTS.WRITE_GENE_INDEX
2021-10-18 19:39:16 [runtime] (run:local)       ID.sample_L35463.SC_RNA_COUNTER_CS.FULL_COUNT_INPUTS.WRITE_GENE_INDEX.fork0.chnk0.main
2021-10-18 19:39:16 [runtime] (ready)           ID.sample_L35463.SC_RNA_COUNTER_CS.SC_MULTI_CORE.MAKE_FULL_CONFIG._MAKE_VDJ_CONFIG
2021-10-18 19:39:16 [runtime] (run:local)       ID.sample_L35463.SC_RNA_COUNTER_CS.SC_MULTI_CORE.MAKE_FULL_CONFIG._MAKE_VDJ_CONFIG.fork0.chnk0.main
2021-10-18 19:39:16 [runtime] (ready)           ID.sample_L35463.SC_RNA_COUNTER_CS.SC_MULTI_CORE.MULTI_GEM_WELL_PROCESSOR.COUNT_GEM_WELL_PROCESSOR._BASIC_SC_RNA_COUNTER.DISABLE_BAMS
2021-10-18 19:39:16 [runtime] (run:local)       ID.sample_L35463.SC_RNA_COUNTER_CS.SC_MULTI_CORE.MULTI_GEM_WELL_PROCESSOR.COUNT_GEM_WELL_PROCESSOR._BASIC_SC_RNA_COUNTER.DISABLE_BAMS.fork0.chnk0.main
2021-10-18 19:39:16 [runtime] (ready)           ID.sample_L35463.SC_RNA_COUNTER_CS.SC_MULTI_CORE.SANITIZE_MAP_CALLS
2021-10-18 19:39:17 [runtime] (chunks_complete) ID.sample_L35463.SC_RNA_COUNTER_CS.SC_MULTI_CORE.MAKE_FULL_CONFIG._MAKE_VDJ_CONFIG
2021-10-18 19:39:17 [runtime] (chunks_complete) ID.sample_L35463.SC_RNA_COUNTER_CS.SC_MULTI_CORE.MULTI_GEM_WELL_PROCESSOR.COUNT_GEM_WELL_PROCESSOR._BASIC_SC_RNA_COUNTER.DISABLE_BAMS
2021-10-18 19:39:17 [runtime] (ready)           ID.sample_L35463.SC_RNA_COUNTER_CS.SC_MULTI_CORE.MULTI_GEM_WELL_PROCESSOR.VDJ_B_GEM_WELL_PROCESSOR.MULTI_SETUP_CHUNKS
2021-10-18 19:39:17 [runtime] (ready)           ID.sample_L35463.SC_RNA_COUNTER_CS.SC_MULTI_CORE.MULTI_GEM_WELL_PROCESSOR.VDJ_T_GEM_WELL_PROCESSOR.MULTI_SETUP_CHUNKS
2021-10-18 19:39:17 [runtime] (ready)           ID.sample_L35463.SC_RNA_COUNTER_CS.SC_MULTI_CORE.MULTI_GEM_WELL_PROCESSOR.VDJ_T_GEM_WELL_PROCESSOR.SC_VDJ_CONTIG_ASSEMBLER.MAKE_SHARD
2021-10-18 19:39:17 [runtime] (ready)           ID.sample_L35463.SC_RNA_COUNTER_CS.SC_MULTI_CORE.MULTI_GEM_WELL_PROCESSOR.VDJ_B_GEM_WELL_PROCESSOR.SC_VDJ_CONTIG_ASSEMBLER.MAKE_SHARD
2021-10-18 19:39:17 [runtime] (ready)           ID.sample_L35463.SC_RNA_COUNTER_CS.SC_MULTI_CORE.MULTI_GEM_WELL_PROCESSOR.VDJ_T_GEM_WELL_PROCESSOR.SC_VDJ_CONTIG_ASSEMBLER.BARCODE_CORRECTION
2021-10-18 19:39:17 [runtime] (ready)           ID.sample_L35463.SC_RNA_COUNTER_CS.SC_MULTI_CORE.MULTI_GEM_WELL_PROCESSOR.VDJ_B_GEM_WELL_PROCESSOR.SC_VDJ_CONTIG_ASSEMBLER.BARCODE_CORRECTION
2021-10-18 19:39:17 [runtime] (ready)           ID.sample_L35463.SC_RNA_COUNTER_CS.SC_MULTI_CORE.MULTI_GEM_WELL_PROCESSOR.VDJ_B_GEM_WELL_PROCESSOR.SC_VDJ_CONTIG_ASSEMBLER.RUST_BRIDGE
2021-10-18 19:39:17 [runtime] (ready)           ID.sample_L35463.SC_RNA_COUNTER_CS.SC_MULTI_CORE.MULTI_GEM_WELL_PROCESSOR.VDJ_T_GEM_WELL_PROCESSOR.SC_VDJ_CONTIG_ASSEMBLER.RUST_BRIDGE
2021-10-18 19:39:17 [runtime] (ready)           ID.sample_L35463.SC_RNA_COUNTER_CS.SC_MULTI_CORE.MULTI_GEM_WELL_PROCESSOR.VDJ_B_GEM_WELL_PROCESSOR.SC_VDJ_CONTIG_ASSEMBLER.ASSEMBLE_VDJ
2021-10-18 19:39:17 [runtime] (ready)           ID.sample_L35463.SC_RNA_COUNTER_CS.SC_MULTI_CORE.MULTI_GEM_WELL_PROCESSOR.VDJ_T_GEM_WELL_PROCESSOR.SC_VDJ_CONTIG_ASSEMBLER.ASSEMBLE_VDJ
2021-10-18 19:39:17 [runtime] (ready)           ID.sample_L35463.SC_RNA_COUNTER_CS.SC_MULTI_CORE.MULTI_GEM_WELL_PROCESSOR.VDJ_T_GEM_WELL_PROCESSOR.SC_VDJ_CONTIG_ASSEMBLER.MERGE_METRICS
2021-10-18 19:39:17 [runtime] (ready)           ID.sample_L35463.SC_RNA_COUNTER_CS.SC_MULTI_CORE.MULTI_GEM_WELL_PROCESSOR.VDJ_B_GEM_WELL_PROCESSOR.SC_VDJ_CONTIG_ASSEMBLER.MERGE_METRICS
2021-10-18 19:39:44 [runtime] (chunks_complete) ID.sample_L35463.SC_RNA_COUNTER_CS.SC_MULTI_CORE.MULTI_CHEMISTRY_DETECTOR._GEM_WELL_CHEMISTRY_DETECTOR.DETECT_COUNT_CHEMISTRY
2021-10-18 19:39:44 [runtime] (ready)           ID.sample_L35463.SC_RNA_COUNTER_CS.SC_MULTI_CORE.MULTI_CHEMISTRY_DETECTOR._GEM_WELL_CHEMISTRY_DETECTOR.CHECK_BARCODES_COMPATIBILITY
2021-10-18 19:39:44 [runtime] (run:local)       ID.sample_L35463.SC_RNA_COUNTER_CS.SC_MULTI_CORE.MULTI_CHEMISTRY_DETECTOR._GEM_WELL_CHEMISTRY_DETECTOR.CHECK_BARCODES_COMPATIBILITY.fork0.chnk0.main
2021-10-18 19:39:44 [runtime] (chunks_complete) ID.sample_L35463.SC_RNA_COUNTER_CS.SC_MULTI_CORE.MULTI_CHEMISTRY_DETECTOR._GEM_WELL_CHEMISTRY_DETECTOR.CHECK_BARCODES_COMPATIBILITY
2021-10-18 19:39:44 [runtime] (ready)           ID.sample_L35463.SC_RNA_COUNTER_CS.SC_MULTI_CORE.MULTI_CHEMISTRY_DETECTOR.COMBINE_GEM_WELL_CHEMISTRIES
2021-10-18 19:39:44 [runtime] (run:local)       ID.sample_L35463.SC_RNA_COUNTER_CS.SC_MULTI_CORE.MULTI_CHEMISTRY_DETECTOR.COMBINE_GEM_WELL_CHEMISTRIES.fork0.chnk0.main
2021-10-18 19:39:44 [runtime] (chunks_complete) ID.sample_L35463.SC_RNA_COUNTER_CS.SC_MULTI_CORE.MULTI_CHEMISTRY_DETECTOR.COMBINE_GEM_WELL_CHEMISTRIES
2021-10-18 19:39:44 [runtime] (ready)           ID.sample_L35463.SC_RNA_COUNTER_CS.SC_MULTI_CORE.MULTI_GEM_WELL_PROCESSOR.COUNT_GEM_WELL_PROCESSOR.MULTI_SETUP_CHUNKS
2021-10-18 19:39:44 [runtime] (run:local)       ID.sample_L35463.SC_RNA_COUNTER_CS.SC_MULTI_CORE.MULTI_GEM_WELL_PROCESSOR.COUNT_GEM_WELL_PROCESSOR.MULTI_SETUP_CHUNKS.fork0.chnk0.main
2021-10-18 19:39:44 [runtime] (ready)           ID.sample_L35463.SC_RNA_COUNTER_CS.SC_MULTI_CORE.SPLIT_VDJ_INPUTS
2021-10-18 19:39:44 [runtime] (chunks_complete) ID.sample_L35463.SC_RNA_COUNTER_CS.SC_MULTI_CORE.MULTI_GEM_WELL_PROCESSOR.COUNT_GEM_WELL_PROCESSOR.MULTI_SETUP_CHUNKS
2021-10-18 19:40:01 [runtime] (chunks_complete) ID.sample_L35463.SC_RNA_COUNTER_CS.FULL_COUNT_INPUTS.WRITE_GENE_INDEX
2021-10-18 19:40:01 [runtime] (chunks_complete) ID.sample_L35463.SC_RNA_COUNTER_CS.WRITE_GENE_INDEX
2021-10-18 19:40:01 [runtime] (ready)           ID.sample_L35463.SC_RNA_COUNTER_CS.SC_MULTI_CORE.MULTI_GEM_WELL_PROCESSOR.COUNT_GEM_WELL_PROCESSOR.PARSE_TARGET_FEATURES
2021-10-18 19:40:01 [runtime] (run:local)       ID.sample_L35463.SC_RNA_COUNTER_CS.SC_MULTI_CORE.MULTI_GEM_WELL_PROCESSOR.COUNT_GEM_WELL_PROCESSOR.PARSE_TARGET_FEATURES.fork0.chnk0.main
2021-10-18 19:40:06 [runtime] (chunks_complete) ID.sample_L35463.SC_RNA_COUNTER_CS.SC_MULTI_CORE.MULTI_GEM_WELL_PROCESSOR.COUNT_GEM_WELL_PROCESSOR.PARSE_TARGET_FEATURES
2021-10-18 19:40:07 [runtime] (ready)           ID.sample_L35463.SC_RNA_COUNTER_CS.SC_MULTI_CORE.MULTI_GEM_WELL_PROCESSOR.COUNT_GEM_WELL_PROCESSOR._BASIC_SC_RNA_COUNTER._MATRIX_COMPUTER.MAKE_SHARD
2021-10-18 19:40:07 [runtime] (run:local)       ID.sample_L35463.SC_RNA_COUNTER_CS.SC_MULTI_CORE.MULTI_GEM_WELL_PROCESSOR.COUNT_GEM_WELL_PROCESSOR._BASIC_SC_RNA_COUNTER._MATRIX_COMPUTER.MAKE_SHARD.fork0.split
2021-10-18 19:40:11 [runtime] (split_complete)  ID.sample_L35463.SC_RNA_COUNTER_CS.SC_MULTI_CORE.MULTI_GEM_WELL_PROCESSOR.COUNT_GEM_WELL_PROCESSOR._BASIC_SC_RNA_COUNTER._MATRIX_COMPUTER.MAKE_SHARD
2021-10-18 19:40:11 [runtime] (run:local)       ID.sample_L35463.SC_RNA_COUNTER_CS.SC_MULTI_CORE.MULTI_GEM_WELL_PROCESSOR.COUNT_GEM_WELL_PROCESSOR._BASIC_SC_RNA_COUNTER._MATRIX_COMPUTER.MAKE_SHARD.fork0.chnk0.main
2021-10-18 19:45:38 [runtime] (chunks_complete) ID.sample_L35463.SC_RNA_COUNTER_CS.SC_MULTI_CORE.MULTI_GEM_WELL_PROCESSOR.COUNT_GEM_WELL_PROCESSOR._BASIC_SC_RNA_COUNTER._MATRIX_COMPUTER.MAKE_SHARD
2021-10-18 19:45:38 [runtime] (run:local)       ID.sample_L35463.SC_RNA_COUNTER_CS.SC_MULTI_CORE.MULTI_GEM_WELL_PROCESSOR.COUNT_GEM_WELL_PROCESSOR._BASIC_SC_RNA_COUNTER._MATRIX_COMPUTER.MAKE_SHARD.fork0.join
2021-10-18 19:45:38 [runtime] (join_complete)   ID.sample_L35463.SC_RNA_COUNTER_CS.SC_MULTI_CORE.MULTI_GEM_WELL_PROCESSOR.COUNT_GEM_WELL_PROCESSOR._BASIC_SC_RNA_COUNTER._MATRIX_COMPUTER.MAKE_SHARD
2021-10-18 19:45:38 [runtime] (ready)           ID.sample_L35463.SC_RNA_COUNTER_CS.SC_MULTI_CORE.MULTI_GEM_WELL_PROCESSOR.COUNT_GEM_WELL_PROCESSOR._BASIC_SC_RNA_COUNTER._MATRIX_COMPUTER.BARCODE_CORRECTION
2021-10-18 19:45:38 [runtime] (run:local)       ID.sample_L35463.SC_RNA_COUNTER_CS.SC_MULTI_CORE.MULTI_GEM_WELL_PROCESSOR.COUNT_GEM_WELL_PROCESSOR._BASIC_SC_RNA_COUNTER._MATRIX_COMPUTER.BARCODE_CORRECTION.fork0.split
2021-10-18 19:45:38 [runtime] (split_complete)  ID.sample_L35463.SC_RNA_COUNTER_CS.SC_MULTI_CORE.MULTI_GEM_WELL_PROCESSOR.COUNT_GEM_WELL_PROCESSOR._BASIC_SC_RNA_COUNTER._MATRIX_COMPUTER.BARCODE_CORRECTION
2021-10-18 19:45:38 [runtime] (run:local)       ID.sample_L35463.SC_RNA_COUNTER_CS.SC_MULTI_CORE.MULTI_GEM_WELL_PROCESSOR.COUNT_GEM_WELL_PROCESSOR._BASIC_SC_RNA_COUNTER._MATRIX_COMPUTER.BARCODE_CORRECTION.fork0.chnk0.main
2021-10-18 19:45:38 [runtime] (run:local)       ID.sample_L35463.SC_RNA_COUNTER_CS.SC_MULTI_CORE.MULTI_GEM_WELL_PROCESSOR.COUNT_GEM_WELL_PROCESSOR._BASIC_SC_RNA_COUNTER._MATRIX_COMPUTER.BARCODE_CORRECTION.fork0.chnk1.main
2021-10-18 19:45:38 [runtime] (run:local)       ID.sample_L35463.SC_RNA_COUNTER_CS.SC_MULTI_CORE.MULTI_GEM_WELL_PROCESSOR.COUNT_GEM_WELL_PROCESSOR._BASIC_SC_RNA_COUNTER._MATRIX_COMPUTER.BARCODE_CORRECTION.fork0.chnk2.main
2021-10-18 19:45:38 [runtime] (run:local)       ID.sample_L35463.SC_RNA_COUNTER_CS.SC_MULTI_CORE.MULTI_GEM_WELL_PROCESSOR.COUNT_GEM_WELL_PROCESSOR._BASIC_SC_RNA_COUNTER._MATRIX_COMPUTER.BARCODE_CORRECTION.fork0.chnk3.main
2021-10-18 19:45:38 [runtime] (run:local)       ID.sample_L35463.SC_RNA_COUNTER_CS.SC_MULTI_CORE.MULTI_GEM_WELL_PROCESSOR.COUNT_GEM_WELL_PROCESSOR._BASIC_SC_RNA_COUNTER._MATRIX_COMPUTER.BARCODE_CORRECTION.fork0.chnk4.main
2021-10-18 19:45:38 [runtime] (run:local)       ID.sample_L35463.SC_RNA_COUNTER_CS.SC_MULTI_CORE.MULTI_GEM_WELL_PROCESSOR.COUNT_GEM_WELL_PROCESSOR._BASIC_SC_RNA_COUNTER._MATRIX_COMPUTER.BARCODE_CORRECTION.fork0.chnk5.main
2021-10-18 19:45:50 [runtime] (chunks_complete) ID.sample_L35463.SC_RNA_COUNTER_CS.SC_MULTI_CORE.MULTI_GEM_WELL_PROCESSOR.COUNT_GEM_WELL_PROCESSOR._BASIC_SC_RNA_COUNTER._MATRIX_COMPUTER.BARCODE_CORRECTION
2021-10-18 19:45:50 [runtime] (run:local)       ID.sample_L35463.SC_RNA_COUNTER_CS.SC_MULTI_CORE.MULTI_GEM_WELL_PROCESSOR.COUNT_GEM_WELL_PROCESSOR._BASIC_SC_RNA_COUNTER._MATRIX_COMPUTER.BARCODE_CORRECTION.fork0.join
2021-10-18 19:45:50 [runtime] (join_complete)   ID.sample_L35463.SC_RNA_COUNTER_CS.SC_MULTI_CORE.MULTI_GEM_WELL_PROCESSOR.COUNT_GEM_WELL_PROCESSOR._BASIC_SC_RNA_COUNTER._MATRIX_COMPUTER.BARCODE_CORRECTION
2021-10-18 19:45:50 [runtime] (ready)           ID.sample_L35463.SC_RNA_COUNTER_CS.SC_MULTI_CORE.MULTI_GEM_WELL_PROCESSOR.COUNT_GEM_WELL_PROCESSOR._BASIC_SC_RNA_COUNTER._MATRIX_COMPUTER.WRITE_BARCODE_INDEX
2021-10-18 19:45:50 [runtime] (run:local)       ID.sample_L35463.SC_RNA_COUNTER_CS.SC_MULTI_CORE.MULTI_GEM_WELL_PROCESSOR.COUNT_GEM_WELL_PROCESSOR._BASIC_SC_RNA_COUNTER._MATRIX_COMPUTER.WRITE_BARCODE_INDEX.fork0.chnk0.main
2021-10-18 19:45:50 [runtime] (ready)           ID.sample_L35463.SC_RNA_COUNTER_CS.SC_MULTI_CORE.MULTI_GEM_WELL_PROCESSOR.COUNT_GEM_WELL_PROCESSOR._BASIC_SC_RNA_COUNTER._MATRIX_COMPUTER.SET_ALIGNER_SUBSAMPLE_RATE
2021-10-18 19:45:50 [runtime] (run:local)       ID.sample_L35463.SC_RNA_COUNTER_CS.SC_MULTI_CORE.MULTI_GEM_WELL_PROCESSOR.COUNT_GEM_WELL_PROCESSOR._BASIC_SC_RNA_COUNTER._MATRIX_COMPUTER.SET_ALIGNER_SUBSAMPLE_RATE.fork0.chnk0.main
2021-10-18 19:45:50 [runtime] (ready)           ID.sample_L35463.SC_RNA_COUNTER_CS.SC_MULTI_CORE.MULTI_GEM_WELL_PROCESSOR.COUNT_GEM_WELL_PROCESSOR._BASIC_SC_RNA_COUNTER._MATRIX_COMPUTER._SLFE_PARTIAL_FIRST_PASS.SUBSAMPLE_BARCODES
2021-10-18 19:45:50 [runtime] (ready)           ID.sample_L35463.SC_RNA_COUNTER_CS.SC_MULTI_CORE.MULTI_GEM_WELL_PROCESSOR.COUNT_GEM_WELL_PROCESSOR._BASIC_SC_RNA_COUNTER._MATRIX_COMPUTER._SLFE_PARTIAL_FIRST_PASS.INITIAL_ALIGN_AND_COUNT
2021-10-18 19:45:50 [runtime] (chunks_complete) ID.sample_L35463.SC_RNA_COUNTER_CS.SC_MULTI_CORE.MULTI_GEM_WELL_PROCESSOR.COUNT_GEM_WELL_PROCESSOR._BASIC_SC_RNA_COUNTER._MATRIX_COMPUTER.SET_ALIGNER_SUBSAMPLE_RATE
2021-10-18 19:45:50 [runtime] (ready)           ID.sample_L35463.SC_RNA_COUNTER_CS.SC_MULTI_CORE.MULTI_GEM_WELL_PROCESSOR.COUNT_GEM_WELL_PROCESSOR._BASIC_SC_RNA_COUNTER._MATRIX_COMPUTER._SLFE_PARTIAL_FIRST_PASS.SET_TARGETED_UMI_FILTER
2021-10-18 19:45:50 [runtime] (ready)           ID.sample_L35463.SC_RNA_COUNTER_CS.SC_MULTI_CORE.MULTI_GEM_WELL_PROCESSOR.COUNT_GEM_WELL_PROCESSOR._BASIC_SC_RNA_COUNTER._MATRIX_COMPUTER.ALIGN_AND_COUNT
2021-10-18 19:45:50 [runtime] (run:local)       ID.sample_L35463.SC_RNA_COUNTER_CS.SC_MULTI_CORE.MULTI_GEM_WELL_PROCESSOR.COUNT_GEM_WELL_PROCESSOR._BASIC_SC_RNA_COUNTER._MATRIX_COMPUTER.ALIGN_AND_COUNT.fork0.split
2021-10-18 19:45:50 [runtime] (split_complete)  ID.sample_L35463.SC_RNA_COUNTER_CS.SC_MULTI_CORE.MULTI_GEM_WELL_PROCESSOR.COUNT_GEM_WELL_PROCESSOR._BASIC_SC_RNA_COUNTER._MATRIX_COMPUTER.ALIGN_AND_COUNT
2021-10-18 19:45:50 [runtime] (run:local)       ID.sample_L35463.SC_RNA_COUNTER_CS.SC_MULTI_CORE.MULTI_GEM_WELL_PROCESSOR.COUNT_GEM_WELL_PROCESSOR._BASIC_SC_RNA_COUNTER._MATRIX_COMPUTER.ALIGN_AND_COUNT.fork0.chnk0.main
2021-10-18 19:45:50 [runtime] (run:local)       ID.sample_L35463.SC_RNA_COUNTER_CS.SC_MULTI_CORE.MULTI_GEM_WELL_PROCESSOR.COUNT_GEM_WELL_PROCESSOR._BASIC_SC_RNA_COUNTER._MATRIX_COMPUTER.ALIGN_AND_COUNT.fork0.chnk1.main
2021-10-18 19:45:50 [runtime] (run:local)       ID.sample_L35463.SC_RNA_COUNTER_CS.SC_MULTI_CORE.MULTI_GEM_WELL_PROCESSOR.COUNT_GEM_WELL_PROCESSOR._BASIC_SC_RNA_COUNTER._MATRIX_COMPUTER.ALIGN_AND_COUNT.fork0.chnk2.main
2021-10-18 19:45:50 [runtime] (run:local)       ID.sample_L35463.SC_RNA_COUNTER_CS.SC_MULTI_CORE.MULTI_GEM_WELL_PROCESSOR.COUNT_GEM_WELL_PROCESSOR._BASIC_SC_RNA_COUNTER._MATRIX_COMPUTER.ALIGN_AND_COUNT.fork0.chnk3.main
2021-10-18 19:45:50 [runtime] (chunks_complete) ID.sample_L35463.SC_RNA_COUNTER_CS.SC_MULTI_CORE.MULTI_GEM_WELL_PROCESSOR.COUNT_GEM_WELL_PROCESSOR._BASIC_SC_RNA_COUNTER._MATRIX_COMPUTER.WRITE_BARCODE_INDEX
2021-10-18 19:51:52 [runtime] (update)          ID.sample_L35463.SC_RNA_COUNTER_CS.SC_MULTI_CORE.MULTI_GEM_WELL_PROCESSOR.COUNT_GEM_WELL_PROCESSOR._BASIC_SC_RNA_COUNTER._MATRIX_COMPUTER.ALIGN_AND_COUNT.fork0 chunks running (0/4 completed)
2021-10-18 19:55:18 [runtime] (chunks_complete) ID.sample_L35463.SC_RNA_COUNTER_CS.SC_MULTI_CORE.MULTI_GEM_WELL_PROCESSOR.COUNT_GEM_WELL_PROCESSOR._BASIC_SC_RNA_COUNTER._MATRIX_COMPUTER.ALIGN_AND_COUNT
2021-10-18 19:55:18 [runtime] (run:local)       ID.sample_L35463.SC_RNA_COUNTER_CS.SC_MULTI_CORE.MULTI_GEM_WELL_PROCESSOR.COUNT_GEM_WELL_PROCESSOR._BASIC_SC_RNA_COUNTER._MATRIX_COMPUTER.ALIGN_AND_COUNT.fork0.join
2021-10-18 19:55:19 [runtime] (join_complete)   ID.sample_L35463.SC_RNA_COUNTER_CS.SC_MULTI_CORE.MULTI_GEM_WELL_PROCESSOR.COUNT_GEM_WELL_PROCESSOR._BASIC_SC_RNA_COUNTER._MATRIX_COMPUTER.ALIGN_AND_COUNT
2021-10-18 19:55:19 [runtime] (ready)           ID.sample_L35463.SC_RNA_COUNTER_CS.SC_MULTI_CORE.MULTI_GEM_WELL_PROCESSOR.COUNT_GEM_WELL_PROCESSOR._BASIC_SC_RNA_COUNTER._MATRIX_COMPUTER.WRITE_H5_MATRIX
2021-10-18 19:55:19 [runtime] (run:local)       ID.sample_L35463.SC_RNA_COUNTER_CS.SC_MULTI_CORE.MULTI_GEM_WELL_PROCESSOR.COUNT_GEM_WELL_PROCESSOR._BASIC_SC_RNA_COUNTER._MATRIX_COMPUTER.WRITE_H5_MATRIX.fork0.chnk0.main
2021-10-18 19:55:19 [runtime] (ready)           ID.sample_L35463.SC_RNA_COUNTER_CS.SC_MULTI_CORE.MULTI_GEM_WELL_PROCESSOR.COUNT_GEM_WELL_PROCESSOR._BASIC_SC_RNA_COUNTER._MATRIX_COMPUTER.WRITE_MATRIX_MARKET
2021-10-18 19:55:19 [runtime] (run:local)       ID.sample_L35463.SC_RNA_COUNTER_CS.SC_MULTI_CORE.MULTI_GEM_WELL_PROCESSOR.COUNT_GEM_WELL_PROCESSOR._BASIC_SC_RNA_COUNTER._MATRIX_COMPUTER.WRITE_MATRIX_MARKET.fork0.chnk0.main
2021-10-18 19:55:19 [runtime] (ready)           ID.sample_L35463.SC_RNA_COUNTER_CS.SC_MULTI_CORE.MULTI_GEM_WELL_PROCESSOR.COUNT_GEM_WELL_PROCESSOR._BASIC_SC_RNA_COUNTER._MATRIX_COMPUTER.WRITE_BARCODE_SUMMARY
2021-10-18 19:55:19 [runtime] (run:local)       ID.sample_L35463.SC_RNA_COUNTER_CS.SC_MULTI_CORE.MULTI_GEM_WELL_PROCESSOR.COUNT_GEM_WELL_PROCESSOR._BASIC_SC_RNA_COUNTER._MATRIX_COMPUTER.WRITE_BARCODE_SUMMARY.fork0.chnk0.main
2021-10-18 19:55:19 [runtime] (ready)           ID.sample_L35463.SC_RNA_COUNTER_CS.SC_MULTI_CORE.MULTI_GEM_WELL_PROCESSOR.COUNT_GEM_WELL_PROCESSOR._BASIC_SC_RNA_COUNTER._MATRIX_COMPUTER.COLLATE_METRICS
2021-10-18 19:55:19 [runtime] (run:local)       ID.sample_L35463.SC_RNA_COUNTER_CS.SC_MULTI_CORE.MULTI_GEM_WELL_PROCESSOR.COUNT_GEM_WELL_PROCESSOR._BASIC_SC_RNA_COUNTER._MATRIX_COMPUTER.COLLATE_METRICS.fork0.split
2021-10-18 19:55:19 [runtime] (ready)           ID.sample_L35463.SC_RNA_COUNTER_CS.SC_MULTI_CORE.MULTI_GEM_WELL_PROCESSOR.COUNT_GEM_WELL_PROCESSOR._BASIC_SC_RNA_COUNTER.WRITE_POS_BAM
2021-10-18 19:55:19 [runtime] (run:local)       ID.sample_L35463.SC_RNA_COUNTER_CS.SC_MULTI_CORE.MULTI_GEM_WELL_PROCESSOR.COUNT_GEM_WELL_PROCESSOR._BASIC_SC_RNA_COUNTER.WRITE_POS_BAM.fork0.split
2021-10-18 19:55:19 [runtime] (split_complete)  ID.sample_L35463.SC_RNA_COUNTER_CS.SC_MULTI_CORE.MULTI_GEM_WELL_PROCESSOR.COUNT_GEM_WELL_PROCESSOR._BASIC_SC_RNA_COUNTER._MATRIX_COMPUTER.COLLATE_METRICS
2021-10-18 19:55:19 [runtime] (run:local)       ID.sample_L35463.SC_RNA_COUNTER_CS.SC_MULTI_CORE.MULTI_GEM_WELL_PROCESSOR.COUNT_GEM_WELL_PROCESSOR._BASIC_SC_RNA_COUNTER._MATRIX_COMPUTER.COLLATE_METRICS.fork0.chnk0.main
2021-10-18 19:55:19 [runtime] (split_complete)  ID.sample_L35463.SC_RNA_COUNTER_CS.SC_MULTI_CORE.MULTI_GEM_WELL_PROCESSOR.COUNT_GEM_WELL_PROCESSOR._BASIC_SC_RNA_COUNTER.WRITE_POS_BAM
2021-10-18 19:55:19 [runtime] (run:local)       ID.sample_L35463.SC_RNA_COUNTER_CS.SC_MULTI_CORE.MULTI_GEM_WELL_PROCESSOR.COUNT_GEM_WELL_PROCESSOR._BASIC_SC_RNA_COUNTER.WRITE_POS_BAM.fork0.chnk0.main
2021-10-18 19:55:19 [runtime] (run:local)       ID.sample_L35463.SC_RNA_COUNTER_CS.SC_MULTI_CORE.MULTI_GEM_WELL_PROCESSOR.COUNT_GEM_WELL_PROCESSOR._BASIC_SC_RNA_COUNTER.WRITE_POS_BAM.fork0.chnk1.main
2021-10-18 19:55:19 [runtime] (run:local)       ID.sample_L35463.SC_RNA_COUNTER_CS.SC_MULTI_CORE.MULTI_GEM_WELL_PROCESSOR.COUNT_GEM_WELL_PROCESSOR._BASIC_SC_RNA_COUNTER.WRITE_POS_BAM.fork0.chnk2.main
2021-10-18 19:55:19 [runtime] (run:local)       ID.sample_L35463.SC_RNA_COUNTER_CS.SC_MULTI_CORE.MULTI_GEM_WELL_PROCESSOR.COUNT_GEM_WELL_PROCESSOR._BASIC_SC_RNA_COUNTER.WRITE_POS_BAM.fork0.chnk3.main
2021-10-18 19:55:24 [runtime] (chunks_complete) ID.sample_L35463.SC_RNA_COUNTER_CS.SC_MULTI_CORE.MULTI_GEM_WELL_PROCESSOR.COUNT_GEM_WELL_PROCESSOR._BASIC_SC_RNA_COUNTER._MATRIX_COMPUTER.COLLATE_METRICS
2021-10-18 19:55:24 [runtime] (run:local)       ID.sample_L35463.SC_RNA_COUNTER_CS.SC_MULTI_CORE.MULTI_GEM_WELL_PROCESSOR.COUNT_GEM_WELL_PROCESSOR._BASIC_SC_RNA_COUNTER._MATRIX_COMPUTER.COLLATE_METRICS.fork0.join
2021-10-18 19:55:24 [runtime] (join_complete)   ID.sample_L35463.SC_RNA_COUNTER_CS.SC_MULTI_CORE.MULTI_GEM_WELL_PROCESSOR.COUNT_GEM_WELL_PROCESSOR._BASIC_SC_RNA_COUNTER._MATRIX_COMPUTER.COLLATE_METRICS
2021-10-18 19:55:24 [runtime] (ready)           ID.sample_L35463.SC_RNA_COUNTER_CS.SC_MULTI_CORE.MULTI_GEM_WELL_PROCESSOR.COUNT_GEM_WELL_PROCESSOR._BASIC_SC_RNA_COUNTER._MATRIX_COMPUTER.MERGE_METRICS
2021-10-18 19:55:24 [runtime] (run:local)       ID.sample_L35463.SC_RNA_COUNTER_CS.SC_MULTI_CORE.MULTI_GEM_WELL_PROCESSOR.COUNT_GEM_WELL_PROCESSOR._BASIC_SC_RNA_COUNTER._MATRIX_COMPUTER.MERGE_METRICS.fork0.chnk0.main
2021-10-18 19:55:24 [runtime] (chunks_complete) ID.sample_L35463.SC_RNA_COUNTER_CS.SC_MULTI_CORE.MULTI_GEM_WELL_PROCESSOR.COUNT_GEM_WELL_PROCESSOR._BASIC_SC_RNA_COUNTER._MATRIX_COMPUTER.MERGE_METRICS
2021-10-18 19:55:26 [runtime] (chunks_complete) ID.sample_L35463.SC_RNA_COUNTER_CS.SC_MULTI_CORE.MULTI_GEM_WELL_PROCESSOR.COUNT_GEM_WELL_PROCESSOR._BASIC_SC_RNA_COUNTER._MATRIX_COMPUTER.WRITE_H5_MATRIX
2021-10-18 19:55:26 [runtime] (ready)           ID.sample_L35463.SC_RNA_COUNTER_CS.SC_MULTI_CORE.MULTI_GEM_WELL_PROCESSOR.COUNT_GEM_WELL_PROCESSOR._BASIC_SC_RNA_COUNTER.FILTER_BARCODES
2021-10-18 19:55:26 [runtime] (run:local)       ID.sample_L35463.SC_RNA_COUNTER_CS.SC_MULTI_CORE.MULTI_GEM_WELL_PROCESSOR.COUNT_GEM_WELL_PROCESSOR._BASIC_SC_RNA_COUNTER.FILTER_BARCODES.fork0.split
2021-10-18 19:55:28 [runtime] (chunks_complete) ID.sample_L35463.SC_RNA_COUNTER_CS.SC_MULTI_CORE.MULTI_GEM_WELL_PROCESSOR.COUNT_GEM_WELL_PROCESSOR._BASIC_SC_RNA_COUNTER._MATRIX_COMPUTER.WRITE_MATRIX_MARKET
2021-10-18 19:55:32 [runtime] (chunks_complete) ID.sample_L35463.SC_RNA_COUNTER_CS.SC_MULTI_CORE.MULTI_GEM_WELL_PROCESSOR.COUNT_GEM_WELL_PROCESSOR._BASIC_SC_RNA_COUNTER._MATRIX_COMPUTER.WRITE_BARCODE_SUMMARY
2021-10-18 19:55:37 [runtime] (split_complete)  ID.sample_L35463.SC_RNA_COUNTER_CS.SC_MULTI_CORE.MULTI_GEM_WELL_PROCESSOR.COUNT_GEM_WELL_PROCESSOR._BASIC_SC_RNA_COUNTER.FILTER_BARCODES
2021-10-18 19:55:37 [runtime] (run:local)       ID.sample_L35463.SC_RNA_COUNTER_CS.SC_MULTI_CORE.MULTI_GEM_WELL_PROCESSOR.COUNT_GEM_WELL_PROCESSOR._BASIC_SC_RNA_COUNTER.FILTER_BARCODES.fork0.join
2021-10-18 19:56:38 [runtime] (join_complete)   ID.sample_L35463.SC_RNA_COUNTER_CS.SC_MULTI_CORE.MULTI_GEM_WELL_PROCESSOR.COUNT_GEM_WELL_PROCESSOR._BASIC_SC_RNA_COUNTER.FILTER_BARCODES
2021-10-18 19:56:38 [runtime] (ready)           ID.sample_L35463.SC_RNA_COUNTER_CS.SC_MULTI_CORE.MULTI_GEM_WELL_PROCESSOR.VDJ_T_GEM_WELL_PROCESSOR.SC_VDJ_CONTIG_ASSEMBLER.HANDLE_GEX_CELLS
2021-10-18 19:56:38 [runtime] (ready)           ID.sample_L35463.SC_RNA_COUNTER_CS.SC_MULTI_CORE.MULTI_GEM_WELL_PROCESSOR.VDJ_B_GEM_WELL_PROCESSOR.SC_VDJ_CONTIG_ASSEMBLER.HANDLE_GEX_CELLS
2021-10-18 19:56:38 [runtime] (ready)           ID.sample_L35463.SC_RNA_COUNTER_CS.SC_MULTI_CORE.MULTI_GEM_WELL_PROCESSOR.COUNT_GEM_WELL_PROCESSOR._BASIC_SC_RNA_COUNTER._ASSIGN_TAGS.INFER_GEM_WELL_THROUGHPUT
2021-10-18 19:56:38 [runtime] (run:local)       ID.sample_L35463.SC_RNA_COUNTER_CS.SC_MULTI_CORE.MULTI_GEM_WELL_PROCESSOR.COUNT_GEM_WELL_PROCESSOR._BASIC_SC_RNA_COUNTER._ASSIGN_TAGS.INFER_GEM_WELL_THROUGHPUT.fork0.split
2021-10-18 19:56:38 [runtime] (ready)           ID.sample_L35463.SC_RNA_COUNTER_CS.SC_MULTI_CORE.MULTI_GEM_WELL_PROCESSOR.COUNT_GEM_WELL_PROCESSOR._BASIC_SC_RNA_COUNTER._CELLS_REPORTER.WRITE_MOLECULE_INFO
2021-10-18 19:56:38 [runtime] (run:local)       ID.sample_L35463.SC_RNA_COUNTER_CS.SC_MULTI_CORE.MULTI_GEM_WELL_PROCESSOR.COUNT_GEM_WELL_PROCESSOR._BASIC_SC_RNA_COUNTER._CELLS_REPORTER.WRITE_MOLECULE_INFO.fork0.chnk0.main
2021-10-18 19:56:38 [runtime] (ready)           ID.sample_L35463.SC_RNA_COUNTER_CS.SC_MULTI_CORE.VDJ_B_CLONOTYPE_ASSIGNER.CLONOTYPE_ASSIGNER.RUN_ENCLONE
2021-10-18 19:56:38 [runtime] (ready)           ID.sample_L35463.SC_RNA_COUNTER_CS.SC_MULTI_CORE.VDJ_T_CLONOTYPE_ASSIGNER.CLONOTYPE_ASSIGNER.RUN_ENCLONE
2021-10-18 19:56:38 [runtime] (ready)           ID.sample_L35463.SC_RNA_COUNTER_CS.SC_MULTI_CORE.VDJ_B_CLONOTYPE_ASSIGNER.CLONOTYPE_ASSIGNER.WRITE_CONSENSUS_TXT
2021-10-18 19:56:38 [runtime] (ready)           ID.sample_L35463.SC_RNA_COUNTER_CS.SC_MULTI_CORE.VDJ_B_CLONOTYPE_ASSIGNER.CLONOTYPE_ASSIGNER.FILL_CLONOTYPE_INFO
2021-10-18 19:56:38 [runtime] (ready)           ID.sample_L35463.SC_RNA_COUNTER_CS.SC_MULTI_CORE.MULTI_REPORTER.VDJ_B_REPORTER.VLOUPE_PREPROCESS
2021-10-18 19:56:38 [runtime] (ready)           ID.sample_L35463.SC_RNA_COUNTER_CS.SC_MULTI_CORE.VDJ_B_CLONOTYPE_ASSIGNER.CLONOTYPE_ASSIGNER.WRITE_CLONOTYPE_OUTS
2021-10-18 19:56:38 [runtime] (ready)           ID.sample_L35463.SC_RNA_COUNTER_CS.SC_MULTI_CORE.COPY_VDJ_REFERENCE
2021-10-18 19:56:38 [runtime] (ready)           ID.sample_L35463.SC_RNA_COUNTER_CS.SC_MULTI_CORE.MULTI_REPORTER.VDJ_T_REPORTER.VLOUPE_PREPROCESS
2021-10-18 19:56:38 [runtime] (ready)           ID.sample_L35463.SC_RNA_COUNTER_CS.SC_MULTI_CORE.VDJ_B_CLONOTYPE_ASSIGNER.CLONOTYPE_ASSIGNER.WRITE_CONSENSUS_BAM
2021-10-18 19:56:38 [runtime] (ready)           ID.sample_L35463.SC_RNA_COUNTER_CS.SC_MULTI_CORE.VDJ_T_CLONOTYPE_ASSIGNER.CLONOTYPE_ASSIGNER.WRITE_CLONOTYPE_OUTS
2021-10-18 19:56:38 [runtime] (ready)           ID.sample_L35463.SC_RNA_COUNTER_CS.SC_MULTI_CORE.VDJ_T_CLONOTYPE_ASSIGNER.CLONOTYPE_ASSIGNER.FILL_CLONOTYPE_INFO
2021-10-18 19:56:38 [runtime] (ready)           ID.sample_L35463.SC_RNA_COUNTER_CS.SC_MULTI_CORE.VDJ_T_CLONOTYPE_ASSIGNER.CLONOTYPE_ASSIGNER.WRITE_CONSENSUS_TXT
2021-10-18 19:56:38 [runtime] (ready)           ID.sample_L35463.SC_RNA_COUNTER_CS.SC_MULTI_CORE.VDJ_B_CLONOTYPE_ASSIGNER.CLONOTYPE_ASSIGNER.WRITE_ANN_CSV
2021-10-18 19:56:38 [runtime] (ready)           ID.sample_L35463.SC_RNA_COUNTER_CS.SC_MULTI_CORE.VDJ_B_CLONOTYPE_ASSIGNER.HANDLE_NO_VDJ_REF
2021-10-18 19:56:38 [runtime] (ready)           ID.sample_L35463.SC_RNA_COUNTER_CS.SC_MULTI_CORE.VDJ_T_CLONOTYPE_ASSIGNER.CLONOTYPE_ASSIGNER.WRITE_ANN_CSV
2021-10-18 19:56:38 [runtime] (ready)           ID.sample_L35463.SC_RNA_COUNTER_CS.SC_MULTI_CORE.VDJ_B_CLONOTYPE_ASSIGNER.CLONOTYPE_ASSIGNER.WRITE_CONCAT_REF_OUTS
2021-10-18 19:56:38 [runtime] (ready)           ID.sample_L35463.SC_RNA_COUNTER_CS.SC_MULTI_CORE.VDJ_T_CLONOTYPE_ASSIGNER.HANDLE_NO_VDJ_REF
2021-10-18 19:56:38 [runtime] (ready)           ID.sample_L35463.SC_RNA_COUNTER_CS.SC_MULTI_CORE.VDJ_T_CLONOTYPE_ASSIGNER.CLONOTYPE_ASSIGNER.WRITE_CONCAT_REF_OUTS
2021-10-18 19:56:38 [runtime] (ready)           ID.sample_L35463.SC_RNA_COUNTER_CS.SC_MULTI_CORE.VDJ_T_CLONOTYPE_ASSIGNER.CLONOTYPE_ASSIGNER.WRITE_CONSENSUS_BAM
2021-10-18 19:56:38 [runtime] (ready)           ID.sample_L35463.SC_RNA_COUNTER_CS.SC_MULTI_CORE.MULTI_REPORTER.VDJ_B_REPORTER.WRITE_CONTIG_OUTS
2021-10-18 19:56:38 [runtime] (ready)           ID.sample_L35463.SC_RNA_COUNTER_CS.SC_MULTI_CORE.VDJ_T_CLONOTYPE_ASSIGNER.CLONOTYPE_ASSIGNER.CREATE_AIRR_TSV
2021-10-18 19:56:38 [runtime] (ready)           ID.sample_L35463.SC_RNA_COUNTER_CS.SC_MULTI_CORE.MULTI_REPORTER.VDJ_T_REPORTER.WRITE_CONTIG_OUTS
2021-10-18 19:56:38 [runtime] (ready)           ID.sample_L35463.SC_RNA_COUNTER_CS.SC_MULTI_CORE.VDJ_B_CLONOTYPE_ASSIGNER.CLONOTYPE_ASSIGNER.CREATE_AIRR_TSV
2021-10-18 19:56:38 [runtime] (ready)           ID.sample_L35463.SC_RNA_COUNTER_CS.SC_MULTI_CORE.MULTI_REPORTER.VDJ_B_REPORTER.REPORT_CONTIGS
2021-10-18 19:56:38 [runtime] (ready)           ID.sample_L35463.SC_RNA_COUNTER_CS.SC_MULTI_CORE.MULTI_REPORTER.VDJ_T_REPORTER.REPORT_CONTIGS
2021-10-18 19:56:38 [runtime] (ready)           ID.sample_L35463.SC_RNA_COUNTER_CS.SC_MULTI_CORE.MULTI_REPORTER.VDJ_B_REPORTER.SUMMARIZE_VDJ_REPORTS
2021-10-18 19:56:38 [runtime] (ready)           ID.sample_L35463.SC_RNA_COUNTER_CS.SC_MULTI_CORE.MULTI_REPORTER.VDJ_T_REPORTER.SUMMARIZE_VDJ_REPORTS
2021-10-18 19:56:38 [runtime] (ready)           ID.sample_L35463.SC_RNA_COUNTER_CS.SC_MULTI_CORE.MULTI_REPORTER.VDJ_B_REPORTER.WRITE_CONTIG_PROTO
2021-10-18 19:56:38 [runtime] (ready)           ID.sample_L35463.SC_RNA_COUNTER_CS.SC_MULTI_CORE.MULTI_REPORTER.VDJ_T_REPORTER.WRITE_CONTIG_PROTO
2021-10-18 19:56:40 [runtime] (split_complete)  ID.sample_L35463.SC_RNA_COUNTER_CS.SC_MULTI_CORE.MULTI_GEM_WELL_PROCESSOR.COUNT_GEM_WELL_PROCESSOR._BASIC_SC_RNA_COUNTER._ASSIGN_TAGS.INFER_GEM_WELL_THROUGHPUT
2021-10-18 19:56:40 [runtime] (run:local)       ID.sample_L35463.SC_RNA_COUNTER_CS.SC_MULTI_CORE.MULTI_GEM_WELL_PROCESSOR.COUNT_GEM_WELL_PROCESSOR._BASIC_SC_RNA_COUNTER._ASSIGN_TAGS.INFER_GEM_WELL_THROUGHPUT.fork0.join
2021-10-18 19:56:43 [runtime] (join_complete)   ID.sample_L35463.SC_RNA_COUNTER_CS.SC_MULTI_CORE.MULTI_GEM_WELL_PROCESSOR.COUNT_GEM_WELL_PROCESSOR._BASIC_SC_RNA_COUNTER._ASSIGN_TAGS.INFER_GEM_WELL_THROUGHPUT
2021-10-18 19:56:43 [runtime] (ready)           ID.sample_L35463.SC_RNA_COUNTER_CS.SC_MULTI_CORE.MULTI_GEM_WELL_PROCESSOR.COUNT_GEM_WELL_PROCESSOR._BASIC_SC_RNA_COUNTER._ASSIGN_TAGS.CALL_TAGS_MARGINAL
2021-10-18 19:56:43 [runtime] (run:local)       ID.sample_L35463.SC_RNA_COUNTER_CS.SC_MULTI_CORE.MULTI_GEM_WELL_PROCESSOR.COUNT_GEM_WELL_PROCESSOR._BASIC_SC_RNA_COUNTER._ASSIGN_TAGS.CALL_TAGS_MARGINAL.fork0.split
2021-10-18 19:56:45 [runtime] (split_complete)  ID.sample_L35463.SC_RNA_COUNTER_CS.SC_MULTI_CORE.MULTI_GEM_WELL_PROCESSOR.COUNT_GEM_WELL_PROCESSOR._BASIC_SC_RNA_COUNTER._ASSIGN_TAGS.CALL_TAGS_MARGINAL
2021-10-18 19:56:45 [runtime] (run:local)       ID.sample_L35463.SC_RNA_COUNTER_CS.SC_MULTI_CORE.MULTI_GEM_WELL_PROCESSOR.COUNT_GEM_WELL_PROCESSOR._BASIC_SC_RNA_COUNTER._ASSIGN_TAGS.CALL_TAGS_MARGINAL.fork0.join
2021-10-18 19:56:47 [runtime] (join_complete)   ID.sample_L35463.SC_RNA_COUNTER_CS.SC_MULTI_CORE.MULTI_GEM_WELL_PROCESSOR.COUNT_GEM_WELL_PROCESSOR._BASIC_SC_RNA_COUNTER._ASSIGN_TAGS.CALL_TAGS_MARGINAL
2021-10-18 19:56:54 [runtime] (chunks_complete) ID.sample_L35463.SC_RNA_COUNTER_CS.SC_MULTI_CORE.MULTI_GEM_WELL_PROCESSOR.COUNT_GEM_WELL_PROCESSOR._BASIC_SC_RNA_COUNTER._CELLS_REPORTER.WRITE_MOLECULE_INFO
2021-10-18 19:56:54 [runtime] (ready)           ID.sample_L35463.SC_RNA_COUNTER_CS.SC_MULTI_CORE.MULTI_GEM_WELL_PROCESSOR.COUNT_GEM_WELL_PROCESSOR._BASIC_SC_RNA_COUNTER._ASSIGN_TAGS.CALL_TAGS_JIBES
2021-10-18 19:56:54 [runtime] (run:local)       ID.sample_L35463.SC_RNA_COUNTER_CS.SC_MULTI_CORE.MULTI_GEM_WELL_PROCESSOR.COUNT_GEM_WELL_PROCESSOR._BASIC_SC_RNA_COUNTER._ASSIGN_TAGS.CALL_TAGS_JIBES.fork0.split
2021-10-18 19:56:54 [runtime] (ready)           ID.sample_L35463.SC_RNA_COUNTER_CS.SC_MULTI_CORE.MULTI_GEM_WELL_PROCESSOR.COUNT_GEM_WELL_PROCESSOR._BASIC_SC_RNA_COUNTER._CELLS_REPORTER.SUBSAMPLE_READS
2021-10-18 19:56:54 [runtime] (run:local)       ID.sample_L35463.SC_RNA_COUNTER_CS.SC_MULTI_CORE.MULTI_GEM_WELL_PROCESSOR.COUNT_GEM_WELL_PROCESSOR._BASIC_SC_RNA_COUNTER._CELLS_REPORTER.SUBSAMPLE_READS.fork0.split
2021-10-18 19:56:56 [runtime] (split_complete)  ID.sample_L35463.SC_RNA_COUNTER_CS.SC_MULTI_CORE.MULTI_GEM_WELL_PROCESSOR.COUNT_GEM_WELL_PROCESSOR._BASIC_SC_RNA_COUNTER._CELLS_REPORTER.SUBSAMPLE_READS
2021-10-18 19:56:56 [runtime] (run:local)       ID.sample_L35463.SC_RNA_COUNTER_CS.SC_MULTI_CORE.MULTI_GEM_WELL_PROCESSOR.COUNT_GEM_WELL_PROCESSOR._BASIC_SC_RNA_COUNTER._CELLS_REPORTER.SUBSAMPLE_READS.fork0.chnk0.main
2021-10-18 19:56:56 [runtime] (run:local)       ID.sample_L35463.SC_RNA_COUNTER_CS.SC_MULTI_CORE.MULTI_GEM_WELL_PROCESSOR.COUNT_GEM_WELL_PROCESSOR._BASIC_SC_RNA_COUNTER._CELLS_REPORTER.SUBSAMPLE_READS.fork0.chnk1.main
2021-10-18 19:56:59 [runtime] (split_complete)  ID.sample_L35463.SC_RNA_COUNTER_CS.SC_MULTI_CORE.MULTI_GEM_WELL_PROCESSOR.COUNT_GEM_WELL_PROCESSOR._BASIC_SC_RNA_COUNTER._ASSIGN_TAGS.CALL_TAGS_JIBES
2021-10-18 19:56:59 [runtime] (run:local)       ID.sample_L35463.SC_RNA_COUNTER_CS.SC_MULTI_CORE.MULTI_GEM_WELL_PROCESSOR.COUNT_GEM_WELL_PROCESSOR._BASIC_SC_RNA_COUNTER._ASSIGN_TAGS.CALL_TAGS_JIBES.fork0.join
2021-10-18 19:57:01 [runtime] (join_complete)   ID.sample_L35463.SC_RNA_COUNTER_CS.SC_MULTI_CORE.MULTI_GEM_WELL_PROCESSOR.COUNT_GEM_WELL_PROCESSOR._BASIC_SC_RNA_COUNTER._ASSIGN_TAGS.CALL_TAGS_JIBES
2021-10-18 19:57:01 [runtime] (ready)           ID.sample_L35463.SC_RNA_COUNTER_CS.SC_MULTI_CORE.MULTI_GEM_WELL_PROCESSOR.COUNT_GEM_WELL_PROCESSOR._BASIC_SC_RNA_COUNTER._ASSIGN_TAGS.DETERMINE_SAMPLE_ASSIGNMENTS
2021-10-18 19:57:01 [runtime] (run:local)       ID.sample_L35463.SC_RNA_COUNTER_CS.SC_MULTI_CORE.MULTI_GEM_WELL_PROCESSOR.COUNT_GEM_WELL_PROCESSOR._BASIC_SC_RNA_COUNTER._ASSIGN_TAGS.DETERMINE_SAMPLE_ASSIGNMENTS.fork0.chnk0.main
2021-10-18 19:57:02 [runtime] (chunks_complete) ID.sample_L35463.SC_RNA_COUNTER_CS.SC_MULTI_CORE.MULTI_GEM_WELL_PROCESSOR.COUNT_GEM_WELL_PROCESSOR._BASIC_SC_RNA_COUNTER._ASSIGN_TAGS.DETERMINE_SAMPLE_ASSIGNMENTS
2021-10-18 19:57:02 [runtime] (ready)           ID.sample_L35463.SC_RNA_COUNTER_CS.SC_MULTI_CORE.MULTI_GEM_WELL_PROCESSOR.COUNT_GEM_WELL_PROCESSOR._BASIC_SC_RNA_COUNTER.MULTI_COLLATE_PER_SAMPLE_METRICS
2021-10-18 19:57:02 [runtime] (ready)           ID.sample_L35463.SC_RNA_COUNTER_CS.SC_MULTI_CORE.MULTI_GEM_WELL_PROCESSOR.COUNT_GEM_WELL_PROCESSOR._BASIC_SC_RNA_COUNTER.MULTI_WRITE_PER_SAMPLE_BAM
2021-10-18 19:57:02 [runtime] (ready)           ID.sample_L35463.SC_RNA_COUNTER_CS.SC_MULTI_CORE.MULTI_GEM_WELL_PROCESSOR.COUNT_GEM_WELL_PROCESSOR._BASIC_SC_RNA_COUNTER.MULTI_WRITE_PER_SAMPLE_MATRICES
2021-10-18 19:57:02 [runtime] (ready)           ID.sample_L35463.SC_RNA_COUNTER_CS.SC_MULTI_CORE.MULTI_GEM_WELL_PROCESSOR.COUNT_GEM_WELL_PROCESSOR._BASIC_SC_RNA_COUNTER._ASSIGN_TAGS.COMPUTE_EXTRA_MULTIPLEXING_METRICS
2021-10-18 19:57:02 [runtime] (run:local)       ID.sample_L35463.SC_RNA_COUNTER_CS.SC_MULTI_CORE.MULTI_GEM_WELL_PROCESSOR.COUNT_GEM_WELL_PROCESSOR._BASIC_SC_RNA_COUNTER._ASSIGN_TAGS.COMPUTE_EXTRA_MULTIPLEXING_METRICS.fork0.split
2021-10-18 19:57:02 [runtime] (ready)           ID.sample_L35463.SC_RNA_COUNTER_CS.SC_MULTI_CORE.MULTI_GEM_WELL_PROCESSOR.COUNT_GEM_WELL_PROCESSOR._BASIC_SC_RNA_COUNTER.MULTI_WRITE_PER_SAMPLE_MOLECULE_INFO
2021-10-18 19:57:02 [runtime] (ready)           ID.sample_L35463.SC_RNA_COUNTER_CS.SC_MULTI_CORE.STRUCTIFY_PER_SAMPLE_OUTS
2021-10-18 19:57:02 [runtime] (run:local)       ID.sample_L35463.SC_RNA_COUNTER_CS.SC_MULTI_CORE.STRUCTIFY_PER_SAMPLE_OUTS.fork0.chnk0.main
2021-10-18 19:57:02 [runtime] (chunks_complete) ID.sample_L35463.SC_RNA_COUNTER_CS.SC_MULTI_CORE.STRUCTIFY_PER_SAMPLE_OUTS
2021-10-18 19:57:02 [runtime] (ready)           ID.sample_L35463.SC_RNA_COUNTER_CS.SC_MULTI_CORE.DISABLE_FEATURE_STAGES
2021-10-18 19:57:02 [runtime] (run:local)       ID.sample_L35463.SC_RNA_COUNTER_CS.SC_MULTI_CORE.DISABLE_FEATURE_STAGES.fork0.chnk0.main
2021-10-18 19:57:02 [runtime] (chunks_complete) ID.sample_L35463.SC_RNA_COUNTER_CS.SC_MULTI_CORE.DISABLE_FEATURE_STAGES
2021-10-18 19:57:02 [runtime] (ready)           ID.sample_L35463.SC_RNA_COUNTER_CS.SC_MULTI_CORE.COUNT_ANALYZER.SC_RNA_ANALYZER.ANALYZER_PREFLIGHT
2021-10-18 19:57:02 [runtime] (run:local)       ID.sample_L35463.SC_RNA_COUNTER_CS.SC_MULTI_CORE.COUNT_ANALYZER.SC_RNA_ANALYZER.ANALYZER_PREFLIGHT.fork0.chnk0.main
2021-10-18 19:57:02 [runtime] (ready)           ID.sample_L35463.SC_RNA_COUNTER_CS.SC_MULTI_CORE.COUNT_ANALYZER._TARGETED_ANALYZER.SUBSAMPLE_ON_TARGET_READS
2021-10-18 19:57:02 [runtime] (ready)           ID.sample_L35463.SC_RNA_COUNTER_CS.SC_MULTI_CORE.COUNT_ANALYZER._TARGETED_ANALYZER.SUBSAMPLE_OFF_TARGET_READS
2021-10-18 19:57:02 [runtime] (ready)           ID.sample_L35463.SC_RNA_COUNTER_CS.SC_MULTI_CORE.COUNT_ANALYZER._ANTIBODY_ANALYZER.CALL_ANTIBODIES
2021-10-18 19:57:02 [runtime] (ready)           ID.sample_L35463.SC_RNA_COUNTER_CS.SC_MULTI_CORE.COUNT_ANALYZER._ANTIBODY_ANALYZER.SUMMARIZE_ANTIBODY_ANALYSIS
2021-10-18 19:57:03 [runtime] (split_complete)  ID.sample_L35463.SC_RNA_COUNTER_CS.SC_MULTI_CORE.MULTI_GEM_WELL_PROCESSOR.COUNT_GEM_WELL_PROCESSOR._BASIC_SC_RNA_COUNTER._ASSIGN_TAGS.COMPUTE_EXTRA_MULTIPLEXING_METRICS
2021-10-18 19:57:03 [runtime] (run:local)       ID.sample_L35463.SC_RNA_COUNTER_CS.SC_MULTI_CORE.MULTI_GEM_WELL_PROCESSOR.COUNT_GEM_WELL_PROCESSOR._BASIC_SC_RNA_COUNTER._ASSIGN_TAGS.COMPUTE_EXTRA_MULTIPLEXING_METRICS.fork0.join
2021-10-18 19:57:04 [runtime] (join_complete)   ID.sample_L35463.SC_RNA_COUNTER_CS.SC_MULTI_CORE.MULTI_GEM_WELL_PROCESSOR.COUNT_GEM_WELL_PROCESSOR._BASIC_SC_RNA_COUNTER._ASSIGN_TAGS.COMPUTE_EXTRA_MULTIPLEXING_METRICS
2021-10-18 19:57:04 [runtime] (ready)           ID.sample_L35463.SC_RNA_COUNTER_CS.SC_MULTI_CORE.MULTI_GEM_WELL_PROCESSOR.COUNT_GEM_WELL_PROCESSOR._BASIC_SC_RNA_COUNTER._ASSIGN_TAGS.MERGE_METRICS
2021-10-18 19:57:04 [runtime] (run:local)       ID.sample_L35463.SC_RNA_COUNTER_CS.SC_MULTI_CORE.MULTI_GEM_WELL_PROCESSOR.COUNT_GEM_WELL_PROCESSOR._BASIC_SC_RNA_COUNTER._ASSIGN_TAGS.MERGE_METRICS.fork0.chnk0.main
2021-10-18 19:57:04 [runtime] (chunks_complete) ID.sample_L35463.SC_RNA_COUNTER_CS.SC_MULTI_CORE.MULTI_GEM_WELL_PROCESSOR.COUNT_GEM_WELL_PROCESSOR._BASIC_SC_RNA_COUNTER._ASSIGN_TAGS.MERGE_METRICS
2021-10-18 19:57:04 [runtime] (chunks_complete) ID.sample_L35463.SC_RNA_COUNTER_CS.SC_MULTI_CORE.COUNT_ANALYZER.SC_RNA_ANALYZER.ANALYZER_PREFLIGHT
2021-10-18 19:57:04 [runtime] (ready)           ID.sample_L35463.SC_RNA_COUNTER_CS.SC_MULTI_CORE.COUNT_ANALYZER.SC_RNA_ANALYZER.PREPROCESS_MATRIX
2021-10-18 19:57:04 [runtime] (run:local)       ID.sample_L35463.SC_RNA_COUNTER_CS.SC_MULTI_CORE.COUNT_ANALYZER.SC_RNA_ANALYZER.PREPROCESS_MATRIX.fork0.split
2021-10-18 19:57:06 [runtime] (split_complete)  ID.sample_L35463.SC_RNA_COUNTER_CS.SC_MULTI_CORE.COUNT_ANALYZER.SC_RNA_ANALYZER.PREPROCESS_MATRIX
2021-10-18 19:57:06 [runtime] (run:local)       ID.sample_L35463.SC_RNA_COUNTER_CS.SC_MULTI_CORE.COUNT_ANALYZER.SC_RNA_ANALYZER.PREPROCESS_MATRIX.fork0.join
2021-10-18 19:57:12 [runtime] (join_complete)   ID.sample_L35463.SC_RNA_COUNTER_CS.SC_MULTI_CORE.COUNT_ANALYZER.SC_RNA_ANALYZER.PREPROCESS_MATRIX
2021-10-18 19:57:12 [runtime] (ready)           ID.sample_L35463.SC_RNA_COUNTER_CS.SC_MULTI_CORE.COUNT_ANALYZER.SC_RNA_ANALYZER.RUN_MULTIGENOME_ANALYSIS
2021-10-18 19:57:12 [runtime] (run:local)       ID.sample_L35463.SC_RNA_COUNTER_CS.SC_MULTI_CORE.COUNT_ANALYZER.SC_RNA_ANALYZER.RUN_MULTIGENOME_ANALYSIS.fork0.split
2021-10-18 19:57:12 [runtime] (ready)           ID.sample_L35463.SC_RNA_COUNTER_CS.SC_MULTI_CORE.COUNT_ANALYZER.SC_RNA_ANALYZER.RUN_PCA
2021-10-18 19:57:12 [runtime] (run:local)       ID.sample_L35463.SC_RNA_COUNTER_CS.SC_MULTI_CORE.COUNT_ANALYZER.SC_RNA_ANALYZER.RUN_PCA.fork0.split
2021-10-18 19:57:12 [runtime] (ready)           ID.sample_L35463.SC_RNA_COUNTER_CS.SC_MULTI_CORE.COUNT_ANALYZER.SC_RNA_ANALYZER.RUN_FBPCA
2021-10-18 19:57:12 [runtime] (ready)           ID.sample_L35463.SC_RNA_COUNTER_CS.SC_MULTI_CORE.COUNT_ANALYZER.SC_RNA_ANALYZER.CORRECT_CHEMISTRY_BATCH
2021-10-18 19:57:12 [runtime] (split_complete)  ID.sample_L35463.SC_RNA_COUNTER_CS.SC_MULTI_CORE.COUNT_ANALYZER.SC_RNA_ANALYZER.RUN_PCA
2021-10-18 19:57:12 [runtime] (run:local)       ID.sample_L35463.SC_RNA_COUNTER_CS.SC_MULTI_CORE.COUNT_ANALYZER.SC_RNA_ANALYZER.RUN_PCA.fork0.join
2021-10-18 19:57:13 [runtime] (split_complete)  ID.sample_L35463.SC_RNA_COUNTER_CS.SC_MULTI_CORE.COUNT_ANALYZER.SC_RNA_ANALYZER.RUN_MULTIGENOME_ANALYSIS
2021-10-18 19:57:13 [runtime] (run:local)       ID.sample_L35463.SC_RNA_COUNTER_CS.SC_MULTI_CORE.COUNT_ANALYZER.SC_RNA_ANALYZER.RUN_MULTIGENOME_ANALYSIS.fork0.join
2021-10-18 19:57:14 [runtime] (join_complete)   ID.sample_L35463.SC_RNA_COUNTER_CS.SC_MULTI_CORE.COUNT_ANALYZER.SC_RNA_ANALYZER.RUN_MULTIGENOME_ANALYSIS
2021-10-18 19:57:17 [runtime] (join_complete)   ID.sample_L35463.SC_RNA_COUNTER_CS.SC_MULTI_CORE.COUNT_ANALYZER.SC_RNA_ANALYZER.RUN_PCA
2021-10-18 19:57:17 [runtime] (ready)           ID.sample_L35463.SC_RNA_COUNTER_CS.SC_MULTI_CORE.COUNT_ANALYZER.SC_RNA_ANALYZER.CHOOSE_DIMENSION_REDUCTION_OUTPUT
2021-10-18 19:57:17 [runtime] (run:local)       ID.sample_L35463.SC_RNA_COUNTER_CS.SC_MULTI_CORE.COUNT_ANALYZER.SC_RNA_ANALYZER.CHOOSE_DIMENSION_REDUCTION_OUTPUT.fork0.chnk0.main
2021-10-18 19:57:17 [runtime] (chunks_complete) ID.sample_L35463.SC_RNA_COUNTER_CS.SC_MULTI_CORE.COUNT_ANALYZER.SC_RNA_ANALYZER.CHOOSE_DIMENSION_REDUCTION_OUTPUT
2021-10-18 19:57:17 [runtime] (ready)           ID.sample_L35463.SC_RNA_COUNTER_CS.SC_MULTI_CORE.COUNT_ANALYZER.SC_RNA_ANALYZER.RUN_GRAPH_CLUSTERING
2021-10-18 19:57:17 [runtime] (run:local)       ID.sample_L35463.SC_RNA_COUNTER_CS.SC_MULTI_CORE.COUNT_ANALYZER.SC_RNA_ANALYZER.RUN_GRAPH_CLUSTERING.fork0.split
2021-10-18 19:57:17 [runtime] (ready)           ID.sample_L35463.SC_RNA_COUNTER_CS.SC_MULTI_CORE.COUNT_ANALYZER.SC_RNA_ANALYZER.RUN_TSNE
2021-10-18 19:57:17 [runtime] (run:local)       ID.sample_L35463.SC_RNA_COUNTER_CS.SC_MULTI_CORE.COUNT_ANALYZER.SC_RNA_ANALYZER.RUN_TSNE.fork0.split
2021-10-18 19:57:17 [runtime] (ready)           ID.sample_L35463.SC_RNA_COUNTER_CS.SC_MULTI_CORE.COUNT_ANALYZER.SC_RNA_ANALYZER.RUN_KMEANS
2021-10-18 19:57:17 [runtime] (run:local)       ID.sample_L35463.SC_RNA_COUNTER_CS.SC_MULTI_CORE.COUNT_ANALYZER.SC_RNA_ANALYZER.RUN_KMEANS.fork0.split
2021-10-18 19:57:17 [runtime] (ready)           ID.sample_L35463.SC_RNA_COUNTER_CS.SC_MULTI_CORE.COUNT_ANALYZER.SC_RNA_ANALYZER.RUN_UMAP
2021-10-18 19:57:17 [runtime] (run:local)       ID.sample_L35463.SC_RNA_COUNTER_CS.SC_MULTI_CORE.COUNT_ANALYZER.SC_RNA_ANALYZER.RUN_UMAP.fork0.split
2021-10-18 19:57:17 [runtime] (split_complete)  ID.sample_L35463.SC_RNA_COUNTER_CS.SC_MULTI_CORE.COUNT_ANALYZER.SC_RNA_ANALYZER.RUN_GRAPH_CLUSTERING
2021-10-18 19:57:17 [runtime] (run:local)       ID.sample_L35463.SC_RNA_COUNTER_CS.SC_MULTI_CORE.COUNT_ANALYZER.SC_RNA_ANALYZER.RUN_GRAPH_CLUSTERING.fork0.join
2021-10-18 19:57:17 [runtime] (split_complete)  ID.sample_L35463.SC_RNA_COUNTER_CS.SC_MULTI_CORE.COUNT_ANALYZER.SC_RNA_ANALYZER.RUN_TSNE
2021-10-18 19:57:17 [runtime] (run:local)       ID.sample_L35463.SC_RNA_COUNTER_CS.SC_MULTI_CORE.COUNT_ANALYZER.SC_RNA_ANALYZER.RUN_TSNE.fork0.chnk0.main
2021-10-18 19:57:18 [runtime] (split_complete)  ID.sample_L35463.SC_RNA_COUNTER_CS.SC_MULTI_CORE.COUNT_ANALYZER.SC_RNA_ANALYZER.RUN_UMAP
2021-10-18 19:57:18 [runtime] (run:local)       ID.sample_L35463.SC_RNA_COUNTER_CS.SC_MULTI_CORE.COUNT_ANALYZER.SC_RNA_ANALYZER.RUN_UMAP.fork0.chnk0.main
2021-10-18 19:57:19 [runtime] (split_complete)  ID.sample_L35463.SC_RNA_COUNTER_CS.SC_MULTI_CORE.COUNT_ANALYZER.SC_RNA_ANALYZER.RUN_KMEANS
2021-10-18 19:57:19 [runtime] (run:local)       ID.sample_L35463.SC_RNA_COUNTER_CS.SC_MULTI_CORE.COUNT_ANALYZER.SC_RNA_ANALYZER.RUN_KMEANS.fork0.chnk0.main
2021-10-18 19:57:19 [runtime] (run:local)       ID.sample_L35463.SC_RNA_COUNTER_CS.SC_MULTI_CORE.COUNT_ANALYZER.SC_RNA_ANALYZER.RUN_KMEANS.fork0.chnk1.main
2021-10-18 19:57:19 [runtime] (run:local)       ID.sample_L35463.SC_RNA_COUNTER_CS.SC_MULTI_CORE.COUNT_ANALYZER.SC_RNA_ANALYZER.RUN_KMEANS.fork0.chnk2.main
2021-10-18 19:57:19 [runtime] (run:local)       ID.sample_L35463.SC_RNA_COUNTER_CS.SC_MULTI_CORE.COUNT_ANALYZER.SC_RNA_ANALYZER.RUN_KMEANS.fork0.chnk3.main
2021-10-18 19:57:19 [runtime] (run:local)       ID.sample_L35463.SC_RNA_COUNTER_CS.SC_MULTI_CORE.COUNT_ANALYZER.SC_RNA_ANALYZER.RUN_KMEANS.fork0.chnk4.main
2021-10-18 19:57:19 [runtime] (run:local)       ID.sample_L35463.SC_RNA_COUNTER_CS.SC_MULTI_CORE.COUNT_ANALYZER.SC_RNA_ANALYZER.RUN_KMEANS.fork0.chnk5.main
2021-10-18 19:57:19 [runtime] (run:local)       ID.sample_L35463.SC_RNA_COUNTER_CS.SC_MULTI_CORE.COUNT_ANALYZER.SC_RNA_ANALYZER.RUN_KMEANS.fork0.chnk6.main
2021-10-18 19:57:19 [runtime] (run:local)       ID.sample_L35463.SC_RNA_COUNTER_CS.SC_MULTI_CORE.COUNT_ANALYZER.SC_RNA_ANALYZER.RUN_KMEANS.fork0.chnk7.main
2021-10-18 19:57:19 [runtime] (run:local)       ID.sample_L35463.SC_RNA_COUNTER_CS.SC_MULTI_CORE.COUNT_ANALYZER.SC_RNA_ANALYZER.RUN_KMEANS.fork0.chnk8.main
2021-10-18 19:57:21 [runtime] (join_complete)   ID.sample_L35463.SC_RNA_COUNTER_CS.SC_MULTI_CORE.COUNT_ANALYZER.SC_RNA_ANALYZER.RUN_GRAPH_CLUSTERING
2021-10-18 19:57:26 [runtime] (chunks_complete) ID.sample_L35463.SC_RNA_COUNTER_CS.SC_MULTI_CORE.COUNT_ANALYZER.SC_RNA_ANALYZER.RUN_TSNE
2021-10-18 19:57:26 [runtime] (run:local)       ID.sample_L35463.SC_RNA_COUNTER_CS.SC_MULTI_CORE.COUNT_ANALYZER.SC_RNA_ANALYZER.RUN_TSNE.fork0.join
2021-10-18 19:57:27 [runtime] (join_complete)   ID.sample_L35463.SC_RNA_COUNTER_CS.SC_MULTI_CORE.COUNT_ANALYZER.SC_RNA_ANALYZER.RUN_TSNE
2021-10-18 19:57:29 [runtime] (chunks_complete) ID.sample_L35463.SC_RNA_COUNTER_CS.SC_MULTI_CORE.COUNT_ANALYZER.SC_RNA_ANALYZER.RUN_KMEANS
2021-10-18 19:57:29 [runtime] (run:local)       ID.sample_L35463.SC_RNA_COUNTER_CS.SC_MULTI_CORE.COUNT_ANALYZER.SC_RNA_ANALYZER.RUN_KMEANS.fork0.join
2021-10-18 19:57:31 [runtime] (join_complete)   ID.sample_L35463.SC_RNA_COUNTER_CS.SC_MULTI_CORE.COUNT_ANALYZER.SC_RNA_ANALYZER.RUN_KMEANS
2021-10-18 19:57:31 [runtime] (ready)           ID.sample_L35463.SC_RNA_COUNTER_CS.SC_MULTI_CORE.COUNT_ANALYZER.SC_RNA_ANALYZER.COMBINE_CLUSTERING
2021-10-18 19:57:31 [runtime] (run:local)       ID.sample_L35463.SC_RNA_COUNTER_CS.SC_MULTI_CORE.COUNT_ANALYZER.SC_RNA_ANALYZER.COMBINE_CLUSTERING.fork0.chnk0.main
2021-10-18 19:57:31 [runtime] (chunks_complete) ID.sample_L35463.SC_RNA_COUNTER_CS.SC_MULTI_CORE.COUNT_ANALYZER.SC_RNA_ANALYZER.COMBINE_CLUSTERING
2021-10-18 19:57:31 [runtime] (ready)           ID.sample_L35463.SC_RNA_COUNTER_CS.SC_MULTI_CORE.COUNT_ANALYZER.SC_RNA_ANALYZER.RUN_DIFFERENTIAL_EXPRESSION
2021-10-18 19:57:31 [runtime] (run:local)       ID.sample_L35463.SC_RNA_COUNTER_CS.SC_MULTI_CORE.COUNT_ANALYZER.SC_RNA_ANALYZER.RUN_DIFFERENTIAL_EXPRESSION.fork0.split
2021-10-18 19:57:31 [runtime] (split_complete)  ID.sample_L35463.SC_RNA_COUNTER_CS.SC_MULTI_CORE.COUNT_ANALYZER.SC_RNA_ANALYZER.RUN_DIFFERENTIAL_EXPRESSION
2021-10-18 19:57:31 [runtime] (run:local)       ID.sample_L35463.SC_RNA_COUNTER_CS.SC_MULTI_CORE.COUNT_ANALYZER.SC_RNA_ANALYZER.RUN_DIFFERENTIAL_EXPRESSION.fork0.chnk0.main
2021-10-18 19:57:31 [runtime] (run:local)       ID.sample_L35463.SC_RNA_COUNTER_CS.SC_MULTI_CORE.COUNT_ANALYZER.SC_RNA_ANALYZER.RUN_DIFFERENTIAL_EXPRESSION.fork0.chnk1.main
2021-10-18 19:57:31 [runtime] (run:local)       ID.sample_L35463.SC_RNA_COUNTER_CS.SC_MULTI_CORE.COUNT_ANALYZER.SC_RNA_ANALYZER.RUN_DIFFERENTIAL_EXPRESSION.fork0.chnk2.main
2021-10-18 19:57:31 [runtime] (run:local)       ID.sample_L35463.SC_RNA_COUNTER_CS.SC_MULTI_CORE.COUNT_ANALYZER.SC_RNA_ANALYZER.RUN_DIFFERENTIAL_EXPRESSION.fork0.chnk3.main
2021-10-18 19:57:31 [runtime] (run:local)       ID.sample_L35463.SC_RNA_COUNTER_CS.SC_MULTI_CORE.COUNT_ANALYZER.SC_RNA_ANALYZER.RUN_DIFFERENTIAL_EXPRESSION.fork0.chnk4.main
2021-10-18 19:57:31 [runtime] (run:local)       ID.sample_L35463.SC_RNA_COUNTER_CS.SC_MULTI_CORE.COUNT_ANALYZER.SC_RNA_ANALYZER.RUN_DIFFERENTIAL_EXPRESSION.fork0.chnk5.main
2021-10-18 19:57:31 [runtime] (run:local)       ID.sample_L35463.SC_RNA_COUNTER_CS.SC_MULTI_CORE.COUNT_ANALYZER.SC_RNA_ANALYZER.RUN_DIFFERENTIAL_EXPRESSION.fork0.chnk6.main
2021-10-18 19:57:31 [runtime] (run:local)       ID.sample_L35463.SC_RNA_COUNTER_CS.SC_MULTI_CORE.COUNT_ANALYZER.SC_RNA_ANALYZER.RUN_DIFFERENTIAL_EXPRESSION.fork0.chnk7.main
2021-10-18 19:57:31 [runtime] (run:local)       ID.sample_L35463.SC_RNA_COUNTER_CS.SC_MULTI_CORE.COUNT_ANALYZER.SC_RNA_ANALYZER.RUN_DIFFERENTIAL_EXPRESSION.fork0.chnk8.main
2021-10-18 19:57:53 [runtime] (chunks_complete) ID.sample_L35463.SC_RNA_COUNTER_CS.SC_MULTI_CORE.COUNT_ANALYZER.SC_RNA_ANALYZER.RUN_DIFFERENTIAL_EXPRESSION
2021-10-18 19:57:53 [runtime] (run:local)       ID.sample_L35463.SC_RNA_COUNTER_CS.SC_MULTI_CORE.COUNT_ANALYZER.SC_RNA_ANALYZER.RUN_DIFFERENTIAL_EXPRESSION.fork0.join
2021-10-18 19:57:53 [runtime] (chunks_complete) ID.sample_L35463.SC_RNA_COUNTER_CS.SC_MULTI_CORE.COUNT_ANALYZER.SC_RNA_ANALYZER.RUN_UMAP
2021-10-18 19:57:53 [runtime] (run:local)       ID.sample_L35463.SC_RNA_COUNTER_CS.SC_MULTI_CORE.COUNT_ANALYZER.SC_RNA_ANALYZER.RUN_UMAP.fork0.join
2021-10-18 19:57:53 [runtime] (join_complete)   ID.sample_L35463.SC_RNA_COUNTER_CS.SC_MULTI_CORE.COUNT_ANALYZER.SC_RNA_ANALYZER.RUN_UMAP
2021-10-18 19:57:54 [runtime] (join_complete)   ID.sample_L35463.SC_RNA_COUNTER_CS.SC_MULTI_CORE.COUNT_ANALYZER.SC_RNA_ANALYZER.RUN_DIFFERENTIAL_EXPRESSION
2021-10-18 19:57:54 [runtime] (ready)           ID.sample_L35463.SC_RNA_COUNTER_CS.SC_MULTI_CORE.COUNT_ANALYZER.SC_RNA_ANALYZER.SUMMARIZE_ANALYSIS
2021-10-18 19:57:54 [runtime] (run:local)       ID.sample_L35463.SC_RNA_COUNTER_CS.SC_MULTI_CORE.COUNT_ANALYZER.SC_RNA_ANALYZER.SUMMARIZE_ANALYSIS.fork0.split
2021-10-18 19:57:54 [runtime] (split_complete)  ID.sample_L35463.SC_RNA_COUNTER_CS.SC_MULTI_CORE.COUNT_ANALYZER.SC_RNA_ANALYZER.SUMMARIZE_ANALYSIS
2021-10-18 19:57:54 [runtime] (run:local)       ID.sample_L35463.SC_RNA_COUNTER_CS.SC_MULTI_CORE.COUNT_ANALYZER.SC_RNA_ANALYZER.SUMMARIZE_ANALYSIS.fork0.chnk0.main
2021-10-18 19:57:55 [runtime] (chunks_complete) ID.sample_L35463.SC_RNA_COUNTER_CS.SC_MULTI_CORE.COUNT_ANALYZER.SC_RNA_ANALYZER.SUMMARIZE_ANALYSIS
2021-10-18 19:57:55 [runtime] (run:local)       ID.sample_L35463.SC_RNA_COUNTER_CS.SC_MULTI_CORE.COUNT_ANALYZER.SC_RNA_ANALYZER.SUMMARIZE_ANALYSIS.fork0.join
2021-10-18 19:57:56 [runtime] (join_complete)   ID.sample_L35463.SC_RNA_COUNTER_CS.SC_MULTI_CORE.COUNT_ANALYZER.SC_RNA_ANALYZER.SUMMARIZE_ANALYSIS
2021-10-18 19:57:56 [runtime] (ready)           ID.sample_L35463.SC_RNA_COUNTER_CS.SC_MULTI_CORE.MULTI_REPORTER.GENERATE_LIBRARY_PLOTS
2021-10-18 19:58:19 [runtime] (chunks_complete) ID.sample_L35463.SC_RNA_COUNTER_CS.SC_MULTI_CORE.MULTI_GEM_WELL_PROCESSOR.COUNT_GEM_WELL_PROCESSOR._BASIC_SC_RNA_COUNTER.WRITE_POS_BAM
2021-10-18 19:58:19 [runtime] (run:local)       ID.sample_L35463.SC_RNA_COUNTER_CS.SC_MULTI_CORE.MULTI_GEM_WELL_PROCESSOR.COUNT_GEM_WELL_PROCESSOR._BASIC_SC_RNA_COUNTER.WRITE_POS_BAM.fork0.join
2021-10-18 19:58:38 [runtime] (join_complete)   ID.sample_L35463.SC_RNA_COUNTER_CS.SC_MULTI_CORE.MULTI_GEM_WELL_PROCESSOR.COUNT_GEM_WELL_PROCESSOR._BASIC_SC_RNA_COUNTER.WRITE_POS_BAM
2021-10-18 19:59:17 [runtime] (chunks_complete) ID.sample_L35463.SC_RNA_COUNTER_CS.SC_MULTI_CORE.MULTI_GEM_WELL_PROCESSOR.COUNT_GEM_WELL_PROCESSOR._BASIC_SC_RNA_COUNTER._CELLS_REPORTER.SUBSAMPLE_READS
2021-10-18 19:59:17 [runtime] (run:local)       ID.sample_L35463.SC_RNA_COUNTER_CS.SC_MULTI_CORE.MULTI_GEM_WELL_PROCESSOR.COUNT_GEM_WELL_PROCESSOR._BASIC_SC_RNA_COUNTER._CELLS_REPORTER.SUBSAMPLE_READS.fork0.join
2021-10-18 19:59:19 [runtime] (join_complete)   ID.sample_L35463.SC_RNA_COUNTER_CS.SC_MULTI_CORE.MULTI_GEM_WELL_PROCESSOR.COUNT_GEM_WELL_PROCESSOR._BASIC_SC_RNA_COUNTER._CELLS_REPORTER.SUBSAMPLE_READS
2021-10-18 19:59:19 [runtime] (ready)           ID.sample_L35463.SC_RNA_COUNTER_CS.SC_MULTI_CORE.MULTI_GEM_WELL_PROCESSOR.COUNT_GEM_WELL_PROCESSOR._BASIC_SC_RNA_COUNTER._CELLS_REPORTER.SUMMARIZE_BASIC_REPORTS
2021-10-18 19:59:19 [runtime] (run:local)       ID.sample_L35463.SC_RNA_COUNTER_CS.SC_MULTI_CORE.MULTI_GEM_WELL_PROCESSOR.COUNT_GEM_WELL_PROCESSOR._BASIC_SC_RNA_COUNTER._CELLS_REPORTER.SUMMARIZE_BASIC_REPORTS.fork0.split
2021-10-18 19:59:20 [runtime] (split_complete)  ID.sample_L35463.SC_RNA_COUNTER_CS.SC_MULTI_CORE.MULTI_GEM_WELL_PROCESSOR.COUNT_GEM_WELL_PROCESSOR._BASIC_SC_RNA_COUNTER._CELLS_REPORTER.SUMMARIZE_BASIC_REPORTS
2021-10-18 19:59:20 [runtime] (run:local)       ID.sample_L35463.SC_RNA_COUNTER_CS.SC_MULTI_CORE.MULTI_GEM_WELL_PROCESSOR.COUNT_GEM_WELL_PROCESSOR._BASIC_SC_RNA_COUNTER._CELLS_REPORTER.SUMMARIZE_BASIC_REPORTS.fork0.join
2021-10-18 19:59:27 [runtime] (join_complete)   ID.sample_L35463.SC_RNA_COUNTER_CS.SC_MULTI_CORE.MULTI_GEM_WELL_PROCESSOR.COUNT_GEM_WELL_PROCESSOR._BASIC_SC_RNA_COUNTER._CELLS_REPORTER.SUMMARIZE_BASIC_REPORTS
2021-10-18 19:59:27 [runtime] (ready)           ID.sample_L35463.SC_RNA_COUNTER_CS.SC_MULTI_CORE.MULTI_GEM_WELL_PROCESSOR.COUNT_GEM_WELL_PROCESSOR._BASIC_SC_RNA_COUNTER.MERGE_METRICS
2021-10-18 19:59:27 [runtime] (run:local)       ID.sample_L35463.SC_RNA_COUNTER_CS.SC_MULTI_CORE.MULTI_GEM_WELL_PROCESSOR.COUNT_GEM_WELL_PROCESSOR._BASIC_SC_RNA_COUNTER.MERGE_METRICS.fork0.chnk0.main
2021-10-18 19:59:27 [runtime] (chunks_complete) ID.sample_L35463.SC_RNA_COUNTER_CS.SC_MULTI_CORE.MULTI_GEM_WELL_PROCESSOR.COUNT_GEM_WELL_PROCESSOR._BASIC_SC_RNA_COUNTER.MERGE_METRICS
2021-10-18 19:59:27 [runtime] (ready)           ID.sample_L35463.SC_RNA_COUNTER_CS.SC_MULTI_CORE.COUNT_ANALYZER._TARGETED_ANALYZER.CALCULATE_TARGETED_METRICS
2021-10-18 19:59:27 [runtime] (ready)           ID.sample_L35463.SC_RNA_COUNTER_CS.SC_MULTI_CORE.COUNT_ANALYZER._CRISPR_ANALYZER.CALL_PROTOSPACERS
2021-10-18 19:59:27 [runtime] (ready)           ID.sample_L35463.SC_RNA_COUNTER_CS.SC_MULTI_CORE.COUNT_ANALYZER._TARGETED_ANALYZER.SUMMARIZE_TARGETED_ANALYSIS
2021-10-18 19:59:27 [runtime] (ready)           ID.sample_L35463.SC_RNA_COUNTER_CS.SC_MULTI_CORE.COUNT_ANALYZER._CRISPR_ANALYZER._PERTURBATIONS_BY_FEATURE
2021-10-18 19:59:27 [runtime] (ready)           ID.sample_L35463.SC_RNA_COUNTER_CS.SC_MULTI_CORE.COUNT_ANALYZER._CRISPR_ANALYZER._PERTURBATIONS_BY_TARGET
2021-10-18 19:59:27 [runtime] (ready)           ID.sample_L35463.SC_RNA_COUNTER_CS.SC_MULTI_CORE.MULTI_REPORTER.SUMMARIZE_REPORTS
2021-10-18 19:59:27 [runtime] (run:local)       ID.sample_L35463.SC_RNA_COUNTER_CS.SC_MULTI_CORE.MULTI_REPORTER.SUMMARIZE_REPORTS.fork0.chnk0.main
2021-10-18 19:59:27 [runtime] (ready)           ID.sample_L35463.SC_RNA_COUNTER_CS.SC_MULTI_CORE.COUNT_ANALYZER._CRISPR_ANALYZER.SUMMARIZE_CRISPR_ANALYSIS
2021-10-18 19:59:33 [runtime] (chunks_complete) ID.sample_L35463.SC_RNA_COUNTER_CS.SC_MULTI_CORE.MULTI_REPORTER.SUMMARIZE_REPORTS
2021-10-18 19:59:33 [runtime] (ready)           ID.sample_L35463.SC_RNA_COUNTER_CS.SC_MULTI_CORE.MULTI_REPORTER.CLOUPE_PREPROCESS
2021-10-18 19:59:33 [runtime] (run:local)       ID.sample_L35463.SC_RNA_COUNTER_CS.SC_MULTI_CORE.MULTI_REPORTER.CLOUPE_PREPROCESS.fork0.split
2021-10-18 19:59:33 [runtime] (split_complete)  ID.sample_L35463.SC_RNA_COUNTER_CS.SC_MULTI_CORE.MULTI_REPORTER.CLOUPE_PREPROCESS
2021-10-18 19:59:33 [runtime] (run:local)       ID.sample_L35463.SC_RNA_COUNTER_CS.SC_MULTI_CORE.MULTI_REPORTER.CLOUPE_PREPROCESS.fork0.chnk0.main
2021-10-18 19:59:44 [runtime] (chunks_complete) ID.sample_L35463.SC_RNA_COUNTER_CS.SC_MULTI_CORE.MULTI_REPORTER.CLOUPE_PREPROCESS
2021-10-18 19:59:44 [runtime] (run:local)       ID.sample_L35463.SC_RNA_COUNTER_CS.SC_MULTI_CORE.MULTI_REPORTER.CLOUPE_PREPROCESS.fork0.join
2021-10-18 19:59:45 [runtime] (join_complete)   ID.sample_L35463.SC_RNA_COUNTER_CS.SC_MULTI_CORE.MULTI_REPORTER.CLOUPE_PREPROCESS
2021-10-18 19:59:45 [runtime] (ready)           ID.sample_L35463.SC_RNA_COUNTER_CS.SC_MULTI_CORE.MULTI_REPORTER.CHOOSE_CLOUPE
2021-10-18 19:59:45 [runtime] (run:local)       ID.sample_L35463.SC_RNA_COUNTER_CS.SC_MULTI_CORE.MULTI_REPORTER.CHOOSE_CLOUPE.fork0.chnk0.main
2021-10-18 19:59:45 [runtime] (chunks_complete) ID.sample_L35463.SC_RNA_COUNTER_CS.SC_MULTI_CORE.MULTI_REPORTER.CHOOSE_CLOUPE

Outputs:
- Run summary HTML:                         /projects/bgmp/shared/2021_projects/Yu/BGMP_2021/cr_count_output/sample_L35463/outs/web_summary.html
- Run summary CSV:                          /projects/bgmp/shared/2021_projects/Yu/BGMP_2021/cr_count_output/sample_L35463/outs/metrics_summary.csv
- BAM:                                      /projects/bgmp/shared/2021_projects/Yu/BGMP_2021/cr_count_output/sample_L35463/outs/possorted_genome_bam.bam
- BAM index:                                /projects/bgmp/shared/2021_projects/Yu/BGMP_2021/cr_count_output/sample_L35463/outs/possorted_genome_bam.bam.bai
- Filtered feature-barcode matrices MEX:    /projects/bgmp/shared/2021_projects/Yu/BGMP_2021/cr_count_output/sample_L35463/outs/filtered_feature_bc_matrix
- Filtered feature-barcode matrices HDF5:   /projects/bgmp/shared/2021_projects/Yu/BGMP_2021/cr_count_output/sample_L35463/outs/filtered_feature_bc_matrix.h5
- Unfiltered feature-barcode matrices MEX:  /projects/bgmp/shared/2021_projects/Yu/BGMP_2021/cr_count_output/sample_L35463/outs/raw_feature_bc_matrix
- Unfiltered feature-barcode matrices HDF5: /projects/bgmp/shared/2021_projects/Yu/BGMP_2021/cr_count_output/sample_L35463/outs/raw_feature_bc_matrix.h5
- Secondary analysis output CSV:            /projects/bgmp/shared/2021_projects/Yu/BGMP_2021/cr_count_output/sample_L35463/outs/analysis
- Per-molecule read information:            /projects/bgmp/shared/2021_projects/Yu/BGMP_2021/cr_count_output/sample_L35463/outs/molecule_info.h5
- CRISPR-specific analysis:                 null
- CSP-specific analysis:                    null
- Loupe Browser file:                       /projects/bgmp/shared/2021_projects/Yu/BGMP_2021/cr_count_output/sample_L35463/outs/cloupe.cloupe
- Feature Reference:                        null
- Target Panel File:                        null
- Probe Set File:                           null

Waiting 6 seconds for UI to do final refresh.
Pipestance completed successfully!

2021-10-18 19:59:51 Shutting down.
