Attaching SeuratObject
Loading required package: SingleCellExperiment
Loading required package: SummarizedExperiment
Loading required package: MatrixGenerics
Loading required package: matrixStats

Attaching package: ‘MatrixGenerics’

The following objects are masked from ‘package:matrixStats’:

    colAlls, colAnyNAs, colAnys, colAvgsPerRowSet, colCollapse,
    colCounts, colCummaxs, colCummins, colCumprods, colCumsums,
    colDiffs, colIQRDiffs, colIQRs, colLogSumExps, colMadDiffs,
    colMads, colMaxs, colMeans2, colMedians, colMins, colOrderStats,
    colProds, colQuantiles, colRanges, colRanks, colSdDiffs, colSds,
    colSums2, colTabulates, colVarDiffs, colVars, colWeightedMads,
    colWeightedMeans, colWeightedMedians, colWeightedSds,
    colWeightedVars, rowAlls, rowAnyNAs, rowAnys, rowAvgsPerColSet,
    rowCollapse, rowCounts, rowCummaxs, rowCummins, rowCumprods,
    rowCumsums, rowDiffs, rowIQRDiffs, rowIQRs, rowLogSumExps,
    rowMadDiffs, rowMads, rowMaxs, rowMeans2, rowMedians, rowMins,
    rowOrderStats, rowProds, rowQuantiles, rowRanges, rowRanks,
    rowSdDiffs, rowSds, rowSums2, rowTabulates, rowVarDiffs, rowVars,
    rowWeightedMads, rowWeightedMeans, rowWeightedMedians,
    rowWeightedSds, rowWeightedVars

Loading required package: GenomicRanges
Loading required package: stats4
Loading required package: BiocGenerics
Loading required package: parallel

Attaching package: ‘BiocGenerics’

The following objects are masked from ‘package:parallel’:

    clusterApply, clusterApplyLB, clusterCall, clusterEvalQ,
    clusterExport, clusterMap, parApply, parCapply, parLapply,
    parLapplyLB, parRapply, parSapply, parSapplyLB

The following objects are masked from ‘package:stats’:

    IQR, mad, sd, var, xtabs

The following objects are masked from ‘package:base’:

    anyDuplicated, append, as.data.frame, basename, cbind, colnames,
    dirname, do.call, duplicated, eval, evalq, Filter, Find, get, grep,
    grepl, intersect, is.unsorted, lapply, Map, mapply, match, mget,
    order, paste, pmax, pmax.int, pmin, pmin.int, Position, rank,
    rbind, Reduce, rownames, sapply, setdiff, sort, table, tapply,
    union, unique, unsplit, which.max, which.min

Loading required package: S4Vectors

Attaching package: ‘S4Vectors’

The following objects are masked from ‘package:base’:

    expand.grid, I, unname

Loading required package: IRanges
Loading required package: GenomeInfoDb
Loading required package: Biobase
Welcome to Bioconductor

    Vignettes contain introductory material; view with
    'browseVignettes()'. To cite Bioconductor, see
    'citation("Biobase")', and for packages 'citation("pkgname")'.


Attaching package: ‘Biobase’

The following object is masked from ‘package:MatrixGenerics’:

    rowMedians

The following objects are masked from ‘package:matrixStats’:

    anyMissing, rowMedians


Attaching package: ‘SummarizedExperiment’

The following object is masked from ‘package:SeuratObject’:

    Assays

The following object is masked from ‘package:Seurat’:

    Assays

Registered S3 method overwritten by 'cli':
  method     from         
  print.boxx spatstat.geom
── Attaching packages ─────────────────────────────────────── tidyverse 1.3.1 ──
✔ ggplot2 3.3.5     ✔ purrr   0.3.4
✔ tibble  3.1.5     ✔ dplyr   1.0.7
✔ tidyr   1.1.4     ✔ stringr 1.4.0
✔ readr   2.0.2     ✔ forcats 0.5.1
── Conflicts ────────────────────────────────────────── tidyverse_conflicts() ──
✖ dplyr::collapse()   masks IRanges::collapse()
✖ dplyr::combine()    masks Biobase::combine(), BiocGenerics::combine()
✖ dplyr::count()      masks matrixStats::count()
✖ dplyr::desc()       masks IRanges::desc()
✖ tidyr::expand()     masks S4Vectors::expand()
✖ dplyr::filter()     masks stats::filter()
✖ dplyr::first()      masks S4Vectors::first()
✖ dplyr::lag()        masks stats::lag()
✖ ggplot2::Position() masks BiocGenerics::Position(), base::Position()
✖ purrr::reduce()     masks GenomicRanges::reduce(), IRanges::reduce()
✖ dplyr::rename()     masks S4Vectors::rename()
✖ dplyr::slice()      masks IRanges::slice()
Rows: 10 Columns: 1
── Column specification ────────────────────────────────────────────────────────
Delimiter: "\001"
chr (1): X1

ℹ Use `spec()` to retrieve the full column specification for this data.
ℹ Specify the column types or set `show_col_types = FALSE` to quiet this message.
Rows: 142434 Columns: 8
── Column specification ────────────────────────────────────────────────────────
Delimiter: "\t"
chr (6): transcript, gene, gene_symbol, X4, X5, X8
dbl (2): X6, X7

ℹ Use `spec()` to retrieve the full column specification for this data.
ℹ Specify the column types or set `show_col_types = FALSE` to quiet this message.
Warning: Non-unique features (rownames) present in the input matrix, making unique
Warning: Feature names cannot have underscores ('_'), replacing with dashes ('-')
Warning: Non-unique features (rownames) present in the input matrix, making unique
Warning: Feature names cannot have underscores ('_'), replacing with dashes ('-')
Warning: Non-unique features (rownames) present in the input matrix, making unique
Warning: Feature names cannot have underscores ('_'), replacing with dashes ('-')
Warning: Non-unique features (rownames) present in the input matrix, making unique
Warning: Feature names cannot have underscores ('_'), replacing with dashes ('-')
Warning: Non-unique features (rownames) present in the input matrix, making unique
Warning: Feature names cannot have underscores ('_'), replacing with dashes ('-')
Warning: Non-unique features (rownames) present in the input matrix, making unique
Warning: Feature names cannot have underscores ('_'), replacing with dashes ('-')
Warning: Non-unique features (rownames) present in the input matrix, making unique
Warning: Feature names cannot have underscores ('_'), replacing with dashes ('-')
Warning: Non-unique features (rownames) present in the input matrix, making unique
Warning: Feature names cannot have underscores ('_'), replacing with dashes ('-')
Warning: Non-unique features (rownames) present in the input matrix, making unique
Warning: Feature names cannot have underscores ('_'), replacing with dashes ('-')
Warning: Non-unique features (rownames) present in the input matrix, making unique
Warning: Feature names cannot have underscores ('_'), replacing with dashes ('-')
	Command being timed: "Rscript kb_filter.R /projects/bgmp/shared/2021_projects/Yu/BGMP_2021/ /projects/bgmp/shared/2021_projects/Yu/BGMP_2021/samples.txt /projects/bgmp/shared/2021_projects/Yu/kb_ref_index/transcripts_to_genes.txt /projects/bgmp/shared/2021_projects/Yu/BGMP_2021/kb_count_output /projects/bgmp/shared/2021_projects/Yu/BGMP_2021/kb_rds"
	User time (seconds): 134.11
	System time (seconds): 6.80
	Percent of CPU this job got: 90%
	Elapsed (wall clock) time (h:mm:ss or m:ss): 2:35.48
	Average shared text size (kbytes): 0
	Average unshared data size (kbytes): 0
	Average stack size (kbytes): 0
	Average total size (kbytes): 0
	Maximum resident set size (kbytes): 2606180
	Average resident set size (kbytes): 0
	Major (requiring I/O) page faults: 1
	Minor (reclaiming a frame) page faults: 1618571
	Voluntary context switches: 7552
	Involuntary context switches: 167
	Swaps: 0
	File system inputs: 664
	File system outputs: 40
	Socket messages sent: 0
	Socket messages received: 0
	Signals delivered: 0
	Page size (bytes): 4096
	Exit status: 0
