Attaching SeuratObject
Registered S3 method overwritten by 'cli':
  method     from         
  print.boxx spatstat.geom
── Attaching packages ─────────────────────────────────────── tidyverse 1.3.1 ──
✔ ggplot2 3.3.5     ✔ purrr   0.3.4
✔ tibble  3.1.5     ✔ dplyr   1.0.7
✔ tidyr   1.1.4     ✔ stringr 1.4.0
✔ readr   2.0.2     ✔ forcats 0.5.1
── Conflicts ────────────────────────────────────────── tidyverse_conflicts() ──
✖ dplyr::filter() masks stats::filter()
✖ dplyr::lag()    masks stats::lag()
Warning: The default method for RunUMAP has changed from calling Python UMAP via reticulate to the R-native UWOT using the cosine metric
To use Python UMAP via reticulate, set umap.method to 'umap-learn' and metric to 'correlation'
This message will be shown once per session
19:44:19 UMAP embedding parameters a = 0.9922 b = 1.112
19:44:19 Read 37730 rows and found 15 numeric columns
19:44:19 Using Annoy for neighbor search, n_neighbors = 30
19:44:19 Building Annoy index with metric = cosine, n_trees = 50
0%   10   20   30   40   50   60   70   80   90   100%
[----|----|----|----|----|----|----|----|----|----|
**************************************************|
19:44:22 Writing NN index file to temp file /tmp/Rtmp4O4ATi/file1ec4974b33f11
19:44:22 Searching Annoy index using 1 thread, search_k = 3000
19:44:34 Annoy recall = 100%
19:44:34 Commencing smooth kNN distance calibration using 1 thread
19:44:36 Initializing from normalized Laplacian + noise
19:44:40 Commencing optimization for 200 epochs, with 1648350 positive edges
0%   10   20   30   40   50   60   70   80   90   100%
[----|----|----|----|----|----|----|----|----|----|
**************************************************|
19:45:23 Optimization finished
Computing nearest neighbor graph
Computing SNN
0%   10   20   30   40   50   60   70   80   90   100%
[----|----|----|----|----|----|----|----|----|----|
**************************************************|
Saving 7 x 7 in image
Saving 7 x 7 in image
	Command being timed: "Rscript PCA_UMAP.R /projects/bgmp/shared/2021_projects/Yu/BGMP_2021/seurat_pipeline/combined_kb_filtered.rds /projects/bgmp/shared/2021_projects/Yu/BGMP_2021/seurat_pipeline/plots/test_pca_res --npcs 15 --res 0.5 --out PC_15_res_0.5 --group timepoint --split timepoint"
	User time (seconds): 130.45
	System time (seconds): 6.92
	Percent of CPU this job got: 99%
	Elapsed (wall clock) time (h:mm:ss or m:ss): 2:17.84
	Average shared text size (kbytes): 0
	Average unshared data size (kbytes): 0
	Average stack size (kbytes): 0
	Average total size (kbytes): 0
	Maximum resident set size (kbytes): 10970956
	Average resident set size (kbytes): 0
	Major (requiring I/O) page faults: 0
	Minor (reclaiming a frame) page faults: 1361010
	Voluntary context switches: 5681
	Involuntary context switches: 466
	Swaps: 0
	File system inputs: 0
	File system outputs: 55080
	Socket messages sent: 0
	Socket messages received: 0
	Signals delivered: 0
	Page size (bytes): 4096
	Exit status: 0
Attaching SeuratObject
Registered S3 method overwritten by 'cli':
  method     from         
  print.boxx spatstat.geom
── Attaching packages ─────────────────────────────────────── tidyverse 1.3.1 ──
✔ ggplot2 3.3.5     ✔ purrr   0.3.4
✔ tibble  3.1.5     ✔ dplyr   1.0.7
✔ tidyr   1.1.4     ✔ stringr 1.4.0
✔ readr   2.0.2     ✔ forcats 0.5.1
── Conflicts ────────────────────────────────────────── tidyverse_conflicts() ──
✖ dplyr::filter() masks stats::filter()
✖ dplyr::lag()    masks stats::lag()
Warning: The default method for RunUMAP has changed from calling Python UMAP via reticulate to the R-native UWOT using the cosine metric
To use Python UMAP via reticulate, set umap.method to 'umap-learn' and metric to 'correlation'
This message will be shown once per session
19:46:36 UMAP embedding parameters a = 0.9922 b = 1.112
19:46:36 Read 37730 rows and found 15 numeric columns
19:46:36 Using Annoy for neighbor search, n_neighbors = 30
19:46:36 Building Annoy index with metric = cosine, n_trees = 50
0%   10   20   30   40   50   60   70   80   90   100%
[----|----|----|----|----|----|----|----|----|----|
**************************************************|
19:46:40 Writing NN index file to temp file /tmp/Rtmp9WnV7b/file1ed7064300b72
19:46:40 Searching Annoy index using 1 thread, search_k = 3000
19:46:52 Annoy recall = 100%
19:46:52 Commencing smooth kNN distance calibration using 1 thread
19:46:53 Initializing from normalized Laplacian + noise
19:46:58 Commencing optimization for 200 epochs, with 1648350 positive edges
0%   10   20   30   40   50   60   70   80   90   100%
[----|----|----|----|----|----|----|----|----|----|
**************************************************|
19:47:41 Optimization finished
Computing nearest neighbor graph
Computing SNN
0%   10   20   30   40   50   60   70   80   90   100%
[----|----|----|----|----|----|----|----|----|----|
**************************************************|
Saving 7 x 7 in image
Saving 7 x 7 in image
	Command being timed: "Rscript PCA_UMAP.R /projects/bgmp/shared/2021_projects/Yu/BGMP_2021/seurat_pipeline/combined_kb_filtered.rds /projects/bgmp/shared/2021_projects/Yu/BGMP_2021/seurat_pipeline/plots/test_pca_res --npcs 15 --res 0.7 --out PC_15_res_0.7 --group timepoint --split timepoint"
	User time (seconds): 129.82
	System time (seconds): 6.86
	Percent of CPU this job got: 99%
	Elapsed (wall clock) time (h:mm:ss or m:ss): 2:17.07
	Average shared text size (kbytes): 0
	Average unshared data size (kbytes): 0
	Average stack size (kbytes): 0
	Average total size (kbytes): 0
	Maximum resident set size (kbytes): 10970876
	Average resident set size (kbytes): 0
	Major (requiring I/O) page faults: 0
	Minor (reclaiming a frame) page faults: 1333523
	Voluntary context switches: 5302
	Involuntary context switches: 456
	Swaps: 0
	File system inputs: 0
	File system outputs: 55080
	Socket messages sent: 0
	Socket messages received: 0
	Signals delivered: 0
	Page size (bytes): 4096
	Exit status: 0
Attaching SeuratObject
Registered S3 method overwritten by 'cli':
  method     from         
  print.boxx spatstat.geom
── Attaching packages ─────────────────────────────────────── tidyverse 1.3.1 ──
✔ ggplot2 3.3.5     ✔ purrr   0.3.4
✔ tibble  3.1.5     ✔ dplyr   1.0.7
✔ tidyr   1.1.4     ✔ stringr 1.4.0
✔ readr   2.0.2     ✔ forcats 0.5.1
── Conflicts ────────────────────────────────────────── tidyverse_conflicts() ──
✖ dplyr::filter() masks stats::filter()
✖ dplyr::lag()    masks stats::lag()
Warning: The default method for RunUMAP has changed from calling Python UMAP via reticulate to the R-native UWOT using the cosine metric
To use Python UMAP via reticulate, set umap.method to 'umap-learn' and metric to 'correlation'
This message will be shown once per session
19:48:53 UMAP embedding parameters a = 0.9922 b = 1.112
19:48:53 Read 37730 rows and found 15 numeric columns
19:48:53 Using Annoy for neighbor search, n_neighbors = 30
19:48:53 Building Annoy index with metric = cosine, n_trees = 50
0%   10   20   30   40   50   60   70   80   90   100%
[----|----|----|----|----|----|----|----|----|----|
**************************************************|
19:48:57 Writing NN index file to temp file /tmp/RtmpJXcQOn/file1ee797aa72f40
19:48:57 Searching Annoy index using 1 thread, search_k = 3000
19:49:08 Annoy recall = 100%
19:49:08 Commencing smooth kNN distance calibration using 1 thread
19:49:10 Initializing from normalized Laplacian + noise
19:49:15 Commencing optimization for 200 epochs, with 1648350 positive edges
0%   10   20   30   40   50   60   70   80   90   100%
[----|----|----|----|----|----|----|----|----|----|
**************************************************|
19:49:58 Optimization finished
Computing nearest neighbor graph
Computing SNN
0%   10   20   30   40   50   60   70   80   90   100%
[----|----|----|----|----|----|----|----|----|----|
**************************************************|
Saving 7 x 7 in image
Saving 7 x 7 in image
	Command being timed: "Rscript PCA_UMAP.R /projects/bgmp/shared/2021_projects/Yu/BGMP_2021/seurat_pipeline/combined_kb_filtered.rds /projects/bgmp/shared/2021_projects/Yu/BGMP_2021/seurat_pipeline/plots/test_pca_res --npcs 15 --res 0.9 --out PC_15_res_0.9 --group timepoint --split timepoint"
	User time (seconds): 129.06
	System time (seconds): 6.83
	Percent of CPU this job got: 99%
	Elapsed (wall clock) time (h:mm:ss or m:ss): 2:16.28
	Average shared text size (kbytes): 0
	Average unshared data size (kbytes): 0
	Average stack size (kbytes): 0
	Average total size (kbytes): 0
	Maximum resident set size (kbytes): 10970956
	Average resident set size (kbytes): 0
	Major (requiring I/O) page faults: 0
	Minor (reclaiming a frame) page faults: 1371190
	Voluntary context switches: 5401
	Involuntary context switches: 461
	Swaps: 0
	File system inputs: 0
	File system outputs: 55080
	Socket messages sent: 0
	Socket messages received: 0
	Signals delivered: 0
	Page size (bytes): 4096
	Exit status: 0
Attaching SeuratObject
Registered S3 method overwritten by 'cli':
  method     from         
  print.boxx spatstat.geom
── Attaching packages ─────────────────────────────────────── tidyverse 1.3.1 ──
✔ ggplot2 3.3.5     ✔ purrr   0.3.4
✔ tibble  3.1.5     ✔ dplyr   1.0.7
✔ tidyr   1.1.4     ✔ stringr 1.4.0
✔ readr   2.0.2     ✔ forcats 0.5.1
── Conflicts ────────────────────────────────────────── tidyverse_conflicts() ──
✖ dplyr::filter() masks stats::filter()
✖ dplyr::lag()    masks stats::lag()
Warning: The default method for RunUMAP has changed from calling Python UMAP via reticulate to the R-native UWOT using the cosine metric
To use Python UMAP via reticulate, set umap.method to 'umap-learn' and metric to 'correlation'
This message will be shown once per session
19:51:10 UMAP embedding parameters a = 0.9922 b = 1.112
19:51:10 Read 37730 rows and found 15 numeric columns
19:51:10 Using Annoy for neighbor search, n_neighbors = 30
19:51:10 Building Annoy index with metric = cosine, n_trees = 50
0%   10   20   30   40   50   60   70   80   90   100%
[----|----|----|----|----|----|----|----|----|----|
**************************************************|
19:51:13 Writing NN index file to temp file /tmp/RtmpBAuRgK/file1efeb3d8375e9
19:51:13 Searching Annoy index using 1 thread, search_k = 3000
19:51:25 Annoy recall = 100%
19:51:25 Commencing smooth kNN distance calibration using 1 thread
19:51:27 Initializing from normalized Laplacian + noise
19:51:32 Commencing optimization for 200 epochs, with 1648350 positive edges
0%   10   20   30   40   50   60   70   80   90   100%
[----|----|----|----|----|----|----|----|----|----|
**************************************************|
19:52:14 Optimization finished
Computing nearest neighbor graph
Computing SNN
0%   10   20   30   40   50   60   70   80   90   100%
[----|----|----|----|----|----|----|----|----|----|
**************************************************|
Saving 7 x 7 in image
Saving 7 x 7 in image
	Command being timed: "Rscript PCA_UMAP.R /projects/bgmp/shared/2021_projects/Yu/BGMP_2021/seurat_pipeline/combined_kb_filtered.rds /projects/bgmp/shared/2021_projects/Yu/BGMP_2021/seurat_pipeline/plots/test_pca_res --npcs 15 --res 0.12 --out PC_15_res_0.12 --group timepoint --split timepoint"
	User time (seconds): 129.04
	System time (seconds): 6.94
	Percent of CPU this job got: 99%
	Elapsed (wall clock) time (h:mm:ss or m:ss): 2:16.44
	Average shared text size (kbytes): 0
	Average unshared data size (kbytes): 0
	Average stack size (kbytes): 0
	Average total size (kbytes): 0
	Maximum resident set size (kbytes): 10970876
	Average resident set size (kbytes): 0
	Major (requiring I/O) page faults: 0
	Minor (reclaiming a frame) page faults: 1333498
	Voluntary context switches: 5608
	Involuntary context switches: 450
	Swaps: 0
	File system inputs: 0
	File system outputs: 55080
	Socket messages sent: 0
	Socket messages received: 0
	Signals delivered: 0
	Page size (bytes): 4096
	Exit status: 0
Attaching SeuratObject
Registered S3 method overwritten by 'cli':
  method     from         
  print.boxx spatstat.geom
── Attaching packages ─────────────────────────────────────── tidyverse 1.3.1 ──
✔ ggplot2 3.3.5     ✔ purrr   0.3.4
✔ tibble  3.1.5     ✔ dplyr   1.0.7
✔ tidyr   1.1.4     ✔ stringr 1.4.0
✔ readr   2.0.2     ✔ forcats 0.5.1
── Conflicts ────────────────────────────────────────── tidyverse_conflicts() ──
✖ dplyr::filter() masks stats::filter()
✖ dplyr::lag()    masks stats::lag()
Warning: The default method for RunUMAP has changed from calling Python UMAP via reticulate to the R-native UWOT using the cosine metric
To use Python UMAP via reticulate, set umap.method to 'umap-learn' and metric to 'correlation'
This message will be shown once per session
19:53:27 UMAP embedding parameters a = 0.9922 b = 1.112
19:53:27 Read 37730 rows and found 20 numeric columns
19:53:27 Using Annoy for neighbor search, n_neighbors = 30
19:53:27 Building Annoy index with metric = cosine, n_trees = 50
0%   10   20   30   40   50   60   70   80   90   100%
[----|----|----|----|----|----|----|----|----|----|
**************************************************|
19:53:31 Writing NN index file to temp file /tmp/Rtmp6Xgbyj/file1f0e84344ac6b
19:53:31 Searching Annoy index using 1 thread, search_k = 3000
19:53:42 Annoy recall = 100%
19:53:42 Commencing smooth kNN distance calibration using 1 thread
19:53:44 Initializing from normalized Laplacian + noise
19:53:48 Commencing optimization for 200 epochs, with 1679810 positive edges
0%   10   20   30   40   50   60   70   80   90   100%
[----|----|----|----|----|----|----|----|----|----|
**************************************************|
19:54:32 Optimization finished
Computing nearest neighbor graph
Computing SNN
0%   10   20   30   40   50   60   70   80   90   100%
[----|----|----|----|----|----|----|----|----|----|
**************************************************|
Saving 7 x 7 in image
Saving 7 x 7 in image
	Command being timed: "Rscript PCA_UMAP.R /projects/bgmp/shared/2021_projects/Yu/BGMP_2021/seurat_pipeline/combined_kb_filtered.rds /projects/bgmp/shared/2021_projects/Yu/BGMP_2021/seurat_pipeline/plots/test_pca_res --npcs 20 --res 0.5 --out PC_20_res_0.5 --group timepoint --split timepoint"
	User time (seconds): 130.75
	System time (seconds): 6.82
	Percent of CPU this job got: 99%
	Elapsed (wall clock) time (h:mm:ss or m:ss): 2:17.98
	Average shared text size (kbytes): 0
	Average unshared data size (kbytes): 0
	Average stack size (kbytes): 0
	Average total size (kbytes): 0
	Maximum resident set size (kbytes): 10970968
	Average resident set size (kbytes): 0
	Major (requiring I/O) page faults: 0
	Minor (reclaiming a frame) page faults: 1393011
	Voluntary context switches: 5403
	Involuntary context switches: 443
	Swaps: 0
	File system inputs: 0
	File system outputs: 57400
	Socket messages sent: 0
	Socket messages received: 0
	Signals delivered: 0
	Page size (bytes): 4096
	Exit status: 0
Attaching SeuratObject
Registered S3 method overwritten by 'cli':
  method     from         
  print.boxx spatstat.geom
── Attaching packages ─────────────────────────────────────── tidyverse 1.3.1 ──
✔ ggplot2 3.3.5     ✔ purrr   0.3.4
✔ tibble  3.1.5     ✔ dplyr   1.0.7
✔ tidyr   1.1.4     ✔ stringr 1.4.0
✔ readr   2.0.2     ✔ forcats 0.5.1
── Conflicts ────────────────────────────────────────── tidyverse_conflicts() ──
✖ dplyr::filter() masks stats::filter()
✖ dplyr::lag()    masks stats::lag()
Warning: The default method for RunUMAP has changed from calling Python UMAP via reticulate to the R-native UWOT using the cosine metric
To use Python UMAP via reticulate, set umap.method to 'umap-learn' and metric to 'correlation'
This message will be shown once per session
19:55:45 UMAP embedding parameters a = 0.9922 b = 1.112
19:55:45 Read 37730 rows and found 20 numeric columns
19:55:45 Using Annoy for neighbor search, n_neighbors = 30
19:55:45 Building Annoy index with metric = cosine, n_trees = 50
0%   10   20   30   40   50   60   70   80   90   100%
[----|----|----|----|----|----|----|----|----|----|
**************************************************|
19:55:48 Writing NN index file to temp file /tmp/RtmpIgUT5k/file1f2926bbaffe3
19:55:48 Searching Annoy index using 1 thread, search_k = 3000
19:56:00 Annoy recall = 100%
19:56:00 Commencing smooth kNN distance calibration using 1 thread
19:56:01 Initializing from normalized Laplacian + noise
19:56:06 Commencing optimization for 200 epochs, with 1679810 positive edges
0%   10   20   30   40   50   60   70   80   90   100%
[----|----|----|----|----|----|----|----|----|----|
**************************************************|
19:56:49 Optimization finished
Computing nearest neighbor graph
Computing SNN
0%   10   20   30   40   50   60   70   80   90   100%
[----|----|----|----|----|----|----|----|----|----|
**************************************************|
Saving 7 x 7 in image
Saving 7 x 7 in image
	Command being timed: "Rscript PCA_UMAP.R /projects/bgmp/shared/2021_projects/Yu/BGMP_2021/seurat_pipeline/combined_kb_filtered.rds /projects/bgmp/shared/2021_projects/Yu/BGMP_2021/seurat_pipeline/plots/test_pca_res --npcs 20 --res 0.7 --out PC_20_res_0.7 --group timepoint --split timepoint"
	User time (seconds): 129.86
	System time (seconds): 6.91
	Percent of CPU this job got: 99%
	Elapsed (wall clock) time (h:mm:ss or m:ss): 2:17.16
	Average shared text size (kbytes): 0
	Average unshared data size (kbytes): 0
	Average stack size (kbytes): 0
	Average total size (kbytes): 0
	Maximum resident set size (kbytes): 10970968
	Average resident set size (kbytes): 0
	Major (requiring I/O) page faults: 0
	Minor (reclaiming a frame) page faults: 1414010
	Voluntary context switches: 5289
	Involuntary context switches: 419
	Swaps: 0
	File system inputs: 0
	File system outputs: 57400
	Socket messages sent: 0
	Socket messages received: 0
	Signals delivered: 0
	Page size (bytes): 4096
	Exit status: 0
Attaching SeuratObject
Registered S3 method overwritten by 'cli':
  method     from         
  print.boxx spatstat.geom
── Attaching packages ─────────────────────────────────────── tidyverse 1.3.1 ──
✔ ggplot2 3.3.5     ✔ purrr   0.3.4
✔ tibble  3.1.5     ✔ dplyr   1.0.7
✔ tidyr   1.1.4     ✔ stringr 1.4.0
✔ readr   2.0.2     ✔ forcats 0.5.1
── Conflicts ────────────────────────────────────────── tidyverse_conflicts() ──
✖ dplyr::filter() masks stats::filter()
✖ dplyr::lag()    masks stats::lag()
Warning: The default method for RunUMAP has changed from calling Python UMAP via reticulate to the R-native UWOT using the cosine metric
To use Python UMAP via reticulate, set umap.method to 'umap-learn' and metric to 'correlation'
This message will be shown once per session
19:58:02 UMAP embedding parameters a = 0.9922 b = 1.112
19:58:02 Read 37730 rows and found 20 numeric columns
19:58:02 Using Annoy for neighbor search, n_neighbors = 30
19:58:02 Building Annoy index with metric = cosine, n_trees = 50
0%   10   20   30   40   50   60   70   80   90   100%
[----|----|----|----|----|----|----|----|----|----|
**************************************************|
19:58:06 Writing NN index file to temp file /tmp/RtmpcMgBBt/file1f392ad177e
19:58:06 Searching Annoy index using 1 thread, search_k = 3000
19:58:17 Annoy recall = 100%
19:58:17 Commencing smooth kNN distance calibration using 1 thread
19:58:19 Initializing from normalized Laplacian + noise
19:58:23 Commencing optimization for 200 epochs, with 1679810 positive edges
0%   10   20   30   40   50   60   70   80   90   100%
[----|----|----|----|----|----|----|----|----|----|
**************************************************|
19:59:06 Optimization finished
Computing nearest neighbor graph
Computing SNN
0%   10   20   30   40   50   60   70   80   90   100%
[----|----|----|----|----|----|----|----|----|----|
**************************************************|
Saving 7 x 7 in image
Saving 7 x 7 in image
	Command being timed: "Rscript PCA_UMAP.R /projects/bgmp/shared/2021_projects/Yu/BGMP_2021/seurat_pipeline/combined_kb_filtered.rds /projects/bgmp/shared/2021_projects/Yu/BGMP_2021/seurat_pipeline/plots/test_pca_res --npcs 20 --res 0.9 --out PC_20_res_0.9 --group timepoint --split timepoint"
	User time (seconds): 130.18
	System time (seconds): 7.03
	Percent of CPU this job got: 99%
	Elapsed (wall clock) time (h:mm:ss or m:ss): 2:17.62
	Average shared text size (kbytes): 0
	Average unshared data size (kbytes): 0
	Average stack size (kbytes): 0
	Average total size (kbytes): 0
	Maximum resident set size (kbytes): 10970968
	Average resident set size (kbytes): 0
	Major (requiring I/O) page faults: 0
	Minor (reclaiming a frame) page faults: 1394168
	Voluntary context switches: 5651
	Involuntary context switches: 451
	Swaps: 0
	File system inputs: 0
	File system outputs: 57400
	Socket messages sent: 0
	Socket messages received: 0
	Signals delivered: 0
	Page size (bytes): 4096
	Exit status: 0
Attaching SeuratObject
Registered S3 method overwritten by 'cli':
  method     from         
  print.boxx spatstat.geom
── Attaching packages ─────────────────────────────────────── tidyverse 1.3.1 ──
✔ ggplot2 3.3.5     ✔ purrr   0.3.4
✔ tibble  3.1.5     ✔ dplyr   1.0.7
✔ tidyr   1.1.4     ✔ stringr 1.4.0
✔ readr   2.0.2     ✔ forcats 0.5.1
── Conflicts ────────────────────────────────────────── tidyverse_conflicts() ──
✖ dplyr::filter() masks stats::filter()
✖ dplyr::lag()    masks stats::lag()
Warning: The default method for RunUMAP has changed from calling Python UMAP via reticulate to the R-native UWOT using the cosine metric
To use Python UMAP via reticulate, set umap.method to 'umap-learn' and metric to 'correlation'
This message will be shown once per session
20:00:20 UMAP embedding parameters a = 0.9922 b = 1.112
20:00:20 Read 37730 rows and found 20 numeric columns
20:00:20 Using Annoy for neighbor search, n_neighbors = 30
20:00:20 Building Annoy index with metric = cosine, n_trees = 50
0%   10   20   30   40   50   60   70   80   90   100%
[----|----|----|----|----|----|----|----|----|----|
**************************************************|
20:00:23 Writing NN index file to temp file /tmp/Rtmp7RKC8f/file1f4b849fb0e56
20:00:23 Searching Annoy index using 1 thread, search_k = 3000
20:00:35 Annoy recall = 100%
20:00:35 Commencing smooth kNN distance calibration using 1 thread
20:00:36 Initializing from normalized Laplacian + noise
20:00:41 Commencing optimization for 200 epochs, with 1679810 positive edges
0%   10   20   30   40   50   60   70   80   90   100%
[----|----|----|----|----|----|----|----|----|----|
**************************************************|
20:01:24 Optimization finished
Computing nearest neighbor graph
Computing SNN
0%   10   20   30   40   50   60   70   80   90   100%
[----|----|----|----|----|----|----|----|----|----|
**************************************************|
Saving 7 x 7 in image
Saving 7 x 7 in image
	Command being timed: "Rscript PCA_UMAP.R /projects/bgmp/shared/2021_projects/Yu/BGMP_2021/seurat_pipeline/combined_kb_filtered.rds /projects/bgmp/shared/2021_projects/Yu/BGMP_2021/seurat_pipeline/plots/test_pca_res --npcs 20 --res 0.12 --out PC_20_res_0.12 --group timepoint --split timepoint"
	User time (seconds): 133.51
	System time (seconds): 6.77
	Percent of CPU this job got: 99%
	Elapsed (wall clock) time (h:mm:ss or m:ss): 2:20.69
	Average shared text size (kbytes): 0
	Average unshared data size (kbytes): 0
	Average stack size (kbytes): 0
	Average total size (kbytes): 0
	Maximum resident set size (kbytes): 10970968
	Average resident set size (kbytes): 0
	Major (requiring I/O) page faults: 0
	Minor (reclaiming a frame) page faults: 1413289
	Voluntary context switches: 5302
	Involuntary context switches: 469
	Swaps: 0
	File system inputs: 0
	File system outputs: 57400
	Socket messages sent: 0
	Socket messages received: 0
	Signals delivered: 0
	Page size (bytes): 4096
	Exit status: 0
Attaching SeuratObject
Registered S3 method overwritten by 'cli':
  method     from         
  print.boxx spatstat.geom
── Attaching packages ─────────────────────────────────────── tidyverse 1.3.1 ──
✔ ggplot2 3.3.5     ✔ purrr   0.3.4
✔ tibble  3.1.5     ✔ dplyr   1.0.7
✔ tidyr   1.1.4     ✔ stringr 1.4.0
✔ readr   2.0.2     ✔ forcats 0.5.1
── Conflicts ────────────────────────────────────────── tidyverse_conflicts() ──
✖ dplyr::filter() masks stats::filter()
✖ dplyr::lag()    masks stats::lag()
Warning: The default method for RunUMAP has changed from calling Python UMAP via reticulate to the R-native UWOT using the cosine metric
To use Python UMAP via reticulate, set umap.method to 'umap-learn' and metric to 'correlation'
This message will be shown once per session
20:02:47 UMAP embedding parameters a = 0.9922 b = 1.112
20:02:47 Read 37730 rows and found 35 numeric columns
20:02:47 Using Annoy for neighbor search, n_neighbors = 30
20:02:47 Building Annoy index with metric = cosine, n_trees = 50
0%   10   20   30   40   50   60   70   80   90   100%
[----|----|----|----|----|----|----|----|----|----|
**************************************************|
20:02:50 Writing NN index file to temp file /tmp/RtmpcbHCh7/file1f62e597f00b
20:02:50 Searching Annoy index using 1 thread, search_k = 3000
20:03:01 Annoy recall = 100%
20:03:01 Commencing smooth kNN distance calibration using 1 thread
20:03:03 Initializing from normalized Laplacian + noise
20:03:09 Commencing optimization for 200 epochs, with 1740416 positive edges
0%   10   20   30   40   50   60   70   80   90   100%
[----|----|----|----|----|----|----|----|----|----|
**************************************************|
20:03:53 Optimization finished
Computing nearest neighbor graph
Computing SNN
0%   10   20   30   40   50   60   70   80   90   100%
[----|----|----|----|----|----|----|----|----|----|
**************************************************|
Saving 7 x 7 in image
Saving 7 x 7 in image
	Command being timed: "Rscript PCA_UMAP.R /projects/bgmp/shared/2021_projects/Yu/BGMP_2021/seurat_pipeline/combined_kb_filtered.rds /projects/bgmp/shared/2021_projects/Yu/BGMP_2021/seurat_pipeline/plots/test_pca_res --npcs 35 --res 0.5 --out PC_35_res_0.5 --group timepoint --split timepoint"
	User time (seconds): 139.71
	System time (seconds): 7.02
	Percent of CPU this job got: 99%
	Elapsed (wall clock) time (h:mm:ss or m:ss): 2:27.14
	Average shared text size (kbytes): 0
	Average unshared data size (kbytes): 0
	Average stack size (kbytes): 0
	Average total size (kbytes): 0
	Maximum resident set size (kbytes): 10970968
	Average resident set size (kbytes): 0
	Major (requiring I/O) page faults: 0
	Minor (reclaiming a frame) page faults: 1457498
	Voluntary context switches: 5408
	Involuntary context switches: 459
	Swaps: 0
	File system inputs: 0
	File system outputs: 63224
	Socket messages sent: 0
	Socket messages received: 0
	Signals delivered: 0
	Page size (bytes): 4096
	Exit status: 0
Attaching SeuratObject
Registered S3 method overwritten by 'cli':
  method     from         
  print.boxx spatstat.geom
── Attaching packages ─────────────────────────────────────── tidyverse 1.3.1 ──
✔ ggplot2 3.3.5     ✔ purrr   0.3.4
✔ tibble  3.1.5     ✔ dplyr   1.0.7
✔ tidyr   1.1.4     ✔ stringr 1.4.0
✔ readr   2.0.2     ✔ forcats 0.5.1
── Conflicts ────────────────────────────────────────── tidyverse_conflicts() ──
✖ dplyr::filter() masks stats::filter()
✖ dplyr::lag()    masks stats::lag()
Warning: The default method for RunUMAP has changed from calling Python UMAP via reticulate to the R-native UWOT using the cosine metric
To use Python UMAP via reticulate, set umap.method to 'umap-learn' and metric to 'correlation'
This message will be shown once per session
20:05:14 UMAP embedding parameters a = 0.9922 b = 1.112
20:05:14 Read 37730 rows and found 35 numeric columns
20:05:14 Using Annoy for neighbor search, n_neighbors = 30
20:05:14 Building Annoy index with metric = cosine, n_trees = 50
0%   10   20   30   40   50   60   70   80   90   100%
[----|----|----|----|----|----|----|----|----|----|
**************************************************|
20:05:18 Writing NN index file to temp file /tmp/RtmpwyePYF/file1f7716367eca5
20:05:18 Searching Annoy index using 1 thread, search_k = 3000
20:05:29 Annoy recall = 100%
20:05:29 Commencing smooth kNN distance calibration using 1 thread
20:05:30 Initializing from normalized Laplacian + noise
20:05:37 Commencing optimization for 200 epochs, with 1740416 positive edges
0%   10   20   30   40   50   60   70   80   90   100%
[----|----|----|----|----|----|----|----|----|----|
**************************************************|
20:06:21 Optimization finished
Computing nearest neighbor graph
Computing SNN
0%   10   20   30   40   50   60   70   80   90   100%
[----|----|----|----|----|----|----|----|----|----|
**************************************************|
Saving 7 x 7 in image
Saving 7 x 7 in image
	Command being timed: "Rscript PCA_UMAP.R /projects/bgmp/shared/2021_projects/Yu/BGMP_2021/seurat_pipeline/combined_kb_filtered.rds /projects/bgmp/shared/2021_projects/Yu/BGMP_2021/seurat_pipeline/plots/test_pca_res --npcs 35 --res 0.7 --out PC_35_res_0.7 --group timepoint --split timepoint"
	User time (seconds): 139.91
	System time (seconds): 6.90
	Percent of CPU this job got: 99%
	Elapsed (wall clock) time (h:mm:ss or m:ss): 2:27.26
	Average shared text size (kbytes): 0
	Average unshared data size (kbytes): 0
	Average stack size (kbytes): 0
	Average total size (kbytes): 0
	Maximum resident set size (kbytes): 10970968
	Average resident set size (kbytes): 0
	Major (requiring I/O) page faults: 0
	Minor (reclaiming a frame) page faults: 1457465
	Voluntary context switches: 5641
	Involuntary context switches: 462
	Swaps: 0
	File system inputs: 0
	File system outputs: 63224
	Socket messages sent: 0
	Socket messages received: 0
	Signals delivered: 0
	Page size (bytes): 4096
	Exit status: 0
Attaching SeuratObject
Registered S3 method overwritten by 'cli':
  method     from         
  print.boxx spatstat.geom
── Attaching packages ─────────────────────────────────────── tidyverse 1.3.1 ──
✔ ggplot2 3.3.5     ✔ purrr   0.3.4
✔ tibble  3.1.5     ✔ dplyr   1.0.7
✔ tidyr   1.1.4     ✔ stringr 1.4.0
✔ readr   2.0.2     ✔ forcats 0.5.1
── Conflicts ────────────────────────────────────────── tidyverse_conflicts() ──
✖ dplyr::filter() masks stats::filter()
✖ dplyr::lag()    masks stats::lag()
Warning: The default method for RunUMAP has changed from calling Python UMAP via reticulate to the R-native UWOT using the cosine metric
To use Python UMAP via reticulate, set umap.method to 'umap-learn' and metric to 'correlation'
This message will be shown once per session
20:07:41 UMAP embedding parameters a = 0.9922 b = 1.112
20:07:41 Read 37730 rows and found 35 numeric columns
20:07:41 Using Annoy for neighbor search, n_neighbors = 30
20:07:41 Building Annoy index with metric = cosine, n_trees = 50
0%   10   20   30   40   50   60   70   80   90   100%
[----|----|----|----|----|----|----|----|----|----|
**************************************************|
20:07:45 Writing NN index file to temp file /tmp/Rtmpu5d6wp/file1f88c3f78171a
20:07:45 Searching Annoy index using 1 thread, search_k = 3000
20:07:56 Annoy recall = 100%
20:07:56 Commencing smooth kNN distance calibration using 1 thread
20:07:58 Initializing from normalized Laplacian + noise
20:08:04 Commencing optimization for 200 epochs, with 1740416 positive edges
0%   10   20   30   40   50   60   70   80   90   100%
[----|----|----|----|----|----|----|----|----|----|
**************************************************|
20:08:48 Optimization finished
Computing nearest neighbor graph
Computing SNN
0%   10   20   30   40   50   60   70   80   90   100%
[----|----|----|----|----|----|----|----|----|----|
**************************************************|
Saving 7 x 7 in image
Saving 7 x 7 in image
	Command being timed: "Rscript PCA_UMAP.R /projects/bgmp/shared/2021_projects/Yu/BGMP_2021/seurat_pipeline/combined_kb_filtered.rds /projects/bgmp/shared/2021_projects/Yu/BGMP_2021/seurat_pipeline/plots/test_pca_res --npcs 35 --res 0.9 --out PC_35_res_0.9 --group timepoint --split timepoint"
	User time (seconds): 140.68
	System time (seconds): 6.97
	Percent of CPU this job got: 99%
	Elapsed (wall clock) time (h:mm:ss or m:ss): 2:28.09
	Average shared text size (kbytes): 0
	Average unshared data size (kbytes): 0
	Average stack size (kbytes): 0
	Average total size (kbytes): 0
	Maximum resident set size (kbytes): 10970968
	Average resident set size (kbytes): 0
	Major (requiring I/O) page faults: 0
	Minor (reclaiming a frame) page faults: 1457489
	Voluntary context switches: 5722
	Involuntary context switches: 464
	Swaps: 0
	File system inputs: 0
	File system outputs: 63224
	Socket messages sent: 0
	Socket messages received: 0
	Signals delivered: 0
	Page size (bytes): 4096
	Exit status: 0
Attaching SeuratObject
Registered S3 method overwritten by 'cli':
  method     from         
  print.boxx spatstat.geom
── Attaching packages ─────────────────────────────────────── tidyverse 1.3.1 ──
✔ ggplot2 3.3.5     ✔ purrr   0.3.4
✔ tibble  3.1.5     ✔ dplyr   1.0.7
✔ tidyr   1.1.4     ✔ stringr 1.4.0
✔ readr   2.0.2     ✔ forcats 0.5.1
── Conflicts ────────────────────────────────────────── tidyverse_conflicts() ──
✖ dplyr::filter() masks stats::filter()
✖ dplyr::lag()    masks stats::lag()
Warning: The default method for RunUMAP has changed from calling Python UMAP via reticulate to the R-native UWOT using the cosine metric
To use Python UMAP via reticulate, set umap.method to 'umap-learn' and metric to 'correlation'
This message will be shown once per session
20:10:09 UMAP embedding parameters a = 0.9922 b = 1.112
20:10:09 Read 37730 rows and found 35 numeric columns
20:10:09 Using Annoy for neighbor search, n_neighbors = 30
20:10:09 Building Annoy index with metric = cosine, n_trees = 50
0%   10   20   30   40   50   60   70   80   90   100%
[----|----|----|----|----|----|----|----|----|----|
**************************************************|
20:10:13 Writing NN index file to temp file /tmp/Rtmpl5vGuZ/file1f9977f71c120
20:10:13 Searching Annoy index using 1 thread, search_k = 3000
20:10:24 Annoy recall = 100%
20:10:24 Commencing smooth kNN distance calibration using 1 thread
20:10:26 Initializing from normalized Laplacian + noise
20:10:32 Commencing optimization for 200 epochs, with 1740416 positive edges
0%   10   20   30   40   50   60   70   80   90   100%
[----|----|----|----|----|----|----|----|----|----|
**************************************************|
20:11:16 Optimization finished
Computing nearest neighbor graph
Computing SNN
0%   10   20   30   40   50   60   70   80   90   100%
[----|----|----|----|----|----|----|----|----|----|
**************************************************|
Saving 7 x 7 in image
Saving 7 x 7 in image
	Command being timed: "Rscript PCA_UMAP.R /projects/bgmp/shared/2021_projects/Yu/BGMP_2021/seurat_pipeline/combined_kb_filtered.rds /projects/bgmp/shared/2021_projects/Yu/BGMP_2021/seurat_pipeline/plots/test_pca_res --npcs 35 --res 0.12 --out PC_35_res_0.12 --group timepoint --split timepoint"
	User time (seconds): 141.43
	System time (seconds): 6.89
	Percent of CPU this job got: 99%
	Elapsed (wall clock) time (h:mm:ss or m:ss): 2:28.74
	Average shared text size (kbytes): 0
	Average unshared data size (kbytes): 0
	Average stack size (kbytes): 0
	Average total size (kbytes): 0
	Maximum resident set size (kbytes): 10970968
	Average resident set size (kbytes): 0
	Major (requiring I/O) page faults: 0
	Minor (reclaiming a frame) page faults: 1457370
	Voluntary context switches: 5305
	Involuntary context switches: 433
	Swaps: 0
	File system inputs: 0
	File system outputs: 63224
	Socket messages sent: 0
	Socket messages received: 0
	Signals delivered: 0
	Page size (bytes): 4096
	Exit status: 0
Attaching SeuratObject
Registered S3 method overwritten by 'cli':
  method     from         
  print.boxx spatstat.geom
── Attaching packages ─────────────────────────────────────── tidyverse 1.3.1 ──
✔ ggplot2 3.3.5     ✔ purrr   0.3.4
✔ tibble  3.1.5     ✔ dplyr   1.0.7
✔ tidyr   1.1.4     ✔ stringr 1.4.0
✔ readr   2.0.2     ✔ forcats 0.5.1
── Conflicts ────────────────────────────────────────── tidyverse_conflicts() ──
✖ dplyr::filter() masks stats::filter()
✖ dplyr::lag()    masks stats::lag()
Warning: The default method for RunUMAP has changed from calling Python UMAP via reticulate to the R-native UWOT using the cosine metric
To use Python UMAP via reticulate, set umap.method to 'umap-learn' and metric to 'correlation'
This message will be shown once per session
20:12:56 UMAP embedding parameters a = 0.9922 b = 1.112
20:12:57 Read 37730 rows and found 60 numeric columns
20:12:57 Using Annoy for neighbor search, n_neighbors = 30
20:12:57 Building Annoy index with metric = cosine, n_trees = 50
0%   10   20   30   40   50   60   70   80   90   100%
[----|----|----|----|----|----|----|----|----|----|
**************************************************|
20:13:01 Writing NN index file to temp file /tmp/RtmpUyuV0e/file1fb1b7bcdec10
20:13:01 Searching Annoy index using 1 thread, search_k = 3000
20:13:12 Annoy recall = 100%
20:13:12 Commencing smooth kNN distance calibration using 1 thread
20:13:14 Initializing from normalized Laplacian + noise
20:13:20 Commencing optimization for 200 epochs, with 1798460 positive edges
0%   10   20   30   40   50   60   70   80   90   100%
[----|----|----|----|----|----|----|----|----|----|
**************************************************|
20:14:06 Optimization finished
Computing nearest neighbor graph
Computing SNN
0%   10   20   30   40   50   60   70   80   90   100%
[----|----|----|----|----|----|----|----|----|----|
**************************************************|
Saving 7 x 7 in image
Saving 7 x 7 in image
	Command being timed: "Rscript PCA_UMAP.R /projects/bgmp/shared/2021_projects/Yu/BGMP_2021/seurat_pipeline/combined_kb_filtered.rds /projects/bgmp/shared/2021_projects/Yu/BGMP_2021/seurat_pipeline/plots/test_pca_res --npcs 60 --res 0.5 --out PC_60_res_0.5 --group timepoint --split timepoint"
	User time (seconds): 162.95
	System time (seconds): 6.86
	Percent of CPU this job got: 99%
	Elapsed (wall clock) time (h:mm:ss or m:ss): 2:50.29
	Average shared text size (kbytes): 0
	Average unshared data size (kbytes): 0
	Average stack size (kbytes): 0
	Average total size (kbytes): 0
	Maximum resident set size (kbytes): 10970976
	Average resident set size (kbytes): 0
	Major (requiring I/O) page faults: 0
	Minor (reclaiming a frame) page faults: 1469649
	Voluntary context switches: 5409
	Involuntary context switches: 477
	Swaps: 0
	File system inputs: 0
	File system outputs: 71440
	Socket messages sent: 0
	Socket messages received: 0
	Signals delivered: 0
	Page size (bytes): 4096
	Exit status: 0
Attaching SeuratObject
Registered S3 method overwritten by 'cli':
  method     from         
  print.boxx spatstat.geom
── Attaching packages ─────────────────────────────────────── tidyverse 1.3.1 ──
✔ ggplot2 3.3.5     ✔ purrr   0.3.4
✔ tibble  3.1.5     ✔ dplyr   1.0.7
✔ tidyr   1.1.4     ✔ stringr 1.4.0
✔ readr   2.0.2     ✔ forcats 0.5.1
── Conflicts ────────────────────────────────────────── tidyverse_conflicts() ──
✖ dplyr::filter() masks stats::filter()
✖ dplyr::lag()    masks stats::lag()
Warning: The default method for RunUMAP has changed from calling Python UMAP via reticulate to the R-native UWOT using the cosine metric
To use Python UMAP via reticulate, set umap.method to 'umap-learn' and metric to 'correlation'
This message will be shown once per session
20:15:46 UMAP embedding parameters a = 0.9922 b = 1.112
20:15:46 Read 37730 rows and found 60 numeric columns
20:15:46 Using Annoy for neighbor search, n_neighbors = 30
20:15:46 Building Annoy index with metric = cosine, n_trees = 50
0%   10   20   30   40   50   60   70   80   90   100%
[----|----|----|----|----|----|----|----|----|----|
**************************************************|
20:15:51 Writing NN index file to temp file /tmp/Rtmp2GBUAR/file1fc79d90b07d
20:15:51 Searching Annoy index using 1 thread, search_k = 3000
20:16:02 Annoy recall = 100%
20:16:02 Commencing smooth kNN distance calibration using 1 thread
20:16:04 Initializing from normalized Laplacian + noise
20:16:09 Commencing optimization for 200 epochs, with 1798460 positive edges
0%   10   20   30   40   50   60   70   80   90   100%
[----|----|----|----|----|----|----|----|----|----|
**************************************************|
20:16:55 Optimization finished
Computing nearest neighbor graph
Computing SNN
0%   10   20   30   40   50   60   70   80   90   100%
[----|----|----|----|----|----|----|----|----|----|
**************************************************|
Saving 7 x 7 in image
Saving 7 x 7 in image
	Command being timed: "Rscript PCA_UMAP.R /projects/bgmp/shared/2021_projects/Yu/BGMP_2021/seurat_pipeline/combined_kb_filtered.rds /projects/bgmp/shared/2021_projects/Yu/BGMP_2021/seurat_pipeline/plots/test_pca_res --npcs 60 --res 0.7 --out PC_60_res_0.7 --group timepoint --split timepoint"
	User time (seconds): 161.79
	System time (seconds): 6.78
	Percent of CPU this job got: 99%
	Elapsed (wall clock) time (h:mm:ss or m:ss): 2:49.05
	Average shared text size (kbytes): 0
	Average unshared data size (kbytes): 0
	Average stack size (kbytes): 0
	Average total size (kbytes): 0
	Maximum resident set size (kbytes): 10970976
	Average resident set size (kbytes): 0
	Major (requiring I/O) page faults: 0
	Minor (reclaiming a frame) page faults: 1449925
	Voluntary context switches: 5581
	Involuntary context switches: 496
	Swaps: 0
	File system inputs: 0
	File system outputs: 71440
	Socket messages sent: 0
	Socket messages received: 0
	Signals delivered: 0
	Page size (bytes): 4096
	Exit status: 0
Attaching SeuratObject
Registered S3 method overwritten by 'cli':
  method     from         
  print.boxx spatstat.geom
── Attaching packages ─────────────────────────────────────── tidyverse 1.3.1 ──
✔ ggplot2 3.3.5     ✔ purrr   0.3.4
✔ tibble  3.1.5     ✔ dplyr   1.0.7
✔ tidyr   1.1.4     ✔ stringr 1.4.0
✔ readr   2.0.2     ✔ forcats 0.5.1
── Conflicts ────────────────────────────────────────── tidyverse_conflicts() ──
✖ dplyr::filter() masks stats::filter()
✖ dplyr::lag()    masks stats::lag()
Warning: The default method for RunUMAP has changed from calling Python UMAP via reticulate to the R-native UWOT using the cosine metric
To use Python UMAP via reticulate, set umap.method to 'umap-learn' and metric to 'correlation'
This message will be shown once per session
20:18:36 UMAP embedding parameters a = 0.9922 b = 1.112
20:18:36 Read 37730 rows and found 60 numeric columns
20:18:36 Using Annoy for neighbor search, n_neighbors = 30
20:18:36 Building Annoy index with metric = cosine, n_trees = 50
0%   10   20   30   40   50   60   70   80   90   100%
[----|----|----|----|----|----|----|----|----|----|
**************************************************|
20:18:40 Writing NN index file to temp file /tmp/RtmpImF2rZ/file1fdb762095b16
20:18:40 Searching Annoy index using 1 thread, search_k = 3000
20:18:51 Annoy recall = 100%
20:18:51 Commencing smooth kNN distance calibration using 1 thread
20:18:53 Initializing from normalized Laplacian + noise
20:18:59 Commencing optimization for 200 epochs, with 1798460 positive edges
0%   10   20   30   40   50   60   70   80   90   100%
[----|----|----|----|----|----|----|----|----|----|
**************************************************|
20:19:44 Optimization finished
Computing nearest neighbor graph
Computing SNN
0%   10   20   30   40   50   60   70   80   90   100%
[----|----|----|----|----|----|----|----|----|----|
**************************************************|
Saving 7 x 7 in image
Saving 7 x 7 in image
	Command being timed: "Rscript PCA_UMAP.R /projects/bgmp/shared/2021_projects/Yu/BGMP_2021/seurat_pipeline/combined_kb_filtered.rds /projects/bgmp/shared/2021_projects/Yu/BGMP_2021/seurat_pipeline/plots/test_pca_res --npcs 60 --res 0.9 --out PC_60_res_0.9 --group timepoint --split timepoint"
	User time (seconds): 161.66
	System time (seconds): 6.92
	Percent of CPU this job got: 99%
	Elapsed (wall clock) time (h:mm:ss or m:ss): 2:49.05
	Average shared text size (kbytes): 0
	Average unshared data size (kbytes): 0
	Average stack size (kbytes): 0
	Average total size (kbytes): 0
	Maximum resident set size (kbytes): 10970976
	Average resident set size (kbytes): 0
	Major (requiring I/O) page faults: 0
	Minor (reclaiming a frame) page faults: 1469149
	Voluntary context switches: 5409
	Involuntary context switches: 497
	Swaps: 0
	File system inputs: 0
	File system outputs: 71440
	Socket messages sent: 0
	Socket messages received: 0
	Signals delivered: 0
	Page size (bytes): 4096
	Exit status: 0
Attaching SeuratObject
Registered S3 method overwritten by 'cli':
  method     from         
  print.boxx spatstat.geom
── Attaching packages ─────────────────────────────────────── tidyverse 1.3.1 ──
✔ ggplot2 3.3.5     ✔ purrr   0.3.4
✔ tibble  3.1.5     ✔ dplyr   1.0.7
✔ tidyr   1.1.4     ✔ stringr 1.4.0
✔ readr   2.0.2     ✔ forcats 0.5.1
── Conflicts ────────────────────────────────────────── tidyverse_conflicts() ──
✖ dplyr::filter() masks stats::filter()
✖ dplyr::lag()    masks stats::lag()
Warning: The default method for RunUMAP has changed from calling Python UMAP via reticulate to the R-native UWOT using the cosine metric
To use Python UMAP via reticulate, set umap.method to 'umap-learn' and metric to 'correlation'
This message will be shown once per session
20:21:25 UMAP embedding parameters a = 0.9922 b = 1.112
20:21:25 Read 37730 rows and found 60 numeric columns
20:21:25 Using Annoy for neighbor search, n_neighbors = 30
20:21:25 Building Annoy index with metric = cosine, n_trees = 50
0%   10   20   30   40   50   60   70   80   90   100%
[----|----|----|----|----|----|----|----|----|----|
**************************************************|
20:21:29 Writing NN index file to temp file /tmp/RtmpXVZ5Cj/file1ff5919318a67
20:21:29 Searching Annoy index using 1 thread, search_k = 3000
20:21:40 Annoy recall = 100%
20:21:41 Commencing smooth kNN distance calibration using 1 thread
20:21:42 Initializing from normalized Laplacian + noise
20:21:48 Commencing optimization for 200 epochs, with 1798460 positive edges
0%   10   20   30   40   50   60   70   80   90   100%
[----|----|----|----|----|----|----|----|----|----|
**************************************************|
20:22:33 Optimization finished
Computing nearest neighbor graph
Computing SNN
0%   10   20   30   40   50   60   70   80   90   100%
[----|----|----|----|----|----|----|----|----|----|
**************************************************|
Saving 7 x 7 in image
Saving 7 x 7 in image
	Command being timed: "Rscript PCA_UMAP.R /projects/bgmp/shared/2021_projects/Yu/BGMP_2021/seurat_pipeline/combined_kb_filtered.rds /projects/bgmp/shared/2021_projects/Yu/BGMP_2021/seurat_pipeline/plots/test_pca_res --npcs 60 --res 0.12 --out PC_60_res_0.12 --group timepoint --split timepoint"
	User time (seconds): 162.74
	System time (seconds): 6.90
	Percent of CPU this job got: 99%
	Elapsed (wall clock) time (h:mm:ss or m:ss): 2:50.13
	Average shared text size (kbytes): 0
	Average unshared data size (kbytes): 0
	Average stack size (kbytes): 0
	Average total size (kbytes): 0
	Maximum resident set size (kbytes): 10970976
	Average resident set size (kbytes): 0
	Major (requiring I/O) page faults: 0
	Minor (reclaiming a frame) page faults: 1449824
	Voluntary context switches: 5639
	Involuntary context switches: 510
	Swaps: 0
	File system inputs: 0
	File system outputs: 71440
	Socket messages sent: 0
	Socket messages received: 0
	Signals delivered: 0
	Page size (bytes): 4096
	Exit status: 0
