Modularity Optimizer version 1.3.0 by Ludo Waltman and Nees Jan van Eck

Number of nodes: 37730
Number of edges: 1418278

Running Louvain algorithm...
Maximum modularity in 10 random starts: 0.9223
Number of communities: 17
Elapsed time: 8 seconds
Modularity Optimizer version 1.3.0 by Ludo Waltman and Nees Jan van Eck

Number of nodes: 37730
Number of edges: 1418278

Running Louvain algorithm...
Maximum modularity in 10 random starts: 0.9071
Number of communities: 22
Elapsed time: 7 seconds
Modularity Optimizer version 1.3.0 by Ludo Waltman and Nees Jan van Eck

Number of nodes: 37730
Number of edges: 1418278

Running Louvain algorithm...
Maximum modularity in 10 random starts: 0.8957
Number of communities: 26
Elapsed time: 6 seconds
Modularity Optimizer version 1.3.0 by Ludo Waltman and Nees Jan van Eck

Number of nodes: 37730
Number of edges: 1418278

Running Louvain algorithm...
Maximum modularity in 10 random starts: 0.9640
Number of communities: 12
Elapsed time: 7 seconds
Modularity Optimizer version 1.3.0 by Ludo Waltman and Nees Jan van Eck

Number of nodes: 37730
Number of edges: 1506386

Running Louvain algorithm...
Maximum modularity in 10 random starts: 0.9289
Number of communities: 21
Elapsed time: 8 seconds
Modularity Optimizer version 1.3.0 by Ludo Waltman and Nees Jan van Eck

Number of nodes: 37730
Number of edges: 1506386

Running Louvain algorithm...
Maximum modularity in 10 random starts: 0.9169
Number of communities: 24
Elapsed time: 7 seconds
Modularity Optimizer version 1.3.0 by Ludo Waltman and Nees Jan van Eck

Number of nodes: 37730
Number of edges: 1506386

Running Louvain algorithm...
Maximum modularity in 10 random starts: 0.9058
Number of communities: 29
Elapsed time: 7 seconds
Modularity Optimizer version 1.3.0 by Ludo Waltman and Nees Jan van Eck

Number of nodes: 37730
Number of edges: 1506386

Running Louvain algorithm...
Maximum modularity in 10 random starts: 0.9641
Number of communities: 12
Elapsed time: 11 seconds
Modularity Optimizer version 1.3.0 by Ludo Waltman and Nees Jan van Eck

Number of nodes: 37730
Number of edges: 1821458

Running Louvain algorithm...
Maximum modularity in 10 random starts: 0.9311
Number of communities: 24
Elapsed time: 8 seconds
Modularity Optimizer version 1.3.0 by Ludo Waltman and Nees Jan van Eck

Number of nodes: 37730
Number of edges: 1821458

Running Louvain algorithm...
Maximum modularity in 10 random starts: 0.9194
Number of communities: 28
Elapsed time: 8 seconds
Modularity Optimizer version 1.3.0 by Ludo Waltman and Nees Jan van Eck

Number of nodes: 37730
Number of edges: 1821458

Running Louvain algorithm...
Maximum modularity in 10 random starts: 0.9087
Number of communities: 33
Elapsed time: 8 seconds
Modularity Optimizer version 1.3.0 by Ludo Waltman and Nees Jan van Eck

Number of nodes: 37730
Number of edges: 1821458

Running Louvain algorithm...
Maximum modularity in 10 random starts: 0.9656
Number of communities: 13
Elapsed time: 9 seconds
Modularity Optimizer version 1.3.0 by Ludo Waltman and Nees Jan van Eck

Number of nodes: 37730
Number of edges: 2357958

Running Louvain algorithm...
Maximum modularity in 10 random starts: 0.9235
Number of communities: 25
Elapsed time: 9 seconds
Modularity Optimizer version 1.3.0 by Ludo Waltman and Nees Jan van Eck

Number of nodes: 37730
Number of edges: 2357958

Running Louvain algorithm...
Maximum modularity in 10 random starts: 0.9109
Number of communities: 28
Elapsed time: 9 seconds
Modularity Optimizer version 1.3.0 by Ludo Waltman and Nees Jan van Eck

Number of nodes: 37730
Number of edges: 2357958

Running Louvain algorithm...
Maximum modularity in 10 random starts: 0.9003
Number of communities: 32
Elapsed time: 9 seconds
Modularity Optimizer version 1.3.0 by Ludo Waltman and Nees Jan van Eck

Number of nodes: 37730
Number of edges: 2357958

Running Louvain algorithm...
Maximum modularity in 10 random starts: 0.9619
Number of communities: 16
Elapsed time: 10 seconds
