Attaching SeuratObject
Registered S3 method overwritten by 'cli':
  method     from         
  print.boxx spatstat.geom
── Attaching packages ─────────────────────────────────────── tidyverse 1.3.1 ──
✔ ggplot2 3.3.5     ✔ purrr   0.3.4
✔ tibble  3.1.5     ✔ dplyr   1.0.7
✔ tidyr   1.1.4     ✔ stringr 1.4.0
✔ readr   2.0.2     ✔ forcats 0.5.1
── Conflicts ────────────────────────────────────────── tidyverse_conflicts() ──
✖ dplyr::filter() masks stats::filter()
✖ dplyr::lag()    masks stats::lag()
Rows: 10 Columns: 2
── Column specification ────────────────────────────────────────────────────────
Delimiter: ","
chr (2): Timepoint, Sample

ℹ Use `spec()` to retrieve the full column specification for this data.
ℹ Specify the column types or set `show_col_types = FALSE` to quiet this message.
	Command being timed: "Rscript QC_subset.R /projects/bgmp/shared/2021_projects/Yu/BGMP_2021/seurat_pipeline/kb_rds /projects/bgmp/shared/2021_projects/Yu/BGMP_2021/seurat_pipeline/kb_rds_filtered /projects/bgmp/nelphick/bioinfo/Yu_project/Yu_Project_2021/data/timepoints.csv 10000 200 7"
	User time (seconds): 68.56
	System time (seconds): 1.63
	Percent of CPU this job got: 99%
	Elapsed (wall clock) time (h:mm:ss or m:ss): 1:10.68
	Average shared text size (kbytes): 0
	Average unshared data size (kbytes): 0
	Average stack size (kbytes): 0
	Average total size (kbytes): 0
	Maximum resident set size (kbytes): 2734236
	Average resident set size (kbytes): 0
	Major (requiring I/O) page faults: 0
	Minor (reclaiming a frame) page faults: 409643
	Voluntary context switches: 5668
	Involuntary context switches: 251
	Swaps: 0
	File system inputs: 0
	File system outputs: 0
	Socket messages sent: 0
	Socket messages received: 0
	Signals delivered: 0
	Page size (bytes): 4096
	Exit status: 0
