[2021-10-31 14:55:34,379]    INFO [ref] Preparing /projects/bgmp/shared/2021_projects/Yu/mus_musculus/Mus_musculus.GRCm39.dna.primary_assembly.fa, /projects/bgmp/shared/2021_projects/Yu/mus_musculus/Mus_musculus.GRCm39.104.gtf
[2021-10-31 14:56:13,131]    INFO [ref] Splitting genome /projects/bgmp/shared/2021_projects/Yu/mus_musculus/Mus_musculus.GRCm39.dna.primary_assembly.fa into cDNA at /gpfs/projects/bgmp/nelphick/bioinfo/Yu_project/Yu_Project_2021/Preprocessing/kallisto_bustools/kb_ref/tmp/tmpmqdhshxw
[2021-10-31 14:56:45,068]    INFO [ref] Concatenating 1 cDNAs to /projects/bgmp/shared/2021_projects/Yu/kb_ref_index/cdna.fa
[2021-10-31 14:56:45,502]    INFO [ref] Creating transcript-to-gene mapping at /projects/bgmp/shared/2021_projects/Yu/kb_ref_index/transcripts_to_genes.txt
[2021-10-31 14:56:46,923]    INFO [ref] Indexing /projects/bgmp/shared/2021_projects/Yu/kb_ref_index/cdna.fa to /projects/bgmp/shared/2021_projects/Yu/kb_ref_index/transcriptome.idx
	Command being timed: "kb ref -i /projects/bgmp/shared/2021_projects/Yu/kb_ref_index/transcriptome.idx -g /projects/bgmp/shared/2021_projects/Yu/kb_ref_index/transcripts_to_genes.txt -f1 /projects/bgmp/shared/2021_projects/Yu/kb_ref_index/cdna.fa /projects/bgmp/shared/2021_projects/Yu/mus_musculus/Mus_musculus.GRCm39.dna.primary_assembly.fa /projects/bgmp/shared/2021_projects/Yu/mus_musculus/Mus_musculus.GRCm39.104.gtf"
	User time (seconds): 360.64
	System time (seconds): 7.12
	Percent of CPU this job got: 95%
	Elapsed (wall clock) time (h:mm:ss or m:ss): 6:25.04
	Average shared text size (kbytes): 0
	Average unshared data size (kbytes): 0
	Average stack size (kbytes): 0
	Average total size (kbytes): 0
	Maximum resident set size (kbytes): 5042296
	Average resident set size (kbytes): 0
	Major (requiring I/O) page faults: 0
	Minor (reclaiming a frame) page faults: 1696754
	Voluntary context switches: 10848
	Involuntary context switches: 190
	Swaps: 0
	File system inputs: 0
	File system outputs: 0
	Socket messages sent: 0
	Socket messages received: 0
	Signals delivered: 0
	Page size (bytes): 4096
	Exit status: 0
