[2021-10-23 17:44:45,742]    INFO [ref] Preparing /projects/bgmp/shared/2021_projects/Yu/mus_musculus/Mus_musculus.GRCm39.dna.primary_assembly.fa, /projects/bgmp/shared/2021_projects/Yu/mus_musculus/Mus_musculus.GRCm39.104.gtf
[2021-10-23 17:45:20,747]    INFO [ref] Splitting genome /projects/bgmp/shared/2021_projects/Yu/mus_musculus/Mus_musculus.GRCm39.dna.primary_assembly.fa into cDNA at /gpfs/projects/bgmp/nelphick/bioinfo/Yu_project/kallisto/tmp/tmpx6s1stv2
[2021-10-23 17:45:48,501]    INFO [ref] Concatenating 1 cDNAs to /projects/bgmp/nelphick/bioinfo/Yu_project/kallisto/mus_musculus_index/cdna.fa
[2021-10-23 17:45:48,933]    INFO [ref] Creating transcript-to-gene mapping at /projects/bgmp/nelphick/bioinfo/Yu_project/kallisto/mus_musculus_index/transcripts_to_genes.txt
[2021-10-23 17:45:50,199]    INFO [ref] Indexing /projects/bgmp/nelphick/bioinfo/Yu_project/kallisto/mus_musculus_index/cdna.fa to /projects/bgmp/nelphick/bioinfo/Yu_project/kallisto/mus_musculus_index/transcriptome.idx
	Command being timed: "kb ref -i /projects/bgmp/nelphick/bioinfo/Yu_project/kallisto/mus_musculus_index/transcriptome.idx -g /projects/bgmp/nelphick/bioinfo/Yu_project/kallisto/mus_musculus_index/transcripts_to_genes.txt -f1 /projects/bgmp/nelphick/bioinfo/Yu_project/kallisto/mus_musculus_index/cdna.fa /projects/bgmp/shared/2021_projects/Yu/mus_musculus/Mus_musculus.GRCm39.dna.primary_assembly.fa /projects/bgmp/shared/2021_projects/Yu/mus_musculus/Mus_musculus.GRCm39.104.gtf"
	User time (seconds): 355.27
	System time (seconds): 8.68
	Percent of CPU this job got: 96%
	Elapsed (wall clock) time (h:mm:ss or m:ss): 6:19.00
	Average shared text size (kbytes): 0
	Average unshared data size (kbytes): 0
	Average stack size (kbytes): 0
	Average total size (kbytes): 0
	Maximum resident set size (kbytes): 5042292
	Average resident set size (kbytes): 0
	Major (requiring I/O) page faults: 0
	Minor (reclaiming a frame) page faults: 1860487
	Voluntary context switches: 9352
	Involuntary context switches: 422
	Swaps: 0
	File system inputs: 0
	File system outputs: 0
	Socket messages sent: 0
	Socket messages received: 0
	Signals delivered: 0
	Page size (bytes): 4096
	Exit status: 0
